{"contracts/access/AccessRestriction.sol":{"l":{"24":334,"25":334,"27":334,"29":334,"30":334,"35":5,"36":5,"40":0,"44":279,"48":2375,"52":2643,"56":503,"60":0,"64":5,"68":0,"72":62,"76":130,"80":1,"84":51,"91":119,"95":189,"99":253,"103":99,"107":99,"111":0,"115":132,"119":0,"123":157,"127":137,"134":0,"141":132,"151":37,"160":30},"path":"/home/smuggler/contract/contracts/access/AccessRestriction.sol","s":{"1":334,"2":334,"3":334,"4":334,"5":334,"6":5,"7":0,"8":279,"9":2375,"10":2643,"11":503,"12":0,"13":5,"14":0,"15":62,"16":130,"17":1,"18":51,"19":119,"20":189,"21":253,"22":99,"23":99,"24":0,"25":132,"26":0,"27":157,"28":137,"29":0,"30":132,"31":37,"32":30},"b":{"1":[334,0],"2":[5,0],"3":[0,0],"4":[2237,138],"5":[493,10],"6":[0,0],"7":[58,4],"8":[1,0],"9":[49,2],"10":[179,10],"11":[81,18],"12":[0,0],"13":[0,0],"14":[137,0],"15":[0,0],"16":[128,4],"17":[35,2],"18":[30,0]},"f":{"1":334,"2":5,"3":0,"4":279,"5":2375,"6":2643,"7":503,"8":0,"9":5,"10":0,"11":62,"12":130,"13":1,"14":51,"15":119,"16":189,"17":253,"18":99,"19":99,"20":0,"21":132,"22":0,"23":157,"24":137,"25":0,"26":132,"27":37,"28":30},"fnMap":{"1":{"name":"initialize","line":23,"loc":{"start":{"line":23,"column":4},"end":{"line":32,"column":4}}},"2":{"name":"onlyAdmin","line":34,"loc":{"start":{"line":34,"column":4},"end":{"line":37,"column":4}}},"3":{"name":"ifPlanter","line":39,"loc":{"start":{"line":39,"column":4},"end":{"line":41,"column":4}}},"4":{"name":"isPlanter","line":43,"loc":{"start":{"line":43,"column":4},"end":{"line":45,"column":4}}},"5":{"name":"ifAdmin","line":47,"loc":{"start":{"line":47,"column":4},"end":{"line":49,"column":4}}},"6":{"name":"isAdmin","line":51,"loc":{"start":{"line":51,"column":4},"end":{"line":53,"column":4}}},"7":{"name":"ifNotPaused","line":55,"loc":{"start":{"line":55,"column":4},"end":{"line":57,"column":4}}},"8":{"name":"ifPaused","line":59,"loc":{"start":{"line":59,"column":4},"end":{"line":61,"column":4}}},"9":{"name":"pause","line":63,"loc":{"start":{"line":63,"column":4},"end":{"line":65,"column":4}}},"10":{"name":"unpause","line":67,"loc":{"start":{"line":67,"column":4},"end":{"line":69,"column":4}}},"11":{"name":"ifAuction","line":71,"loc":{"start":{"line":71,"column":4},"end":{"line":73,"column":4}}},"12":{"name":"isAuction","line":75,"loc":{"start":{"line":75,"column":4},"end":{"line":77,"column":4}}},"13":{"name":"ifIncrementalSell","line":79,"loc":{"start":{"line":79,"column":4},"end":{"line":81,"column":4}}},"14":{"name":"ifIncrementalSellOrAuction","line":83,"loc":{"start":{"line":83,"column":4},"end":{"line":88,"column":4}}},"15":{"name":"isIncrementalSell","line":90,"loc":{"start":{"line":90,"column":4},"end":{"line":92,"column":4}}},"16":{"name":"ifTreeFactory","line":94,"loc":{"start":{"line":94,"column":4},"end":{"line":96,"column":4}}},"17":{"name":"isTreeFactory","line":98,"loc":{"start":{"line":98,"column":4},"end":{"line":100,"column":4}}},"18":{"name":"ifRegularSell","line":102,"loc":{"start":{"line":102,"column":4},"end":{"line":104,"column":4}}},"19":{"name":"isRegularSell","line":106,"loc":{"start":{"line":106,"column":4},"end":{"line":108,"column":4}}},"20":{"name":"ifFunds","line":110,"loc":{"start":{"line":110,"column":4},"end":{"line":112,"column":4}}},"21":{"name":"isFunds","line":114,"loc":{"start":{"line":114,"column":4},"end":{"line":116,"column":4}}},"22":{"name":"ifCommunityGifts","line":118,"loc":{"start":{"line":118,"column":4},"end":{"line":120,"column":4}}},"23":{"name":"isCommunityGifts","line":122,"loc":{"start":{"line":122,"column":4},"end":{"line":124,"column":4}}},"24":{"name":"ifAdminOrCommunityGifts","line":126,"loc":{"start":{"line":126,"column":4},"end":{"line":131,"column":4}}},"25":{"name":"ifAuctionOrCommunityGifts","line":133,"loc":{"start":{"line":133,"column":4},"end":{"line":138,"column":4}}},"26":{"name":"ifFundsOrCommunityGifts","line":140,"loc":{"start":{"line":140,"column":4},"end":{"line":145,"column":4}}},"27":{"name":"ifIncrementalSellOrAuctionOrCommunityGifts","line":147,"loc":{"start":{"line":147,"column":4},"end":{"line":157,"column":4}}},"28":{"name":"ifIncrementalOrCommunityGifts","line":159,"loc":{"start":{"line":159,"column":4},"end":{"line":164,"column":4}}}},"statementMap":{"1":{"start":{"line":24,"column":8},"end":{"line":24,"column":54}},"2":{"start":{"line":25,"column":8},"end":{"line":25,"column":44}},"3":{"start":{"line":27,"column":8},"end":{"line":27,"column":33}},"4":{"start":{"line":29,"column":8},"end":{"line":29,"column":1260}},"5":{"start":{"line":30,"column":12},"end":{"line":30,"column":52}},"6":{"start":{"line":35,"column":8},"end":{"line":35,"column":78}},"7":{"start":{"line":40,"column":8},"end":{"line":40,"column":62}},"8":{"start":{"line":44,"column":8},"end":{"line":44,"column":46}},"9":{"start":{"line":48,"column":8},"end":{"line":48,"column":56}},"10":{"start":{"line":52,"column":8},"end":{"line":52,"column":52}},"11":{"start":{"line":56,"column":8},"end":{"line":56,"column":45}},"12":{"start":{"line":60,"column":8},"end":{"line":60,"column":48}},"13":{"start":{"line":64,"column":8},"end":{"line":64,"column":15}},"14":{"start":{"line":68,"column":8},"end":{"line":68,"column":17}},"15":{"start":{"line":72,"column":8},"end":{"line":72,"column":60}},"16":{"start":{"line":76,"column":8},"end":{"line":76,"column":46}},"17":{"start":{"line":80,"column":8},"end":{"line":80,"column":76}},"18":{"start":{"line":84,"column":8},"end":{"line":84,"column":2822}},"19":{"start":{"line":91,"column":8},"end":{"line":91,"column":55}},"20":{"start":{"line":95,"column":8},"end":{"line":95,"column":68}},"21":{"start":{"line":99,"column":8},"end":{"line":99,"column":51}},"22":{"start":{"line":103,"column":8},"end":{"line":103,"column":68}},"23":{"start":{"line":107,"column":8},"end":{"line":107,"column":51}},"24":{"start":{"line":111,"column":8},"end":{"line":111,"column":56}},"25":{"start":{"line":115,"column":8},"end":{"line":115,"column":44}},"26":{"start":{"line":119,"column":8},"end":{"line":119,"column":74}},"27":{"start":{"line":123,"column":8},"end":{"line":123,"column":54}},"28":{"start":{"line":127,"column":8},"end":{"line":127,"column":4245}},"29":{"start":{"line":134,"column":8},"end":{"line":134,"column":4454}},"30":{"start":{"line":141,"column":8},"end":{"line":141,"column":4665}},"31":{"start":{"line":151,"column":8},"end":{"line":151,"column":4912}},"32":{"start":{"line":160,"column":8},"end":{"line":160,"column":5212}}},"branchMap":{"1":{"line":29,"type":"if","locations":[{"start":{"line":29,"column":8},"end":{"line":29,"column":8}},{"start":{"line":29,"column":8},"end":{"line":29,"column":8}}]},"2":{"line":35,"type":"if","locations":[{"start":{"line":35,"column":8},"end":{"line":35,"column":8}},{"start":{"line":35,"column":8},"end":{"line":35,"column":8}}]},"3":{"line":40,"type":"if","locations":[{"start":{"line":40,"column":8},"end":{"line":40,"column":8}},{"start":{"line":40,"column":8},"end":{"line":40,"column":8}}]},"4":{"line":48,"type":"if","locations":[{"start":{"line":48,"column":8},"end":{"line":48,"column":8}},{"start":{"line":48,"column":8},"end":{"line":48,"column":8}}]},"5":{"line":56,"type":"if","locations":[{"start":{"line":56,"column":8},"end":{"line":56,"column":8}},{"start":{"line":56,"column":8},"end":{"line":56,"column":8}}]},"6":{"line":60,"type":"if","locations":[{"start":{"line":60,"column":8},"end":{"line":60,"column":8}},{"start":{"line":60,"column":8},"end":{"line":60,"column":8}}]},"7":{"line":72,"type":"if","locations":[{"start":{"line":72,"column":8},"end":{"line":72,"column":8}},{"start":{"line":72,"column":8},"end":{"line":72,"column":8}}]},"8":{"line":80,"type":"if","locations":[{"start":{"line":80,"column":8},"end":{"line":80,"column":8}},{"start":{"line":80,"column":8},"end":{"line":80,"column":8}}]},"9":{"line":84,"type":"if","locations":[{"start":{"line":84,"column":8},"end":{"line":84,"column":8}},{"start":{"line":84,"column":8},"end":{"line":84,"column":8}}]},"10":{"line":95,"type":"if","locations":[{"start":{"line":95,"column":8},"end":{"line":95,"column":8}},{"start":{"line":95,"column":8},"end":{"line":95,"column":8}}]},"11":{"line":103,"type":"if","locations":[{"start":{"line":103,"column":8},"end":{"line":103,"column":8}},{"start":{"line":103,"column":8},"end":{"line":103,"column":8}}]},"12":{"line":111,"type":"if","locations":[{"start":{"line":111,"column":8},"end":{"line":111,"column":8}},{"start":{"line":111,"column":8},"end":{"line":111,"column":8}}]},"13":{"line":119,"type":"if","locations":[{"start":{"line":119,"column":8},"end":{"line":119,"column":8}},{"start":{"line":119,"column":8},"end":{"line":119,"column":8}}]},"14":{"line":127,"type":"if","locations":[{"start":{"line":127,"column":8},"end":{"line":127,"column":8}},{"start":{"line":127,"column":8},"end":{"line":127,"column":8}}]},"15":{"line":134,"type":"if","locations":[{"start":{"line":134,"column":8},"end":{"line":134,"column":8}},{"start":{"line":134,"column":8},"end":{"line":134,"column":8}}]},"16":{"line":141,"type":"if","locations":[{"start":{"line":141,"column":8},"end":{"line":141,"column":8}},{"start":{"line":141,"column":8},"end":{"line":141,"column":8}}]},"17":{"line":151,"type":"if","locations":[{"start":{"line":151,"column":8},"end":{"line":151,"column":8}},{"start":{"line":151,"column":8},"end":{"line":151,"column":8}}]},"18":{"line":160,"type":"if","locations":[{"start":{"line":160,"column":8},"end":{"line":160,"column":8}},{"start":{"line":160,"column":8},"end":{"line":160,"column":8}}]}}},"contracts/access/IAccessRestriction.sol":{"l":{},"path":"/home/smuggler/contract/contracts/access/IAccessRestriction.sol","s":{},"b":{},"f":{},"fnMap":{},"statementMap":{},"branchMap":{}},"contracts/auction/ITreeAuction.sol":{"l":{},"path":"/home/smuggler/contract/contracts/auction/ITreeAuction.sol","s":{},"b":{},"f":{},"fnMap":{},"statementMap":{},"branchMap":{}},"contracts/auction/TreeAuction.sol":{"l":{"61":221,"62":211,"66":136,"67":128,"75":110,"78":110,"79":110,"80":110,"89":1,"98":48,"99":48,"100":48,"109":60,"110":60,"111":60,"120":31,"121":31,"122":31,"131":22,"132":22,"153":49,"158":41,"160":39,"162":31,"164":31,"165":31,"166":31,"167":31,"168":31,"170":31,"172":31,"182":53,"184":53,"189":51,"194":47,"199":31,"204":29,"206":29,"207":29,"209":29,"210":29,"212":29,"219":29,"220":29,"228":22,"230":22,"232":20,"234":8,"235":6,"237":6,"248":6,"261":6,"263":6,"270":2,"271":2,"274":8,"282":29,"283":10,"284":10,"296":29,"297":12},"path":"/home/smuggler/contract/contracts/auction/TreeAuction.sol","s":{"1":221,"2":136,"3":110,"4":110,"5":110,"6":110,"7":1,"8":48,"9":48,"10":48,"11":60,"12":60,"13":60,"14":31,"15":31,"16":31,"17":22,"18":22,"19":49,"20":41,"21":39,"22":31,"23":31,"24":31,"25":31,"26":31,"27":31,"28":31,"29":31,"30":53,"31":53,"32":51,"33":47,"34":31,"35":29,"36":29,"37":29,"38":29,"39":29,"40":29,"41":29,"42":29,"43":22,"44":22,"45":20,"46":8,"47":6,"48":6,"49":6,"50":6,"51":6,"52":2,"53":2,"54":29,"55":10,"56":10,"57":29,"58":12},"b":{"1":[110,0],"2":[48,0],"3":[60,0],"4":[31,0],"5":[41,8],"6":[31,8],"7":[51,2],"8":[47,4],"9":[31,16],"10":[29,2],"11":[20,2],"12":[8,12],"13":[6,2],"14":[10,19],"15":[12,17]},"f":{"1":221,"2":136,"3":110,"4":1,"5":48,"6":60,"7":31,"8":22,"9":49,"10":53,"11":22,"12":29,"13":29},"fnMap":{"1":{"name":"onlyAdmin","line":60,"loc":{"start":{"line":60,"column":4},"end":{"line":63,"column":4}}},"2":{"name":"ifNotPaused","line":65,"loc":{"start":{"line":65,"column":4},"end":{"line":68,"column":4}}},"3":{"name":"initialize","line":74,"loc":{"start":{"line":74,"column":4},"end":{"line":81,"column":4}}},"4":{"name":"setTrustedForwarder","line":88,"loc":{"start":{"line":88,"column":4},"end":{"line":90,"column":4}}},"5":{"name":"setTreeFactoryAddress","line":97,"loc":{"start":{"line":97,"column":4},"end":{"line":101,"column":4}}},"6":{"name":"setFinancialModelAddress","line":108,"loc":{"start":{"line":108,"column":4},"end":{"line":112,"column":4}}},"7":{"name":"setWethFundsAddress","line":119,"loc":{"start":{"line":119,"column":4},"end":{"line":123,"column":4}}},"8":{"name":"setWethTokenAddress","line":130,"loc":{"start":{"line":130,"column":4},"end":{"line":133,"column":4}}},"9":{"name":"createAuction","line":152,"loc":{"start":{"line":146,"column":4},"end":{"line":173,"column":4}}},"10":{"name":"bid","line":181,"loc":{"start":{"line":181,"column":4},"end":{"line":221,"column":4}}},"11":{"name":"endAuction","line":227,"loc":{"start":{"line":227,"column":4},"end":{"line":275,"column":4}}},"12":{"name":"_increaseAuctionEndTime","line":281,"loc":{"start":{"line":281,"column":4},"end":{"line":289,"column":4}}},"13":{"name":"_withdraw","line":295,"loc":{"start":{"line":295,"column":4},"end":{"line":299,"column":4}}}},"statementMap":{"1":{"start":{"line":61,"column":8},"end":{"line":61,"column":46}},"2":{"start":{"line":66,"column":8},"end":{"line":66,"column":38}},"3":{"start":{"line":75,"column":8},"end":{"line":75,"column":2232}},"4":{"start":{"line":78,"column":8},"end":{"line":78,"column":55}},"5":{"start":{"line":79,"column":8},"end":{"line":79,"column":27}},"6":{"start":{"line":80,"column":8},"end":{"line":80,"column":44}},"7":{"start":{"line":89,"column":8},"end":{"line":89,"column":34}},"8":{"start":{"line":98,"column":8},"end":{"line":98,"column":63}},"9":{"start":{"line":99,"column":8},"end":{"line":99,"column":49}},"10":{"start":{"line":100,"column":8},"end":{"line":100,"column":38}},"11":{"start":{"line":109,"column":8},"end":{"line":109,"column":69}},"12":{"start":{"line":110,"column":8},"end":{"line":110,"column":52}},"13":{"start":{"line":111,"column":8},"end":{"line":111,"column":41}},"14":{"start":{"line":120,"column":8},"end":{"line":120,"column":59}},"15":{"start":{"line":121,"column":8},"end":{"line":121,"column":47}},"16":{"start":{"line":122,"column":8},"end":{"line":122,"column":36}},"17":{"start":{"line":131,"column":8},"end":{"line":131,"column":73}},"18":{"start":{"line":132,"column":8},"end":{"line":132,"column":36}},"19":{"start":{"line":153,"column":8},"end":{"line":153,"column":4871}},"20":{"start":{"line":158,"column":8},"end":{"line":158,"column":67}},"21":{"start":{"line":160,"column":8},"end":{"line":160,"column":63}},"22":{"start":{"line":162,"column":8},"end":{"line":162,"column":63}},"23":{"start":{"line":164,"column":8},"end":{"line":164,"column":31}},"24":{"start":{"line":165,"column":8},"end":{"line":165,"column":37}},"25":{"start":{"line":166,"column":8},"end":{"line":166,"column":33}},"26":{"start":{"line":167,"column":8},"end":{"line":167,"column":40}},"27":{"start":{"line":168,"column":8},"end":{"line":168,"column":41}},"28":{"start":{"line":170,"column":8},"end":{"line":170,"column":48}},"29":{"start":{"line":172,"column":8},"end":{"line":172,"column":28}},"30":{"start":{"line":182,"column":8},"end":{"line":182,"column":62}},"31":{"start":{"line":184,"column":8},"end":{"line":184,"column":5879}},"32":{"start":{"line":189,"column":8},"end":{"line":189,"column":6000}},"33":{"start":{"line":194,"column":8},"end":{"line":194,"column":6121}},"34":{"start":{"line":199,"column":8},"end":{"line":199,"column":6260}},"35":{"start":{"line":204,"column":8},"end":{"line":204,"column":67}},"36":{"start":{"line":206,"column":8},"end":{"line":206,"column":50}},"37":{"start":{"line":207,"column":8},"end":{"line":207,"column":51}},"38":{"start":{"line":209,"column":8},"end":{"line":209,"column":43}},"39":{"start":{"line":210,"column":8},"end":{"line":210,"column":44}},"40":{"start":{"line":212,"column":8},"end":{"line":212,"column":6654}},"41":{"start":{"line":219,"column":8},"end":{"line":219,"column":42}},"42":{"start":{"line":220,"column":8},"end":{"line":220,"column":35}},"43":{"start":{"line":228,"column":8},"end":{"line":228,"column":54}},"44":{"start":{"line":230,"column":8},"end":{"line":230,"column":61}},"45":{"start":{"line":232,"column":8},"end":{"line":232,"column":75}},"46":{"start":{"line":234,"column":8},"end":{"line":234,"column":7412}},"47":{"start":{"line":235,"column":12},"end":{"line":235,"column":69}},"48":{"start":{"line":237,"column":12},"end":{"line":237,"column":7592}},"49":{"start":{"line":248,"column":12},"end":{"line":248,"column":7915}},"50":{"start":{"line":261,"column":12},"end":{"line":261,"column":69}},"51":{"start":{"line":263,"column":12},"end":{"line":263,"column":8343}},"52":{"start":{"line":270,"column":12},"end":{"line":270,"column":57}},"53":{"start":{"line":271,"column":12},"end":{"line":271,"column":57}},"54":{"start":{"line":282,"column":8},"end":{"line":282,"column":8976}},"55":{"start":{"line":283,"column":12},"end":{"line":283,"column":46}},"56":{"start":{"line":284,"column":12},"end":{"line":284,"column":9103}},"57":{"start":{"line":296,"column":8},"end":{"line":296,"column":9437}},"58":{"start":{"line":297,"column":12},"end":{"line":297,"column":50}}},"branchMap":{"1":{"line":78,"type":"if","locations":[{"start":{"line":78,"column":8},"end":{"line":78,"column":8}},{"start":{"line":78,"column":8},"end":{"line":78,"column":8}}]},"2":{"line":99,"type":"if","locations":[{"start":{"line":99,"column":8},"end":{"line":99,"column":8}},{"start":{"line":99,"column":8},"end":{"line":99,"column":8}}]},"3":{"line":110,"type":"if","locations":[{"start":{"line":110,"column":8},"end":{"line":110,"column":8}},{"start":{"line":110,"column":8},"end":{"line":110,"column":8}}]},"4":{"line":121,"type":"if","locations":[{"start":{"line":121,"column":8},"end":{"line":121,"column":8}},{"start":{"line":121,"column":8},"end":{"line":121,"column":8}}]},"5":{"line":153,"type":"if","locations":[{"start":{"line":153,"column":8},"end":{"line":153,"column":8}},{"start":{"line":153,"column":8},"end":{"line":153,"column":8}}]},"6":{"line":160,"type":"if","locations":[{"start":{"line":160,"column":8},"end":{"line":160,"column":8}},{"start":{"line":160,"column":8},"end":{"line":160,"column":8}}]},"7":{"line":184,"type":"if","locations":[{"start":{"line":184,"column":8},"end":{"line":184,"column":8}},{"start":{"line":184,"column":8},"end":{"line":184,"column":8}}]},"8":{"line":189,"type":"if","locations":[{"start":{"line":189,"column":8},"end":{"line":189,"column":8}},{"start":{"line":189,"column":8},"end":{"line":189,"column":8}}]},"9":{"line":194,"type":"if","locations":[{"start":{"line":194,"column":8},"end":{"line":194,"column":8}},{"start":{"line":194,"column":8},"end":{"line":194,"column":8}}]},"10":{"line":199,"type":"if","locations":[{"start":{"line":199,"column":8},"end":{"line":199,"column":8}},{"start":{"line":199,"column":8},"end":{"line":199,"column":8}}]},"11":{"line":230,"type":"if","locations":[{"start":{"line":230,"column":8},"end":{"line":230,"column":8}},{"start":{"line":230,"column":8},"end":{"line":230,"column":8}}]},"12":{"line":232,"type":"if","locations":[{"start":{"line":232,"column":8},"end":{"line":232,"column":8}},{"start":{"line":232,"column":8},"end":{"line":232,"column":8}}]},"13":{"line":234,"type":"if","locations":[{"start":{"line":234,"column":8},"end":{"line":234,"column":8}},{"start":{"line":234,"column":8},"end":{"line":234,"column":8}}]},"14":{"line":282,"type":"if","locations":[{"start":{"line":282,"column":8},"end":{"line":282,"column":8}},{"start":{"line":282,"column":8},"end":{"line":282,"column":8}}]},"15":{"line":296,"type":"if","locations":[{"start":{"line":296,"column":8},"end":{"line":296,"column":8}},{"start":{"line":296,"column":8},"end":{"line":296,"column":8}}]}}},"contracts/communityGifts/CommunityGifts.sol":{"l":{"44":243,"45":227,"49":0,"50":0,"63":27,"67":27,"69":27,"70":27,"72":27,"73":27,"74":27,"83":1,"92":26,"93":26,"94":26,"103":26,"104":26,"105":26,"114":26,"115":26,"116":26,"123":14,"128":14,"132":112,"134":112,"135":110,"137":108,"138":107,"139":107,"141":1,"144":108,"146":108,"148":106,"152":12,"154":12,"155":10,"156":8,"158":6,"160":6,"162":6,"164":6,"166":6,"168":6,"170":6,"174":2,"178":9,"183":7,"185":7,"190":3,"192":3,"194":3,"196":3,"198":3,"200":3,"207":11,"208":11},"path":"/home/smuggler/contract/contracts/communityGifts/CommunityGifts.sol","s":{"1":243,"2":0,"3":27,"4":27,"5":27,"6":27,"7":27,"8":27,"9":27,"10":1,"11":26,"12":26,"13":26,"14":26,"15":26,"16":26,"17":26,"18":26,"19":26,"20":14,"21":14,"22":112,"23":112,"24":110,"25":108,"26":107,"27":107,"28":1,"29":108,"30":108,"31":106,"32":12,"33":12,"34":10,"35":8,"36":6,"37":6,"38":6,"39":6,"40":6,"41":6,"42":6,"43":2,"44":9,"45":7,"46":7,"47":3,"48":3,"49":3,"50":3,"51":3,"52":3,"53":11,"54":11},"b":{"1":[27,0],"2":[26,0],"3":[26,0],"4":[26,0],"5":[12,2],"6":[110,2],"7":[108,2],"8":[107,1],"9":[10,2],"10":[8,2],"11":[6,2],"12":[7,2],"13":[7,0],"14":[3,4]},"f":{"1":243,"2":0,"3":27,"4":1,"5":26,"6":26,"7":26,"8":14,"9":112,"10":12,"11":2,"12":9,"13":11},"fnMap":{"1":{"name":"onlyAdmin","line":43,"loc":{"start":{"line":43,"column":4},"end":{"line":46,"column":4}}},"2":{"name":"ifNotPaused","line":48,"loc":{"start":{"line":48,"column":4},"end":{"line":51,"column":4}}},"3":{"name":"initialize","line":62,"loc":{"start":{"line":57,"column":4},"end":{"line":75,"column":4}}},"4":{"name":"setTrustedForwarder","line":82,"loc":{"start":{"line":82,"column":4},"end":{"line":84,"column":4}}},"5":{"name":"setTreeAttributesAddress","line":91,"loc":{"start":{"line":91,"column":4},"end":{"line":95,"column":4}}},"6":{"name":"setTreeFactoryAddress","line":102,"loc":{"start":{"line":102,"column":4},"end":{"line":106,"column":4}}},"7":{"name":"setPlanterFundAddress","line":113,"loc":{"start":{"line":113,"column":4},"end":{"line":117,"column":4}}},"8":{"name":"setGiftsRange","line":121,"loc":{"start":{"line":119,"column":4},"end":{"line":129,"column":4}}},"9":{"name":"updateGiftees","line":131,"loc":{"start":{"line":131,"column":4},"end":{"line":149,"column":4}}},"10":{"name":"claimTree","line":151,"loc":{"start":{"line":151,"column":4},"end":{"line":171,"column":4}}},"11":{"name":"setExpireDate","line":173,"loc":{"start":{"line":173,"column":4},"end":{"line":175,"column":4}}},"12":{"name":"transferTree","line":177,"loc":{"start":{"line":177,"column":4},"end":{"line":201,"column":4}}},"13":{"name":"setPrice","line":205,"loc":{"start":{"line":203,"column":4},"end":{"line":209,"column":4}}}},"statementMap":{"1":{"start":{"line":44,"column":8},"end":{"line":44,"column":46}},"2":{"start":{"line":49,"column":8},"end":{"line":49,"column":38}},"3":{"start":{"line":63,"column":8},"end":{"line":63,"column":1777}},"4":{"start":{"line":67,"column":8},"end":{"line":67,"column":55}},"5":{"start":{"line":69,"column":8},"end":{"line":69,"column":30}},"6":{"start":{"line":70,"column":8},"end":{"line":70,"column":44}},"7":{"start":{"line":72,"column":8},"end":{"line":72,"column":31}},"8":{"start":{"line":73,"column":8},"end":{"line":73,"column":33}},"9":{"start":{"line":74,"column":8},"end":{"line":74,"column":35}},"10":{"start":{"line":83,"column":8},"end":{"line":83,"column":34}},"11":{"start":{"line":92,"column":8},"end":{"line":92,"column":67}},"12":{"start":{"line":93,"column":8},"end":{"line":93,"column":51}},"13":{"start":{"line":94,"column":8},"end":{"line":94,"column":40}},"14":{"start":{"line":103,"column":8},"end":{"line":103,"column":63}},"15":{"start":{"line":104,"column":8},"end":{"line":104,"column":49}},"16":{"start":{"line":105,"column":8},"end":{"line":105,"column":38}},"17":{"start":{"line":114,"column":8},"end":{"line":114,"column":63}},"18":{"start":{"line":115,"column":8},"end":{"line":115,"column":49}},"19":{"start":{"line":116,"column":8},"end":{"line":116,"column":46}},"20":{"start":{"line":123,"column":8},"end":{"line":123,"column":3584}},"21":{"start":{"line":128,"column":8},"end":{"line":128,"column":49}},"22":{"start":{"line":132,"column":8},"end":{"line":132,"column":69}},"23":{"start":{"line":134,"column":8},"end":{"line":134,"column":56}},"24":{"start":{"line":135,"column":8},"end":{"line":135,"column":55}},"25":{"start":{"line":137,"column":8},"end":{"line":137,"column":4042}},"26":{"start":{"line":138,"column":12},"end":{"line":138,"column":25}},"27":{"start":{"line":139,"column":12},"end":{"line":139,"column":37}},"28":{"start":{"line":141,"column":12},"end":{"line":141,"column":72}},"29":{"start":{"line":144,"column":8},"end":{"line":144,"column":37}},"30":{"start":{"line":146,"column":8},"end":{"line":146,"column":51}},"31":{"start":{"line":148,"column":8},"end":{"line":148,"column":35}},"32":{"start":{"line":152,"column":8},"end":{"line":152,"column":74}},"33":{"start":{"line":154,"column":8},"end":{"line":154,"column":68}},"34":{"start":{"line":155,"column":8},"end":{"line":155,"column":68}},"35":{"start":{"line":156,"column":8},"end":{"line":156,"column":71}},"36":{"start":{"line":158,"column":8},"end":{"line":158,"column":42}},"37":{"start":{"line":160,"column":8},"end":{"line":160,"column":24}},"38":{"start":{"line":162,"column":8},"end":{"line":162,"column":35}},"39":{"start":{"line":164,"column":8},"end":{"line":164,"column":75}},"40":{"start":{"line":166,"column":8},"end":{"line":166,"column":77}},"41":{"start":{"line":168,"column":8},"end":{"line":168,"column":55}},"42":{"start":{"line":170,"column":8},"end":{"line":170,"column":32}},"43":{"start":{"line":174,"column":8},"end":{"line":174,"column":31}},"44":{"start":{"line":178,"column":8},"end":{"line":178,"column":5281}},"45":{"start":{"line":183,"column":8},"end":{"line":183,"column":58}},"46":{"start":{"line":185,"column":8},"end":{"line":185,"column":5461}},"47":{"start":{"line":190,"column":8},"end":{"line":190,"column":42}},"48":{"start":{"line":192,"column":8},"end":{"line":192,"column":24}},"49":{"start":{"line":194,"column":8},"end":{"line":194,"column":62}},"50":{"start":{"line":196,"column":8},"end":{"line":196,"column":77}},"51":{"start":{"line":198,"column":8},"end":{"line":198,"column":50}},"52":{"start":{"line":200,"column":8},"end":{"line":200,"column":35}},"53":{"start":{"line":207,"column":8},"end":{"line":207,"column":33}},"54":{"start":{"line":208,"column":8},"end":{"line":208,"column":35}}},"branchMap":{"1":{"line":67,"type":"if","locations":[{"start":{"line":67,"column":8},"end":{"line":67,"column":8}},{"start":{"line":67,"column":8},"end":{"line":67,"column":8}}]},"2":{"line":93,"type":"if","locations":[{"start":{"line":93,"column":8},"end":{"line":93,"column":8}},{"start":{"line":93,"column":8},"end":{"line":93,"column":8}}]},"3":{"line":104,"type":"if","locations":[{"start":{"line":104,"column":8},"end":{"line":104,"column":8}},{"start":{"line":104,"column":8},"end":{"line":104,"column":8}}]},"4":{"line":115,"type":"if","locations":[{"start":{"line":115,"column":8},"end":{"line":115,"column":8}},{"start":{"line":115,"column":8},"end":{"line":115,"column":8}}]},"5":{"line":128,"type":"if","locations":[{"start":{"line":128,"column":8},"end":{"line":128,"column":8}},{"start":{"line":128,"column":8},"end":{"line":128,"column":8}}]},"6":{"line":134,"type":"if","locations":[{"start":{"line":134,"column":8},"end":{"line":134,"column":8}},{"start":{"line":134,"column":8},"end":{"line":134,"column":8}}]},"7":{"line":135,"type":"if","locations":[{"start":{"line":135,"column":8},"end":{"line":135,"column":8}},{"start":{"line":135,"column":8},"end":{"line":135,"column":8}}]},"8":{"line":137,"type":"if","locations":[{"start":{"line":137,"column":8},"end":{"line":137,"column":8}},{"start":{"line":137,"column":8},"end":{"line":137,"column":8}}]},"9":{"line":154,"type":"if","locations":[{"start":{"line":154,"column":8},"end":{"line":154,"column":8}},{"start":{"line":154,"column":8},"end":{"line":154,"column":8}}]},"10":{"line":155,"type":"if","locations":[{"start":{"line":155,"column":8},"end":{"line":155,"column":8}},{"start":{"line":155,"column":8},"end":{"line":155,"column":8}}]},"11":{"line":156,"type":"if","locations":[{"start":{"line":156,"column":8},"end":{"line":156,"column":8}},{"start":{"line":156,"column":8},"end":{"line":156,"column":8}}]},"12":{"line":178,"type":"if","locations":[{"start":{"line":178,"column":8},"end":{"line":178,"column":8}},{"start":{"line":178,"column":8},"end":{"line":178,"column":8}}]},"13":{"line":183,"type":"if","locations":[{"start":{"line":183,"column":8},"end":{"line":183,"column":8}},{"start":{"line":183,"column":8},"end":{"line":183,"column":8}}]},"14":{"line":185,"type":"if","locations":[{"start":{"line":185,"column":8},"end":{"line":185,"column":8}},{"start":{"line":185,"column":8},"end":{"line":185,"column":8}}]}}},"contracts/communityGifts/ICommunityGifts.sol":{"l":{},"path":"/home/smuggler/contract/contracts/communityGifts/ICommunityGifts.sol","s":{},"b":{},"f":{},"fnMap":{},"statementMap":{},"branchMap":{}},"contracts/gsn/RelayRecipient.sol":{"l":{"9":0},"path":"/home/smuggler/contract/contracts/gsn/RelayRecipient.sol","s":{"1":0},"b":{},"f":{"1":0},"fnMap":{"1":{"name":"versionRecipient","line":8,"loc":{"start":{"line":8,"column":4},"end":{"line":10,"column":4}}}},"statementMap":{"1":{"start":{"line":9,"column":8},"end":{"line":9,"column":46}}},"branchMap":{}},"contracts/gsn/WhitelistPaymaster.sol":{"l":{"18":3,"21":3,"22":3,"26":7,"28":7,"32":0,"34":0,"48":0,"50":0,"52":0,"54":0,"59":0,"68":0,"78":0},"path":"/home/smuggler/contract/contracts/gsn/WhitelistPaymaster.sol","s":{"1":3,"2":3,"3":3,"4":7,"5":7,"6":0,"7":0,"8":0,"9":0,"10":0,"11":0},"b":{"1":[3,0],"2":[0,0]},"f":{"1":3,"2":7,"3":0,"4":0,"5":0,"6":0},"fnMap":{"1":{"name":"constructor","line":17,"loc":{"start":{"line":17,"column":4},"end":{"line":23,"column":4}}},"2":{"name":"setWhitelistTarget","line":25,"loc":{"start":{"line":25,"column":4},"end":{"line":29,"column":4}}},"3":{"name":"setPaymasterVersion","line":31,"loc":{"start":{"line":31,"column":4},"end":{"line":35,"column":4}}},"4":{"name":"preRelayedCall","line":37,"loc":{"start":{"line":37,"column":4},"end":{"line":60,"column":4}}},"5":{"name":"postRelayedCall","line":62,"loc":{"start":{"line":62,"column":4},"end":{"line":69,"column":4}}},"6":{"name":"versionPaymaster","line":71,"loc":{"start":{"line":71,"column":4},"end":{"line":79,"column":4}}}},"statementMap":{"1":{"start":{"line":18,"column":8},"end":{"line":18,"column":473}},"2":{"start":{"line":21,"column":8},"end":{"line":21,"column":55}},"3":{"start":{"line":22,"column":8},"end":{"line":22,"column":44}},"4":{"start":{"line":26,"column":8},"end":{"line":26,"column":44}},"5":{"start":{"line":28,"column":8},"end":{"line":28,"column":37}},"6":{"start":{"line":32,"column":8},"end":{"line":32,"column":44}},"7":{"start":{"line":34,"column":8},"end":{"line":34,"column":37}},"8":{"start":{"line":50,"column":8},"end":{"line":50,"column":37}},"9":{"start":{"line":54,"column":8},"end":{"line":54,"column":1497}},"10":{"start":{"line":59,"column":8},"end":{"line":59,"column":26}},"11":{"start":{"line":78,"column":8},"end":{"line":78,"column":51}}},"branchMap":{"1":{"line":21,"type":"if","locations":[{"start":{"line":21,"column":8},"end":{"line":21,"column":8}},{"start":{"line":21,"column":8},"end":{"line":21,"column":8}}]},"2":{"line":54,"type":"if","locations":[{"start":{"line":54,"column":8},"end":{"line":54,"column":8}},{"start":{"line":54,"column":8},"end":{"line":54,"column":8}}]}}},"contracts/incrementalSell/IIncrementalSell.sol":{"l":{},"path":"/home/smuggler/contract/contracts/incrementalSell/IIncrementalSell.sol","s":{},"b":{},"f":{},"fnMap":{},"statementMap":{},"branchMap":{}},"contracts/incrementalSell/IncrementalSell.sol":{"l":{"37":150,"38":140,"42":20,"43":20,"47":32,"50":32,"51":32,"52":32,"56":2,"60":26,"61":26,"62":26,"69":31,"71":31,"73":31,"80":31,"81":31,"90":24,"91":24,"92":24,"102":23,"103":21,"104":19,"105":17,"109":13,"111":13,"112":1,"115":13,"124":11,"125":11,"126":11,"127":11,"128":11,"130":11,"134":3,"135":3,"139":3,"147":1,"149":1,"154":20,"156":20,"162":16,"163":16,"167":16,"170":16,"171":3,"176":3,"178":3,"180":3,"182":13,"187":7,"189":7,"191":7,"194":10,"205":10,"218":10,"220":10},"path":"/home/smuggler/contract/contracts/incrementalSell/IncrementalSell.sol","s":{"1":150,"2":20,"3":32,"4":32,"5":32,"6":32,"7":2,"8":26,"9":26,"10":26,"11":31,"12":31,"13":31,"14":31,"15":31,"16":24,"17":24,"18":24,"19":23,"20":21,"21":19,"22":17,"23":13,"24":13,"25":1,"26":13,"27":11,"28":11,"29":11,"30":11,"31":11,"32":11,"33":3,"34":3,"35":3,"36":1,"37":1,"38":20,"39":20,"40":16,"41":16,"42":16,"43":16,"44":3,"45":3,"46":3,"47":3,"48":13,"49":7,"50":7,"51":7,"52":10,"53":10,"54":10,"55":10},"b":{"1":[32,0],"2":[26,0],"3":[31,0],"4":[24,0],"5":[21,2],"6":[19,2],"7":[17,2],"8":[13,4],"9":[1,12],"10":[11,2],"11":[3,0],"12":[1,2],"13":[16,4],"14":[3,13],"15":[3,0],"16":[7,6]},"f":{"1":150,"2":20,"3":32,"4":2,"5":26,"6":31,"7":31,"8":24,"9":23,"10":3,"11":20},"fnMap":{"1":{"name":"onlyAdmin","line":36,"loc":{"start":{"line":36,"column":4},"end":{"line":39,"column":4}}},"2":{"name":"ifNotPaused","line":41,"loc":{"start":{"line":41,"column":4},"end":{"line":44,"column":4}}},"3":{"name":"initialize","line":46,"loc":{"start":{"line":46,"column":4},"end":{"line":53,"column":4}}},"4":{"name":"setTrustedForwarder","line":55,"loc":{"start":{"line":55,"column":4},"end":{"line":57,"column":4}}},"5":{"name":"setTreeFactoryAddress","line":59,"loc":{"start":{"line":59,"column":4},"end":{"line":63,"column":4}}},"6":{"name":"setWethFundsAddress","line":68,"loc":{"start":{"line":68,"column":4},"end":{"line":74,"column":4}}},"7":{"name":"setWethTokenAddress","line":79,"loc":{"start":{"line":79,"column":4},"end":{"line":82,"column":4}}},"8":{"name":"setFinancialModelAddress","line":89,"loc":{"start":{"line":89,"column":4},"end":{"line":93,"column":4}}},"9":{"name":"addTreeSells","line":101,"loc":{"start":{"line":95,"column":4},"end":{"line":131,"column":4}}},"10":{"name":"updateIncrementalEnd","line":133,"loc":{"start":{"line":133,"column":4},"end":{"line":150,"column":4}}},"11":{"name":"buyTree","line":152,"loc":{"start":{"line":152,"column":4},"end":{"line":221,"column":4}}}},"statementMap":{"1":{"start":{"line":37,"column":8},"end":{"line":37,"column":46}},"2":{"start":{"line":42,"column":8},"end":{"line":42,"column":38}},"3":{"start":{"line":47,"column":8},"end":{"line":47,"column":1378}},"4":{"start":{"line":50,"column":8},"end":{"line":50,"column":55}},"5":{"start":{"line":51,"column":8},"end":{"line":51,"column":31}},"6":{"start":{"line":52,"column":8},"end":{"line":52,"column":44}},"7":{"start":{"line":56,"column":8},"end":{"line":56,"column":34}},"8":{"start":{"line":60,"column":8},"end":{"line":60,"column":63}},"9":{"start":{"line":61,"column":8},"end":{"line":61,"column":49}},"10":{"start":{"line":62,"column":8},"end":{"line":62,"column":38}},"11":{"start":{"line":69,"column":8},"end":{"line":69,"column":59}},"12":{"start":{"line":71,"column":8},"end":{"line":71,"column":47}},"13":{"start":{"line":73,"column":8},"end":{"line":73,"column":36}},"14":{"start":{"line":80,"column":8},"end":{"line":80,"column":73}},"15":{"start":{"line":81,"column":8},"end":{"line":81,"column":36}},"16":{"start":{"line":90,"column":8},"end":{"line":90,"column":69}},"17":{"start":{"line":91,"column":8},"end":{"line":91,"column":52}},"18":{"start":{"line":92,"column":8},"end":{"line":92,"column":41}},"19":{"start":{"line":102,"column":8},"end":{"line":102,"column":57}},"20":{"start":{"line":103,"column":8},"end":{"line":103,"column":58}},"21":{"start":{"line":104,"column":8},"end":{"line":104,"column":66}},"22":{"start":{"line":105,"column":8},"end":{"line":105,"column":3375}},"23":{"start":{"line":109,"column":8},"end":{"line":109,"column":61}},"24":{"start":{"line":111,"column":8},"end":{"line":111,"column":3580}},"25":{"start":{"line":112,"column":12},"end":{"line":112,"column":73}},"26":{"start":{"line":115,"column":8},"end":{"line":115,"column":3709}},"27":{"start":{"line":124,"column":8},"end":{"line":124,"column":38}},"28":{"start":{"line":125,"column":8},"end":{"line":125,"column":48}},"29":{"start":{"line":126,"column":8},"end":{"line":126,"column":44}},"30":{"start":{"line":127,"column":8},"end":{"line":127,"column":37}},"31":{"start":{"line":128,"column":8},"end":{"line":128,"column":46}},"32":{"start":{"line":130,"column":8},"end":{"line":130,"column":37}},"33":{"start":{"line":134,"column":8},"end":{"line":134,"column":61}},"34":{"start":{"line":135,"column":8},"end":{"line":135,"column":4341}},"35":{"start":{"line":139,"column":8},"end":{"line":139,"column":4461}},"36":{"start":{"line":147,"column":8},"end":{"line":147,"column":56}},"37":{"start":{"line":149,"column":8},"end":{"line":149,"column":37}},"38":{"start":{"line":154,"column":8},"end":{"line":154,"column":60}},"39":{"start":{"line":156,"column":8},"end":{"line":156,"column":4978}},"40":{"start":{"line":162,"column":8},"end":{"line":162,"column":77}},"41":{"start":{"line":163,"column":8},"end":{"line":163,"column":5254}},"42":{"start":{"line":167,"column":8},"end":{"line":167,"column":22}},"43":{"start":{"line":170,"column":8},"end":{"line":170,"column":5494}},"44":{"start":{"line":171,"column":12},"end":{"line":171,"column":5571}},"45":{"start":{"line":176,"column":12},"end":{"line":176,"column":42}},"46":{"start":{"line":178,"column":12},"end":{"line":178,"column":75}},"47":{"start":{"line":180,"column":12},"end":{"line":180,"column":36}},"48":{"start":{"line":182,"column":12},"end":{"line":182,"column":5899}},"49":{"start":{"line":187,"column":12},"end":{"line":187,"column":29}},"50":{"start":{"line":189,"column":12},"end":{"line":189,"column":75}},"51":{"start":{"line":191,"column":12},"end":{"line":191,"column":50}},"52":{"start":{"line":194,"column":8},"end":{"line":194,"column":6248}},"53":{"start":{"line":205,"column":8},"end":{"line":205,"column":6531}},"54":{"start":{"line":218,"column":8},"end":{"line":218,"column":55}},"55":{"start":{"line":220,"column":8},"end":{"line":220,"column":62}}},"branchMap":{"1":{"line":50,"type":"if","locations":[{"start":{"line":50,"column":8},"end":{"line":50,"column":8}},{"start":{"line":50,"column":8},"end":{"line":50,"column":8}}]},"2":{"line":61,"type":"if","locations":[{"start":{"line":61,"column":8},"end":{"line":61,"column":8}},{"start":{"line":61,"column":8},"end":{"line":61,"column":8}}]},"3":{"line":71,"type":"if","locations":[{"start":{"line":71,"column":8},"end":{"line":71,"column":8}},{"start":{"line":71,"column":8},"end":{"line":71,"column":8}}]},"4":{"line":91,"type":"if","locations":[{"start":{"line":91,"column":8},"end":{"line":91,"column":8}},{"start":{"line":91,"column":8},"end":{"line":91,"column":8}}]},"5":{"line":102,"type":"if","locations":[{"start":{"line":102,"column":8},"end":{"line":102,"column":8}},{"start":{"line":102,"column":8},"end":{"line":102,"column":8}}]},"6":{"line":103,"type":"if","locations":[{"start":{"line":103,"column":8},"end":{"line":103,"column":8}},{"start":{"line":103,"column":8},"end":{"line":103,"column":8}}]},"7":{"line":104,"type":"if","locations":[{"start":{"line":104,"column":8},"end":{"line":104,"column":8}},{"start":{"line":104,"column":8},"end":{"line":104,"column":8}}]},"8":{"line":105,"type":"if","locations":[{"start":{"line":105,"column":8},"end":{"line":105,"column":8}},{"start":{"line":105,"column":8},"end":{"line":105,"column":8}}]},"9":{"line":111,"type":"if","locations":[{"start":{"line":111,"column":8},"end":{"line":111,"column":8}},{"start":{"line":111,"column":8},"end":{"line":111,"column":8}}]},"10":{"line":115,"type":"if","locations":[{"start":{"line":115,"column":8},"end":{"line":115,"column":8}},{"start":{"line":115,"column":8},"end":{"line":115,"column":8}}]},"11":{"line":135,"type":"if","locations":[{"start":{"line":135,"column":8},"end":{"line":135,"column":8}},{"start":{"line":135,"column":8},"end":{"line":135,"column":8}}]},"12":{"line":139,"type":"if","locations":[{"start":{"line":139,"column":8},"end":{"line":139,"column":8}},{"start":{"line":139,"column":8},"end":{"line":139,"column":8}}]},"13":{"line":156,"type":"if","locations":[{"start":{"line":156,"column":8},"end":{"line":156,"column":8}},{"start":{"line":156,"column":8},"end":{"line":156,"column":8}}]},"14":{"line":170,"type":"if","locations":[{"start":{"line":170,"column":8},"end":{"line":170,"column":8}},{"start":{"line":170,"column":8},"end":{"line":170,"column":8}}]},"15":{"line":171,"type":"if","locations":[{"start":{"line":171,"column":12},"end":{"line":171,"column":12}},{"start":{"line":171,"column":12},"end":{"line":171,"column":12}}]},"16":{"line":182,"type":"if","locations":[{"start":{"line":182,"column":12},"end":{"line":182,"column":12}},{"start":{"line":182,"column":12},"end":{"line":182,"column":12}}]}}},"contracts/planter/IPlanter.sol":{"l":{},"path":"/home/smuggler/contract/contracts/planter/IPlanter.sol","s":{},"b":{},"f":{},"fnMap":{},"statementMap":{},"branchMap":{}},"contracts/planter/Planter.sol":{"l":{"52":93,"53":89,"56":0,"57":0,"61":160,"65":148,"69":88,"73":84,"76":36,"77":34,"81":185,"84":185,"85":185,"86":185,"90":1,"101":194,"107":190,"112":188,"113":84,"119":186,"120":15,"126":11,"129":182,"131":182,"132":82,"133":82,"136":182,"138":182,"139":182,"140":182,"141":182,"142":182,"143":182,"145":182,"156":69,"162":65,"163":3,"169":1,"172":63,"174":63,"175":63,"176":63,"177":63,"178":63,"179":63,"181":63,"189":15,"194":13,"196":13,"201":11,"203":9,"204":5,"209":3,"211":3,"213":4,"215":2,"216":2,"219":2,"220":1,"224":5,"226":5,"238":59,"244":55,"246":55,"247":53,"249":53,"251":2,"252":2,"253":2,"255":2,"268":17,"269":17,"270":15,"271":15,"272":3,"274":15,"286":124,"288":118,"289":118,"290":111,"295":83,"299":71,"301":71,"302":10,"304":71,"309":47,"322":21,"323":19,"327":15,"332":13,"336":13,"355":30,"356":30,"357":0,"359":30,"364":19,"366":11,"388":8,"390":8,"392":8,"393":1,"411":26,"413":26,"414":23,"416":23,"417":2,"419":23,"421":3,"434":71,"436":71,"438":71,"439":51,"440":37,"441":15,"443":22,"449":34,"461":68,"463":68},"path":"/home/smuggler/contract/contracts/planter/Planter.sol","s":{"1":93,"2":0,"3":160,"4":88,"5":36,"6":185,"7":185,"8":185,"9":185,"10":1,"11":194,"12":190,"13":188,"14":84,"15":186,"16":15,"17":11,"18":182,"19":182,"20":82,"21":82,"22":182,"23":182,"24":182,"25":182,"26":182,"27":182,"28":182,"29":182,"30":69,"31":65,"32":3,"33":1,"34":63,"35":63,"36":63,"37":63,"38":63,"39":63,"40":63,"41":63,"42":15,"43":13,"44":13,"45":11,"46":9,"47":5,"48":3,"49":3,"50":4,"51":2,"52":2,"53":2,"54":1,"55":5,"56":5,"57":59,"58":55,"59":55,"60":53,"61":53,"62":2,"63":2,"64":2,"65":2,"66":17,"67":17,"68":15,"69":15,"70":3,"71":15,"72":124,"73":118,"74":118,"75":111,"76":83,"77":71,"78":71,"79":10,"80":71,"81":47,"82":21,"83":19,"84":15,"85":13,"86":13,"87":30,"88":30,"89":0,"90":30,"91":19,"92":11,"93":8,"94":8,"95":8,"96":1,"97":26,"98":26,"99":23,"100":23,"101":2,"102":23,"103":3,"104":71,"105":71,"106":71,"107":51,"108":37,"109":15,"110":22,"111":22,"112":34,"113":68,"114":68},"b":{"1":[148,12],"2":[84,4],"3":[185,0],"4":[190,4],"5":[188,2],"6":[84,104],"7":[82,2],"8":[15,171],"9":[11,4],"10":[82,100],"11":[65,4],"12":[3,62],"13":[1,2],"14":[13,2],"15":[11,2],"16":[9,2],"17":[5,4],"18":[3,2],"19":[2,2],"20":[2,0],"21":[1,1],"22":[55,4],"23":[53,2],"24":[15,2],"25":[3,12],"26":[111,7],"27":[83,28],"28":[71,12],"29":[10,61],"30":[19,2],"31":[15,4],"32":[13,2],"33":[0,30],"34":[19,11],"35":[1,7],"36":[23,3],"37":[2,21],"38":[51,20],"39":[37,14],"40":[15,22],"41":[22,0]},"f":{"1":93,"2":0,"3":160,"4":88,"5":36,"6":185,"7":1,"8":194,"9":69,"10":15,"11":59,"12":17,"13":124,"14":21,"15":30,"16":8,"17":26,"18":71,"19":68},"fnMap":{"1":{"name":"onlyAdmin","line":51,"loc":{"start":{"line":51,"column":4},"end":{"line":54,"column":4}}},"2":{"name":"ifNotPaused","line":55,"loc":{"start":{"line":55,"column":4},"end":{"line":58,"column":4}}},"3":{"name":"existPlanter","line":60,"loc":{"start":{"line":60,"column":4},"end":{"line":66,"column":4}}},"4":{"name":"onlyOrganization","line":68,"loc":{"start":{"line":68,"column":4},"end":{"line":74,"column":4}}},"5":{"name":"onlyTreeFactory","line":75,"loc":{"start":{"line":75,"column":4},"end":{"line":78,"column":4}}},"6":{"name":"initialize","line":80,"loc":{"start":{"line":80,"column":4},"end":{"line":87,"column":4}}},"7":{"name":"setTrustedForwarder","line":89,"loc":{"start":{"line":89,"column":4},"end":{"line":91,"column":4}}},"8":{"name":"planterJoin","line":93,"loc":{"start":{"line":93,"column":4},"end":{"line":146,"column":4}}},"9":{"name":"organizationJoin","line":155,"loc":{"start":{"line":148,"column":4},"end":{"line":182,"column":4}}},"10":{"name":"updatePlanterType","line":187,"loc":{"start":{"line":185,"column":4},"end":{"line":227,"column":4}}},"11":{"name":"acceptPlanterFromOrganization","line":237,"loc":{"start":{"line":234,"column":4},"end":{"line":257,"column":4}}},"12":{"name":"updateCapacity","line":266,"loc":{"start":{"line":263,"column":4},"end":{"line":275,"column":4}}},"13":{"name":"plantingPermission","line":282,"loc":{"start":{"line":282,"column":4},"end":{"line":310,"column":4}}},"14":{"name":"updateOrganizationPlanterPayment","line":321,"loc":{"start":{"line":318,"column":4},"end":{"line":337,"column":4}}},"15":{"name":"getPlanterPaymentPortion","line":345,"loc":{"start":{"line":345,"column":4},"end":{"line":376,"column":4}}},"16":{"name":"reducePlantCount","line":386,"loc":{"start":{"line":383,"column":4},"end":{"line":395,"column":4}}},"17":{"name":"planterCheck","line":408,"loc":{"start":{"line":405,"column":4},"end":{"line":422,"column":4}}},"18":{"name":"canVerify","line":429,"loc":{"start":{"line":429,"column":4},"end":{"line":450,"column":4}}},"19":{"name":"canAssignTreeToPlanter","line":456,"loc":{"start":{"line":456,"column":4},"end":{"line":464,"column":4}}}},"statementMap":{"1":{"start":{"line":52,"column":8},"end":{"line":52,"column":46}},"2":{"start":{"line":56,"column":8},"end":{"line":56,"column":38}},"3":{"start":{"line":61,"column":8},"end":{"line":61,"column":1825}},"4":{"start":{"line":69,"column":8},"end":{"line":69,"column":1997}},"5":{"start":{"line":76,"column":8},"end":{"line":76,"column":52}},"6":{"start":{"line":81,"column":8},"end":{"line":81,"column":2324}},"7":{"start":{"line":84,"column":8},"end":{"line":84,"column":55}},"8":{"start":{"line":85,"column":8},"end":{"line":85,"column":23}},"9":{"start":{"line":86,"column":8},"end":{"line":86,"column":44}},"10":{"start":{"line":90,"column":8},"end":{"line":90,"column":34}},"11":{"start":{"line":101,"column":8},"end":{"line":101,"column":2912}},"12":{"start":{"line":107,"column":8},"end":{"line":107,"column":3095}},"13":{"start":{"line":112,"column":8},"end":{"line":112,"column":3221}},"14":{"start":{"line":113,"column":12},"end":{"line":113,"column":3262}},"15":{"start":{"line":119,"column":8},"end":{"line":119,"column":3415}},"16":{"start":{"line":120,"column":12},"end":{"line":120,"column":3464}},"17":{"start":{"line":126,"column":12},"end":{"line":126,"column":49}},"18":{"start":{"line":129,"column":8},"end":{"line":129,"column":24}},"19":{"start":{"line":131,"column":8},"end":{"line":131,"column":3730}},"20":{"start":{"line":132,"column":12},"end":{"line":132,"column":56}},"21":{"start":{"line":133,"column":12},"end":{"line":133,"column":21}},"22":{"start":{"line":136,"column":8},"end":{"line":136,"column":60}},"23":{"start":{"line":138,"column":8},"end":{"line":138,"column":41}},"24":{"start":{"line":139,"column":8},"end":{"line":139,"column":30}},"25":{"start":{"line":140,"column":8},"end":{"line":140,"column":41}},"26":{"start":{"line":141,"column":8},"end":{"line":141,"column":29}},"27":{"start":{"line":142,"column":8},"end":{"line":142,"column":37}},"28":{"start":{"line":143,"column":8},"end":{"line":143,"column":35}},"29":{"start":{"line":145,"column":8},"end":{"line":145,"column":38}},"30":{"start":{"line":156,"column":8},"end":{"line":156,"column":4431}},"31":{"start":{"line":162,"column":8},"end":{"line":162,"column":4630}},"32":{"start":{"line":163,"column":12},"end":{"line":163,"column":4679}},"33":{"start":{"line":169,"column":12},"end":{"line":169,"column":57}},"34":{"start":{"line":172,"column":8},"end":{"line":172,"column":68}},"35":{"start":{"line":174,"column":8},"end":{"line":174,"column":30}},"36":{"start":{"line":175,"column":8},"end":{"line":175,"column":25}},"37":{"start":{"line":176,"column":8},"end":{"line":176,"column":41}},"38":{"start":{"line":177,"column":8},"end":{"line":177,"column":35}},"39":{"start":{"line":178,"column":8},"end":{"line":178,"column":37}},"40":{"start":{"line":179,"column":8},"end":{"line":179,"column":35}},"41":{"start":{"line":181,"column":8},"end":{"line":181,"column":51}},"42":{"start":{"line":189,"column":8},"end":{"line":189,"column":5452}},"43":{"start":{"line":194,"column":8},"end":{"line":194,"column":60}},"44":{"start":{"line":196,"column":8},"end":{"line":196,"column":5641}},"45":{"start":{"line":201,"column":8},"end":{"line":201,"column":73}},"46":{"start":{"line":203,"column":8},"end":{"line":203,"column":5840}},"47":{"start":{"line":204,"column":12},"end":{"line":204,"column":5881}},"48":{"start":{"line":209,"column":12},"end":{"line":209,"column":56}},"49":{"start":{"line":211,"column":12},"end":{"line":211,"column":29}},"50":{"start":{"line":213,"column":12},"end":{"line":213,"column":77}},"51":{"start":{"line":215,"column":12},"end":{"line":215,"column":6222}},"52":{"start":{"line":216,"column":16},"end":{"line":216,"column":50}},"53":{"start":{"line":219,"column":12},"end":{"line":219,"column":6334}},"54":{"start":{"line":220,"column":16},"end":{"line":220,"column":33}},"55":{"start":{"line":224,"column":8},"end":{"line":224,"column":41}},"56":{"start":{"line":226,"column":8},"end":{"line":226,"column":41}},"57":{"start":{"line":238,"column":8},"end":{"line":238,"column":6861}},"58":{"start":{"line":244,"column":8},"end":{"line":244,"column":63}},"59":{"start":{"line":246,"column":8},"end":{"line":246,"column":7117}},"60":{"start":{"line":247,"column":12},"end":{"line":247,"column":29}},"61":{"start":{"line":249,"column":12},"end":{"line":249,"column":56}},"62":{"start":{"line":251,"column":12},"end":{"line":251,"column":29}},"63":{"start":{"line":252,"column":12},"end":{"line":252,"column":34}},"64":{"start":{"line":253,"column":12},"end":{"line":253,"column":49}},"65":{"start":{"line":255,"column":12},"end":{"line":255,"column":56}},"66":{"start":{"line":268,"column":8},"end":{"line":268,"column":67}},"67":{"start":{"line":269,"column":8},"end":{"line":269,"column":72}},"68":{"start":{"line":270,"column":8},"end":{"line":270,"column":39}},"69":{"start":{"line":271,"column":8},"end":{"line":271,"column":7987}},"70":{"start":{"line":272,"column":12},"end":{"line":272,"column":33}},"71":{"start":{"line":274,"column":8},"end":{"line":274,"column":44}},"72":{"start":{"line":286,"column":8},"end":{"line":286,"column":52}},"73":{"start":{"line":288,"column":8},"end":{"line":288,"column":67}},"74":{"start":{"line":289,"column":8},"end":{"line":289,"column":8691}},"75":{"start":{"line":290,"column":12},"end":{"line":290,"column":8742}},"76":{"start":{"line":295,"column":16},"end":{"line":295,"column":8968}},"77":{"start":{"line":299,"column":20},"end":{"line":299,"column":48}},"78":{"start":{"line":301,"column":20},"end":{"line":301,"column":9184}},"79":{"start":{"line":302,"column":24},"end":{"line":302,"column":45}},"80":{"start":{"line":304,"column":20},"end":{"line":304,"column":31}},"81":{"start":{"line":309,"column":8},"end":{"line":309,"column":20}},"82":{"start":{"line":322,"column":8},"end":{"line":322,"column":78}},"83":{"start":{"line":323,"column":8},"end":{"line":323,"column":9955}},"84":{"start":{"line":327,"column":8},"end":{"line":327,"column":10074}},"85":{"start":{"line":332,"column":8},"end":{"line":332,"column":10228}},"86":{"start":{"line":336,"column":8},"end":{"line":336,"column":44}},"87":{"start":{"line":355,"column":8},"end":{"line":355,"column":67}},"88":{"start":{"line":356,"column":8},"end":{"line":356,"column":11028}},"89":{"start":{"line":357,"column":12},"end":{"line":357,"column":53}},"90":{"start":{"line":359,"column":12},"end":{"line":359,"column":11179}},"91":{"start":{"line":364,"column":16},"end":{"line":364,"column":77}},"92":{"start":{"line":366,"column":16},"end":{"line":366,"column":11457}},"93":{"start":{"line":388,"column":8},"end":{"line":388,"column":67}},"94":{"start":{"line":390,"column":8},"end":{"line":390,"column":36}},"95":{"start":{"line":392,"column":8},"end":{"line":392,"column":12318}},"96":{"start":{"line":393,"column":12},"end":{"line":393,"column":33}},"97":{"start":{"line":411,"column":8},"end":{"line":411,"column":67}},"98":{"start":{"line":413,"column":8},"end":{"line":413,"column":13016}},"99":{"start":{"line":414,"column":12},"end":{"line":414,"column":40}},"100":{"start":{"line":416,"column":12},"end":{"line":416,"column":13107}},"101":{"start":{"line":417,"column":16},"end":{"line":417,"column":37}},"102":{"start":{"line":419,"column":12},"end":{"line":419,"column":23}},"103":{"start":{"line":421,"column":8},"end":{"line":421,"column":20}},"104":{"start":{"line":434,"column":8},"end":{"line":434,"column":66}},"105":{"start":{"line":436,"column":8},"end":{"line":436,"column":58}},"106":{"start":{"line":438,"column":8},"end":{"line":438,"column":13827}},"107":{"start":{"line":439,"column":12},"end":{"line":439,"column":13867}},"108":{"start":{"line":440,"column":16},"end":{"line":440,"column":13939}},"109":{"start":{"line":441,"column":20},"end":{"line":441,"column":65}},"110":{"start":{"line":442,"column":23},"end":{"line":442,"column":14054}},"111":{"start":{"line":443,"column":20},"end":{"line":443,"column":14145}},"112":{"start":{"line":449,"column":8},"end":{"line":449,"column":20}},"113":{"start":{"line":461,"column":8},"end":{"line":461,"column":67}},"114":{"start":{"line":463,"column":8},"end":{"line":463,"column":70}}},"branchMap":{"1":{"line":61,"type":"if","locations":[{"start":{"line":61,"column":8},"end":{"line":61,"column":8}},{"start":{"line":61,"column":8},"end":{"line":61,"column":8}}]},"2":{"line":69,"type":"if","locations":[{"start":{"line":69,"column":8},"end":{"line":69,"column":8}},{"start":{"line":69,"column":8},"end":{"line":69,"column":8}}]},"3":{"line":84,"type":"if","locations":[{"start":{"line":84,"column":8},"end":{"line":84,"column":8}},{"start":{"line":84,"column":8},"end":{"line":84,"column":8}}]},"4":{"line":101,"type":"if","locations":[{"start":{"line":101,"column":8},"end":{"line":101,"column":8}},{"start":{"line":101,"column":8},"end":{"line":101,"column":8}}]},"5":{"line":107,"type":"if","locations":[{"start":{"line":107,"column":8},"end":{"line":107,"column":8}},{"start":{"line":107,"column":8},"end":{"line":107,"column":8}}]},"6":{"line":112,"type":"if","locations":[{"start":{"line":112,"column":8},"end":{"line":112,"column":8}},{"start":{"line":112,"column":8},"end":{"line":112,"column":8}}]},"7":{"line":113,"type":"if","locations":[{"start":{"line":113,"column":12},"end":{"line":113,"column":12}},{"start":{"line":113,"column":12},"end":{"line":113,"column":12}}]},"8":{"line":119,"type":"if","locations":[{"start":{"line":119,"column":8},"end":{"line":119,"column":8}},{"start":{"line":119,"column":8},"end":{"line":119,"column":8}}]},"9":{"line":120,"type":"if","locations":[{"start":{"line":120,"column":12},"end":{"line":120,"column":12}},{"start":{"line":120,"column":12},"end":{"line":120,"column":12}}]},"10":{"line":131,"type":"if","locations":[{"start":{"line":131,"column":8},"end":{"line":131,"column":8}},{"start":{"line":131,"column":8},"end":{"line":131,"column":8}}]},"11":{"line":156,"type":"if","locations":[{"start":{"line":156,"column":8},"end":{"line":156,"column":8}},{"start":{"line":156,"column":8},"end":{"line":156,"column":8}}]},"12":{"line":162,"type":"if","locations":[{"start":{"line":162,"column":8},"end":{"line":162,"column":8}},{"start":{"line":162,"column":8},"end":{"line":162,"column":8}}]},"13":{"line":163,"type":"if","locations":[{"start":{"line":163,"column":12},"end":{"line":163,"column":12}},{"start":{"line":163,"column":12},"end":{"line":163,"column":12}}]},"14":{"line":189,"type":"if","locations":[{"start":{"line":189,"column":8},"end":{"line":189,"column":8}},{"start":{"line":189,"column":8},"end":{"line":189,"column":8}}]},"15":{"line":196,"type":"if","locations":[{"start":{"line":196,"column":8},"end":{"line":196,"column":8}},{"start":{"line":196,"column":8},"end":{"line":196,"column":8}}]},"16":{"line":201,"type":"if","locations":[{"start":{"line":201,"column":8},"end":{"line":201,"column":8}},{"start":{"line":201,"column":8},"end":{"line":201,"column":8}}]},"17":{"line":203,"type":"if","locations":[{"start":{"line":203,"column":8},"end":{"line":203,"column":8}},{"start":{"line":203,"column":8},"end":{"line":203,"column":8}}]},"18":{"line":204,"type":"if","locations":[{"start":{"line":204,"column":12},"end":{"line":204,"column":12}},{"start":{"line":204,"column":12},"end":{"line":204,"column":12}}]},"19":{"line":213,"type":"if","locations":[{"start":{"line":213,"column":12},"end":{"line":213,"column":12}},{"start":{"line":213,"column":12},"end":{"line":213,"column":12}}]},"20":{"line":215,"type":"if","locations":[{"start":{"line":215,"column":12},"end":{"line":215,"column":12}},{"start":{"line":215,"column":12},"end":{"line":215,"column":12}}]},"21":{"line":219,"type":"if","locations":[{"start":{"line":219,"column":12},"end":{"line":219,"column":12}},{"start":{"line":219,"column":12},"end":{"line":219,"column":12}}]},"22":{"line":238,"type":"if","locations":[{"start":{"line":238,"column":8},"end":{"line":238,"column":8}},{"start":{"line":238,"column":8},"end":{"line":238,"column":8}}]},"23":{"line":246,"type":"if","locations":[{"start":{"line":246,"column":8},"end":{"line":246,"column":8}},{"start":{"line":246,"column":8},"end":{"line":246,"column":8}}]},"24":{"line":269,"type":"if","locations":[{"start":{"line":269,"column":8},"end":{"line":269,"column":8}},{"start":{"line":269,"column":8},"end":{"line":269,"column":8}}]},"25":{"line":271,"type":"if","locations":[{"start":{"line":271,"column":8},"end":{"line":271,"column":8}},{"start":{"line":271,"column":8},"end":{"line":271,"column":8}}]},"26":{"line":289,"type":"if","locations":[{"start":{"line":289,"column":8},"end":{"line":289,"column":8}},{"start":{"line":289,"column":8},"end":{"line":289,"column":8}}]},"27":{"line":290,"type":"if","locations":[{"start":{"line":290,"column":12},"end":{"line":290,"column":12}},{"start":{"line":290,"column":12},"end":{"line":290,"column":12}}]},"28":{"line":295,"type":"if","locations":[{"start":{"line":295,"column":16},"end":{"line":295,"column":16}},{"start":{"line":295,"column":16},"end":{"line":295,"column":16}}]},"29":{"line":301,"type":"if","locations":[{"start":{"line":301,"column":20},"end":{"line":301,"column":20}},{"start":{"line":301,"column":20},"end":{"line":301,"column":20}}]},"30":{"line":322,"type":"if","locations":[{"start":{"line":322,"column":8},"end":{"line":322,"column":8}},{"start":{"line":322,"column":8},"end":{"line":322,"column":8}}]},"31":{"line":323,"type":"if","locations":[{"start":{"line":323,"column":8},"end":{"line":323,"column":8}},{"start":{"line":323,"column":8},"end":{"line":323,"column":8}}]},"32":{"line":327,"type":"if","locations":[{"start":{"line":327,"column":8},"end":{"line":327,"column":8}},{"start":{"line":327,"column":8},"end":{"line":327,"column":8}}]},"33":{"line":356,"type":"if","locations":[{"start":{"line":356,"column":8},"end":{"line":356,"column":8}},{"start":{"line":356,"column":8},"end":{"line":356,"column":8}}]},"34":{"line":359,"type":"if","locations":[{"start":{"line":359,"column":12},"end":{"line":359,"column":12}},{"start":{"line":359,"column":12},"end":{"line":359,"column":12}}]},"35":{"line":392,"type":"if","locations":[{"start":{"line":392,"column":8},"end":{"line":392,"column":8}},{"start":{"line":392,"column":8},"end":{"line":392,"column":8}}]},"36":{"line":413,"type":"if","locations":[{"start":{"line":413,"column":8},"end":{"line":413,"column":8}},{"start":{"line":413,"column":8},"end":{"line":413,"column":8}}]},"37":{"line":416,"type":"if","locations":[{"start":{"line":416,"column":12},"end":{"line":416,"column":12}},{"start":{"line":416,"column":12},"end":{"line":416,"column":12}}]},"38":{"line":438,"type":"if","locations":[{"start":{"line":438,"column":8},"end":{"line":438,"column":8}},{"start":{"line":438,"column":8},"end":{"line":438,"column":8}}]},"39":{"line":439,"type":"if","locations":[{"start":{"line":439,"column":12},"end":{"line":439,"column":12}},{"start":{"line":439,"column":12},"end":{"line":439,"column":12}}]},"40":{"line":440,"type":"if","locations":[{"start":{"line":440,"column":16},"end":{"line":440,"column":16}},{"start":{"line":440,"column":16},"end":{"line":440,"column":16}}]},"41":{"line":442,"type":"if","locations":[{"start":{"line":442,"column":23},"end":{"line":442,"column":23}},{"start":{"line":442,"column":23},"end":{"line":442,"column":23}}]}}},"contracts/regularSell/IRegularSell.sol":{"l":{},"path":"/home/smuggler/contract/contracts/regularSell/IRegularSell.sol","s":{},"b":{},"f":{},"fnMap":{},"statementMap":{},"branchMap":{}},"contracts/regularSell/RegularSell.sol":{"l":{"34":59,"35":47,"42":19,"45":19,"46":19,"48":19,"49":19,"50":19,"51":19,"55":2,"62":10,"64":10,"66":10,"73":10,"75":10,"77":10,"84":10,"85":10,"94":9,"95":9,"96":9,"103":6,"104":6,"112":11,"114":9,"116":9,"118":7,"120":7,"122":5,"124":5,"125":17,"130":17,"141":17,"154":17,"157":5,"166":18,"168":16,"173":16,"175":4,"177":4,"188":2,"201":2},"path":"/home/smuggler/contract/contracts/regularSell/RegularSell.sol","s":{"1":59,"2":19,"3":19,"4":19,"5":19,"6":19,"7":19,"8":19,"9":2,"10":10,"11":10,"12":10,"13":10,"14":10,"15":10,"16":10,"17":10,"18":9,"19":9,"20":9,"21":6,"22":6,"23":11,"24":9,"25":9,"26":7,"27":7,"28":5,"29":5,"30":17,"31":17,"32":17,"33":17,"34":5,"35":18,"36":16,"37":16,"38":4,"39":4,"40":2,"41":2},"b":{"1":[19,0],"2":[10,0],"3":[10,0],"4":[9,0],"5":[9,2],"6":[7,2],"7":[16,2],"8":[16,0]},"f":{"1":59,"2":19,"3":2,"4":10,"5":10,"6":10,"7":9,"8":6,"9":11,"10":18},"fnMap":{"1":{"name":"onlyAdmin","line":33,"loc":{"start":{"line":33,"column":4},"end":{"line":36,"column":4}}},"2":{"name":"initialize","line":40,"loc":{"start":{"line":38,"column":4},"end":{"line":52,"column":4}}},"3":{"name":"setTrustedForwarder","line":54,"loc":{"start":{"line":54,"column":4},"end":{"line":56,"column":4}}},"4":{"name":"setTreeFactoryAddress","line":61,"loc":{"start":{"line":61,"column":4},"end":{"line":67,"column":4}}},"5":{"name":"setDaiFundsAddress","line":72,"loc":{"start":{"line":72,"column":4},"end":{"line":78,"column":4}}},"6":{"name":"setDaiTokenAddress","line":83,"loc":{"start":{"line":83,"column":4},"end":{"line":86,"column":4}}},"7":{"name":"setFinancialModelAddress","line":93,"loc":{"start":{"line":93,"column":4},"end":{"line":97,"column":4}}},"8":{"name":"setPrice","line":102,"loc":{"start":{"line":102,"column":4},"end":{"line":105,"column":4}}},"9":{"name":"requestTrees","line":111,"loc":{"start":{"line":111,"column":4},"end":{"line":158,"column":4}}},"10":{"name":"requestByTreeId","line":165,"loc":{"start":{"line":165,"column":4},"end":{"line":202,"column":4}}}},"statementMap":{"1":{"start":{"line":34,"column":8},"end":{"line":34,"column":46}},"2":{"start":{"line":42,"column":8},"end":{"line":42,"column":1313}},"3":{"start":{"line":45,"column":8},"end":{"line":45,"column":55}},"4":{"start":{"line":46,"column":8},"end":{"line":46,"column":44}},"5":{"start":{"line":48,"column":8},"end":{"line":48,"column":27}},"6":{"start":{"line":49,"column":8},"end":{"line":49,"column":34}},"7":{"start":{"line":50,"column":8},"end":{"line":50,"column":25}},"8":{"start":{"line":51,"column":8},"end":{"line":51,"column":37}},"9":{"start":{"line":55,"column":8},"end":{"line":55,"column":34}},"10":{"start":{"line":62,"column":8},"end":{"line":62,"column":63}},"11":{"start":{"line":64,"column":8},"end":{"line":64,"column":49}},"12":{"start":{"line":66,"column":8},"end":{"line":66,"column":38}},"13":{"start":{"line":73,"column":8},"end":{"line":73,"column":57}},"14":{"start":{"line":75,"column":8},"end":{"line":75,"column":46}},"15":{"start":{"line":77,"column":8},"end":{"line":77,"column":35}},"16":{"start":{"line":84,"column":8},"end":{"line":84,"column":73}},"17":{"start":{"line":85,"column":8},"end":{"line":85,"column":35}},"18":{"start":{"line":94,"column":8},"end":{"line":94,"column":69}},"19":{"start":{"line":95,"column":8},"end":{"line":95,"column":52}},"20":{"start":{"line":96,"column":8},"end":{"line":96,"column":41}},"21":{"start":{"line":103,"column":8},"end":{"line":103,"column":25}},"22":{"start":{"line":104,"column":8},"end":{"line":104,"column":37}},"23":{"start":{"line":112,"column":8},"end":{"line":112,"column":43}},"24":{"start":{"line":114,"column":8},"end":{"line":114,"column":43}},"25":{"start":{"line":116,"column":8},"end":{"line":116,"column":76}},"26":{"start":{"line":118,"column":8},"end":{"line":118,"column":57}},"27":{"start":{"line":120,"column":8},"end":{"line":120,"column":69}},"28":{"start":{"line":122,"column":8},"end":{"line":122,"column":62}},"29":{"start":{"line":124,"column":8},"end":{"line":124,"column":3967}},"30":{"start":{"line":125,"column":12},"end":{"line":125,"column":4022}},"31":{"start":{"line":130,"column":12},"end":{"line":130,"column":4228}},"32":{"start":{"line":141,"column":12},"end":{"line":141,"column":4551}},"33":{"start":{"line":154,"column":12},"end":{"line":154,"column":63}},"34":{"start":{"line":157,"column":8},"end":{"line":157,"column":48}},"35":{"start":{"line":166,"column":8},"end":{"line":166,"column":61}},"36":{"start":{"line":168,"column":8},"end":{"line":168,"column":5424}},"37":{"start":{"line":173,"column":8},"end":{"line":173,"column":72}},"38":{"start":{"line":175,"column":8},"end":{"line":175,"column":60}},"39":{"start":{"line":177,"column":8},"end":{"line":177,"column":5729}},"40":{"start":{"line":188,"column":8},"end":{"line":188,"column":6012}},"41":{"start":{"line":201,"column":8},"end":{"line":201,"column":70}}},"branchMap":{"1":{"line":45,"type":"if","locations":[{"start":{"line":45,"column":8},"end":{"line":45,"column":8}},{"start":{"line":45,"column":8},"end":{"line":45,"column":8}}]},"2":{"line":64,"type":"if","locations":[{"start":{"line":64,"column":8},"end":{"line":64,"column":8}},{"start":{"line":64,"column":8},"end":{"line":64,"column":8}}]},"3":{"line":75,"type":"if","locations":[{"start":{"line":75,"column":8},"end":{"line":75,"column":8}},{"start":{"line":75,"column":8},"end":{"line":75,"column":8}}]},"4":{"line":95,"type":"if","locations":[{"start":{"line":95,"column":8},"end":{"line":95,"column":8}},{"start":{"line":95,"column":8},"end":{"line":95,"column":8}}]},"5":{"line":112,"type":"if","locations":[{"start":{"line":112,"column":8},"end":{"line":112,"column":8}},{"start":{"line":112,"column":8},"end":{"line":112,"column":8}}]},"6":{"line":116,"type":"if","locations":[{"start":{"line":116,"column":8},"end":{"line":116,"column":8}},{"start":{"line":116,"column":8},"end":{"line":116,"column":8}}]},"7":{"line":166,"type":"if","locations":[{"start":{"line":166,"column":8},"end":{"line":166,"column":8}},{"start":{"line":166,"column":8},"end":{"line":166,"column":8}}]},"8":{"line":168,"type":"if","locations":[{"start":{"line":168,"column":8},"end":{"line":168,"column":8}},{"start":{"line":168,"column":8},"end":{"line":168,"column":8}}]}}},"contracts/treasury/DaiFunds.sol":{"l":{"72":236,"73":208,"77":84,"78":84,"82":66,"83":52,"87":72,"88":60,"92":128,"96":128,"98":128,"99":128,"103":50,"106":50,"113":50,"114":50,"115":50,"126":6,"137":6,"145":6,"156":6,"167":6,"178":6,"193":52,"195":52,"197":52,"199":52,"201":52,"203":52,"205":52,"206":52,"208":52,"213":52,"215":52,"230":10,"235":4,"237":4,"239":4,"258":10,"263":4,"265":4,"267":4,"286":10,"291":4,"293":4,"295":4,"310":10,"315":4,"317":4,"319":4,"338":10,"343":4,"345":4,"347":4,"362":10,"367":4,"369":4,"371":4},"path":"/home/smuggler/contract/contracts/treasury/DaiFunds.sol","s":{"1":236,"2":84,"3":66,"4":72,"5":128,"6":128,"7":128,"8":128,"9":50,"10":50,"11":50,"12":50,"13":50,"14":6,"15":6,"16":6,"17":6,"18":6,"19":6,"20":52,"21":52,"22":52,"23":52,"24":52,"25":52,"26":52,"27":52,"28":52,"29":52,"30":52,"31":10,"32":4,"33":4,"34":4,"35":10,"36":4,"37":4,"38":4,"39":10,"40":4,"41":4,"42":4,"43":10,"44":4,"45":4,"46":4,"47":10,"48":4,"49":4,"50":4,"51":10,"52":4,"53":4,"54":4},"b":{"1":[60,12],"2":[128,0],"3":[50,0],"4":[4,6],"5":[4,6],"6":[4,6],"7":[4,6],"8":[4,6],"9":[4,6]},"f":{"1":236,"2":84,"3":66,"4":72,"5":128,"6":50,"7":50,"8":6,"9":6,"10":6,"11":6,"12":6,"13":6,"14":52,"15":10,"16":10,"17":10,"18":10,"19":10,"20":10},"fnMap":{"1":{"name":"onlyAdmin","line":71,"loc":{"start":{"line":71,"column":4},"end":{"line":74,"column":4}}},"2":{"name":"ifNotPaused","line":76,"loc":{"start":{"line":76,"column":4},"end":{"line":79,"column":4}}},"3":{"name":"onlyRegularSell","line":81,"loc":{"start":{"line":81,"column":4},"end":{"line":84,"column":4}}},"4":{"name":"validAddress","line":86,"loc":{"start":{"line":86,"column":4},"end":{"line":89,"column":4}}},"5":{"name":"initialize","line":91,"loc":{"start":{"line":91,"column":4},"end":{"line":100,"column":4}}},"6":{"name":"setDaiTokenAddress","line":102,"loc":{"start":{"line":102,"column":4},"end":{"line":107,"column":4}}},"7":{"name":"setPlanterFundContractAddress","line":111,"loc":{"start":{"line":109,"column":4},"end":{"line":116,"column":4}}},"8":{"name":"setTreeResearchAddress","line":124,"loc":{"start":{"line":122,"column":4},"end":{"line":127,"column":4}}},"9":{"name":"setLocalDevelopAddress","line":135,"loc":{"start":{"line":133,"column":4},"end":{"line":138,"column":4}}},"10":{"name":"setRescueFundAddress","line":144,"loc":{"start":{"line":144,"column":4},"end":{"line":146,"column":4}}},"11":{"name":"setTreejerDevelopAddress","line":154,"loc":{"start":{"line":152,"column":4},"end":{"line":157,"column":4}}},"12":{"name":"setReserveFund1Address","line":165,"loc":{"start":{"line":163,"column":4},"end":{"line":168,"column":4}}},"13":{"name":"setReserveFund2Address","line":176,"loc":{"start":{"line":174,"column":4},"end":{"line":179,"column":4}}},"14":{"name":"fundTree","line":192,"loc":{"start":{"line":181,"column":4},"end":{"line":216,"column":4}}},"15":{"name":"withdrawTreeResearch","line":228,"loc":{"start":{"line":224,"column":4},"end":{"line":244,"column":4}}},"16":{"name":"withdrawLocalDevelop","line":256,"loc":{"start":{"line":252,"column":4},"end":{"line":272,"column":4}}},"17":{"name":"withdrawRescueFund","line":284,"loc":{"start":{"line":280,"column":4},"end":{"line":296,"column":4}}},"18":{"name":"withdrawTreejerDevelop","line":308,"loc":{"start":{"line":304,"column":4},"end":{"line":324,"column":4}}},"19":{"name":"withdrawReserveFund1","line":336,"loc":{"start":{"line":332,"column":4},"end":{"line":348,"column":4}}},"20":{"name":"withdrawReserveFund2","line":360,"loc":{"start":{"line":356,"column":4},"end":{"line":372,"column":4}}}},"statementMap":{"1":{"start":{"line":72,"column":8},"end":{"line":72,"column":44}},"2":{"start":{"line":77,"column":8},"end":{"line":77,"column":38}},"3":{"start":{"line":82,"column":8},"end":{"line":82,"column":50}},"4":{"start":{"line":87,"column":8},"end":{"line":87,"column":57}},"5":{"start":{"line":92,"column":8},"end":{"line":92,"column":2362}},"6":{"start":{"line":96,"column":8},"end":{"line":96,"column":55}},"7":{"start":{"line":98,"column":8},"end":{"line":98,"column":24}},"8":{"start":{"line":99,"column":8},"end":{"line":99,"column":44}},"9":{"start":{"line":103,"column":8},"end":{"line":103,"column":2698}},"10":{"start":{"line":106,"column":8},"end":{"line":106,"column":35}},"11":{"start":{"line":113,"column":8},"end":{"line":113,"column":63}},"12":{"start":{"line":114,"column":8},"end":{"line":114,"column":49}},"13":{"start":{"line":115,"column":8},"end":{"line":115,"column":46}},"14":{"start":{"line":126,"column":8},"end":{"line":126,"column":37}},"15":{"start":{"line":137,"column":8},"end":{"line":137,"column":37}},"16":{"start":{"line":145,"column":8},"end":{"line":145,"column":35}},"17":{"start":{"line":156,"column":8},"end":{"line":156,"column":39}},"18":{"start":{"line":167,"column":8},"end":{"line":167,"column":37}},"19":{"start":{"line":178,"column":8},"end":{"line":178,"column":37}},"20":{"start":{"line":193,"column":8},"end":{"line":193,"column":63}},"21":{"start":{"line":195,"column":8},"end":{"line":195,"column":67}},"22":{"start":{"line":197,"column":8},"end":{"line":197,"column":67}},"23":{"start":{"line":199,"column":8},"end":{"line":199,"column":67}},"24":{"start":{"line":201,"column":8},"end":{"line":201,"column":71}},"25":{"start":{"line":203,"column":8},"end":{"line":203,"column":67}},"26":{"start":{"line":205,"column":8},"end":{"line":205,"column":62}},"27":{"start":{"line":206,"column":8},"end":{"line":206,"column":64}},"28":{"start":{"line":208,"column":8},"end":{"line":208,"column":5574}},"29":{"start":{"line":213,"column":8},"end":{"line":213,"column":78}},"30":{"start":{"line":215,"column":8},"end":{"line":215,"column":69}},"31":{"start":{"line":230,"column":8},"end":{"line":230,"column":6274}},"32":{"start":{"line":235,"column":8},"end":{"line":235,"column":41}},"33":{"start":{"line":237,"column":8},"end":{"line":237,"column":54}},"34":{"start":{"line":239,"column":8},"end":{"line":239,"column":6504}},"35":{"start":{"line":258,"column":8},"end":{"line":258,"column":7058}},"36":{"start":{"line":263,"column":8},"end":{"line":263,"column":41}},"37":{"start":{"line":265,"column":8},"end":{"line":265,"column":54}},"38":{"start":{"line":267,"column":8},"end":{"line":267,"column":7288}},"39":{"start":{"line":286,"column":8},"end":{"line":286,"column":7834}},"40":{"start":{"line":291,"column":8},"end":{"line":291,"column":39}},"41":{"start":{"line":293,"column":8},"end":{"line":293,"column":52}},"42":{"start":{"line":295,"column":8},"end":{"line":295,"column":72}},"43":{"start":{"line":310,"column":8},"end":{"line":310,"column":8566}},"44":{"start":{"line":315,"column":8},"end":{"line":315,"column":43}},"45":{"start":{"line":317,"column":8},"end":{"line":317,"column":56}},"46":{"start":{"line":319,"column":8},"end":{"line":319,"column":8802}},"47":{"start":{"line":338,"column":8},"end":{"line":338,"column":9360}},"48":{"start":{"line":343,"column":8},"end":{"line":343,"column":41}},"49":{"start":{"line":345,"column":8},"end":{"line":345,"column":54}},"50":{"start":{"line":347,"column":8},"end":{"line":347,"column":76}},"51":{"start":{"line":362,"column":8},"end":{"line":362,"column":10094}},"52":{"start":{"line":367,"column":8},"end":{"line":367,"column":41}},"53":{"start":{"line":369,"column":8},"end":{"line":369,"column":54}},"54":{"start":{"line":371,"column":8},"end":{"line":371,"column":76}}},"branchMap":{"1":{"line":87,"type":"if","locations":[{"start":{"line":87,"column":8},"end":{"line":87,"column":8}},{"start":{"line":87,"column":8},"end":{"line":87,"column":8}}]},"2":{"line":96,"type":"if","locations":[{"start":{"line":96,"column":8},"end":{"line":96,"column":8}},{"start":{"line":96,"column":8},"end":{"line":96,"column":8}}]},"3":{"line":114,"type":"if","locations":[{"start":{"line":114,"column":8},"end":{"line":114,"column":8}},{"start":{"line":114,"column":8},"end":{"line":114,"column":8}}]},"4":{"line":230,"type":"if","locations":[{"start":{"line":230,"column":8},"end":{"line":230,"column":8}},{"start":{"line":230,"column":8},"end":{"line":230,"column":8}}]},"5":{"line":258,"type":"if","locations":[{"start":{"line":258,"column":8},"end":{"line":258,"column":8}},{"start":{"line":258,"column":8},"end":{"line":258,"column":8}}]},"6":{"line":286,"type":"if","locations":[{"start":{"line":286,"column":8},"end":{"line":286,"column":8}},{"start":{"line":286,"column":8},"end":{"line":286,"column":8}}]},"7":{"line":310,"type":"if","locations":[{"start":{"line":310,"column":8},"end":{"line":310,"column":8}},{"start":{"line":310,"column":8},"end":{"line":310,"column":8}}]},"8":{"line":338,"type":"if","locations":[{"start":{"line":338,"column":8},"end":{"line":338,"column":8}},{"start":{"line":338,"column":8},"end":{"line":338,"column":8}}]},"9":{"line":362,"type":"if","locations":[{"start":{"line":362,"column":8},"end":{"line":362,"column":8}},{"start":{"line":362,"column":8},"end":{"line":362,"column":8}}]}}},"contracts/treasury/FinancialModel.sol":{"l":{"50":293,"51":285,"54":0,"55":0,"59":255,"63":255,"65":255,"66":255,"90":152,"103":144,"115":144,"117":144,"132":133,"137":131,"139":131,"141":131,"143":131,"144":56,"145":34,"147":22,"148":11,"151":11,"153":22,"154":17,"155":0,"156":0,"158":17,"161":5,"167":5,"170":22,"171":10,"176":131,"177":120,"178":120,"179":2,"181":118,"185":131,"186":2,"189":131,"190":124,"191":111,"193":7,"203":131,"217":69,"218":8,"221":61,"242":61,"244":61,"246":61,"247":121,"248":16,"250":15,"254":15,"267":45,"269":44,"273":44,"294":3,"296":3,"297":6,"298":0,"299":0,"303":3,"305":3},"path":"/home/smuggler/contract/contracts/treasury/FinancialModel.sol","s":{"1":293,"2":0,"3":255,"4":255,"5":255,"6":255,"7":152,"8":144,"9":144,"10":144,"11":133,"12":131,"13":131,"14":131,"15":56,"16":34,"17":22,"18":11,"19":11,"20":22,"21":17,"22":0,"23":17,"24":5,"25":5,"26":22,"27":10,"28":131,"29":120,"30":120,"31":2,"32":118,"33":131,"34":2,"35":131,"36":124,"37":111,"38":13,"39":7,"40":131,"41":69,"42":8,"43":61,"44":61,"45":61,"46":61,"47":121,"48":16,"49":15,"50":15,"51":45,"52":44,"53":44,"54":3,"55":3,"56":6,"57":0,"58":0,"59":3,"60":3},"b":{"1":[255,0],"2":[144,8],"3":[131,2],"4":[34,22],"5":[11,11],"6":[17,5],"7":[0,17],"8":[5,12],"9":[10,12],"10":[120,11],"11":[2,118],"12":[2,129],"13":[124,7],"14":[111,13],"15":[7,6],"16":[8,61],"17":[16,105],"18":[15,1],"19":[44,1],"20":[0,6],"21":[0,0],"22":[3,0]},"f":{"1":293,"2":0,"3":255,"4":152,"5":133,"6":69,"7":61,"8":3},"fnMap":{"1":{"name":"onlyAdmin","line":49,"loc":{"start":{"line":49,"column":4},"end":{"line":52,"column":4}}},"2":{"name":"ifNotPaused","line":53,"loc":{"start":{"line":53,"column":4},"end":{"line":56,"column":4}}},"3":{"name":"initialize","line":58,"loc":{"start":{"line":58,"column":4},"end":{"line":67,"column":4}}},"4":{"name":"addFundDistributionModel","line":89,"loc":{"start":{"line":80,"column":4},"end":{"line":118,"column":4}}},"5":{"name":"assignTreeFundDistributionModel","line":131,"loc":{"start":{"line":127,"column":4},"end":{"line":204,"column":4}}},"6":{"name":"distributionModelExistance","line":212,"loc":{"start":{"line":212,"column":4},"end":{"line":222,"column":4}}},"7":{"name":"findTreeDistribution","line":228,"loc":{"start":{"line":228,"column":4},"end":{"line":283,"column":4}}},"8":{"name":"getFindDistributionModelId","line":289,"loc":{"start":{"line":289,"column":4},"end":{"line":306,"column":4}}}},"statementMap":{"1":{"start":{"line":50,"column":8},"end":{"line":50,"column":44}},"2":{"start":{"line":54,"column":8},"end":{"line":54,"column":38}},"3":{"start":{"line":59,"column":8},"end":{"line":59,"column":1560}},"4":{"start":{"line":63,"column":8},"end":{"line":63,"column":55}},"5":{"start":{"line":65,"column":8},"end":{"line":65,"column":30}},"6":{"start":{"line":66,"column":8},"end":{"line":66,"column":44}},"7":{"start":{"line":90,"column":8},"end":{"line":90,"column":2581}},"8":{"start":{"line":103,"column":8},"end":{"line":103,"column":2909}},"9":{"start":{"line":115,"column":8},"end":{"line":115,"column":68}},"10":{"start":{"line":117,"column":8},"end":{"line":117,"column":40}},"11":{"start":{"line":132,"column":8},"end":{"line":132,"column":3862}},"12":{"start":{"line":137,"column":8},"end":{"line":137,"column":56}},"13":{"start":{"line":141,"column":8},"end":{"line":141,"column":29}},"14":{"start":{"line":143,"column":8},"end":{"line":143,"column":4119}},"15":{"start":{"line":144,"column":12},"end":{"line":144,"column":4187}},"16":{"start":{"line":145,"column":16},"end":{"line":145,"column":49}},"17":{"start":{"line":147,"column":16},"end":{"line":147,"column":4333}},"18":{"start":{"line":148,"column":20},"end":{"line":148,"column":4379}},"19":{"start":{"line":151,"column":20},"end":{"line":151,"column":32}},"20":{"start":{"line":153,"column":16},"end":{"line":153,"column":4558}},"21":{"start":{"line":154,"column":20},"end":{"line":154,"column":4604}},"22":{"start":{"line":155,"column":24},"end":{"line":155,"column":36}},"23":{"start":{"line":158,"column":20},"end":{"line":158,"column":4760}},"24":{"start":
[...]
},"5":{"name":"onlyCommunityGifts","line":92,"loc":{"start":{"line":92,"column":4},"end":{"line":95,"column":4}}},"6":{"name":"onlyIncremental","line":96,"loc":{"start":{"line":96,"column":4},"end":{"line":99,"column":4}}},"7":{"name":"onlyIncrementalSellOrAuction","line":101,"loc":{"start":{"line":101,"column":4},"end":{"line":104,"column":4}}},"8":{"name":"onlyIncrementalOrCommunityGifts","line":106,"loc":{"start":{"line":106,"column":4},"end":{"line":109,"column":4}}},"9":{"name":"onlyIncrementalSellOrAuctionOrCommunityGifts","line":111,"loc":{"start":{"line":111,"column":4},"end":{"line":116,"column":4}}},"10":{"name":"validTree","line":118,"loc":{"start":{"line":118,"column":4},"end":{"line":121,"column":4}}},"11":{"name":"onlyRegularSellContract","line":123,"loc":{"start":{"line":123,"column":4},"end":{"line":126,"column":4}}},"12":{"name":"initialize","line":128,"loc":{"start":{"line":128,"column":4},"end":{"line":138,"column":4}}},"13":{"name":"setTrustedForwarder","line":140,"loc":{"start":{"line":140,"column":4},"end":{"line":142,"column":4}}},"14":{"name":"setPlanterFundAddress","line":144,"loc":{"start":{"line":144,"column":4},"end":{"line":150,"column":4}}},"15":{"name":"setPlanterAddress","line":152,"loc":{"start":{"line":152,"column":4},"end":{"line":158,"column":4}}},"16":{"name":"setTreeTokenAddress","line":160,"loc":{"start":{"line":160,"column":4},"end":{"line":166,"column":4}}},"17":{"name":"addTree","line":170,"loc":{"start":{"line":168,"column":4},"end":{"line":180,"column":4}}},"18":{"name":"assignTreeToPlanter","line":184,"loc":{"start":{"line":182,"column":4},"end":{"line":198,"column":4}}},"19":{"name":"plantTree","line":200,"loc":{"start":{"line":200,"column":4},"end":{"line":232,"column":4}}},"20":{"name":"verifyPlant","line":236,"loc":{"start":{"line":234,"column":4},"end":{"line":268,"column":4}}},"21":{"name":"updateTree","line":270,"loc":{"start":{"line":270,"column":4},"end":{"line":296,"column":4}}},"22":{"name":"verifyUpdate","line":300,"loc":{"start":{"line":298,"column":4},"end":{"line":350,"column":4}}},"23":{"name":"availability","line":355,"loc":{"start":{"line":352,"column":4},"end":{"line":369,"column":4}}},"24":{"name":"updateOwner","line":375,"loc":{"start":{"line":371,"column":4},"end":{"line":379,"column":4}}},"25":{"name":"updateAvailability","line":381,"loc":{"start":{"line":381,"column":4},"end":{"line":383,"column":4}}},"26":{"name":"bulkRevert","line":388,"loc":{"start":{"line":386,"column":4},"end":{"line":395,"column":4}}},"27":{"name":"manageProvideStatus","line":402,"loc":{"start":{"line":398,"column":4},"end":{"line":412,"column":4}}},"28":{"name":"checkMintStatus","line":414,"loc":{"start":{"line":414,"column":4},"end":{"line":422,"column":4}}},"29":{"name":"regularPlantTree","line":447,"loc":{"start":{"line":447,"column":4},"end":{"line":466,"column":4}}},"30":{"name":"verifyRegularPlant","line":475,"loc":{"start":{"line":475,"column":4},"end":{"line":523,"column":4}}},"31":{"name":"mintRegularTrees","line":537,"loc":{"start":{"line":535,"column":4},"end":{"line":562,"column":4}}},"32":{"name":"requestRegularTree","line":572,"loc":{"start":{"line":570,"column":4},"end":{"line":584,"column":4}}}},"statementMap":{"1":{"start":{"line":74,"column":8},"end":{"line":74,"column":46}},"2":{"start":{"line":79,"column":8},"end":{"line":79,"column":38}},"3":{"start":{"line":84,"column":8},"end":{"line":84,"column":48}},"4":{"start":{"line":89,"column":8},"end":{"line":89,"column":64}},"5":{"start":{"line":93,"column":8},"end":{"line":93,"column":55}},"6":{"start":{"line":97,"column":8},"end":{"line":97,"column":56}},"7":{"start":{"line":102,"column":8},"end":{"line":102,"column":65}},"8":{"start":{"line":107,"column":8},"end":{"line":107,"column":68}},"9":{"start":{"line":112,"column":8},"end":{"line":112,"column":3213}},"10":{"start":{"line":119,"column":8},"end":{"line":119,"column":64}},"11":{"start":{"line":124,"column":8},"end":{"line":124,"column":52}},"12":{"start":{"line":129,"column":8},"end":{"line":129,"column":3659}},"13":{"start":{"line":133,"column":8},"end":{"line":133,"column":55}},"14":{"start":{"line":135,"column":8},"end":{"line":135,"column":27}},"15":{"start":{"line":136,"column":8},"end":{"line":136,"column":44}},"16":{"start":{"line":137,"column":8},"end":{"line":137,"column":37}},"17":{"start":{"line":141,"column":8},"end":{"line":141,"column":34}},"18":{"start":{"line":145,"column":8},"end":{"line":145,"column":63}},"19":{"start":{"line":147,"column":8},"end":{"line":147,"column":49}},"20":{"start":{"line":149,"column":8},"end":{"line":149,"column":38}},"21":{"start":{"line":153,"column":8},"end":{"line":153,"column":55}},"22":{"start":{"line":155,"column":8},"end":{"line":155,"column":45}},"23":{"start":{"line":157,"column":8},"end":{"line":157,"column":34}},"24":{"start":{"line":161,"column":8},"end":{"line":161,"column":49}},"25":{"start":{"line":163,"column":8},"end":{"line":163,"column":42}},"26":{"start":{"line":165,"column":8},"end":{"line":165,"column":36}},"27":{"start":{"line":172,"column":8},"end":{"line":172,"column":67}},"28":{"start":{"line":174,"column":8},"end":{"line":174,"column":51}},"29":{"start":{"line":176,"column":8},"end":{"line":176,"column":26}},"30":{"start":{"line":177,"column":8},"end":{"line":177,"column":40}},"31":{"start":{"line":179,"column":8},"end":{"line":179,"column":31}},"32":{"start":{"line":186,"column":8},"end":{"line":186,"column":55}},"33":{"start":{"line":188,"column":8},"end":{"line":188,"column":66}},"34":{"start":{"line":190,"column":8},"end":{"line":190,"column":5342}},"35":{"start":{"line":195,"column":8},"end":{"line":195,"column":38}},"36":{"start":{"line":197,"column":8},"end":{"line":197,"column":34}},"37":{"start":{"line":206,"column":8},"end":{"line":206,"column":58}},"38":{"start":{"line":208,"column":8},"end":{"line":208,"column":76}},"39":{"start":{"line":210,"column":8},"end":{"line":210,"column":5854}},"40":{"start":{"line":215,"column":8},"end":{"line":215,"column":55}},"41":{"start":{"line":217,"column":8},"end":{"line":217,"column":6037}},"42":{"start":{"line":218,"column":12},"end":{"line":218,"column":47}},"43":{"start":{"line":221,"column":8},"end":{"line":221,"column":63}},"44":{"start":{"line":223,"column":8},"end":{"line":223,"column":45}},"45":{"start":{"line":224,"column":8},"end":{"line":224,"column":37}},"46":{"start":{"line":226,"column":8},"end":{"line":226,"column":45}},"47":{"start":{"line":227,"column":8},"end":{"line":227,"column":41}},"48":{"start":{"line":228,"column":8},"end":{"line":228,"column":57}},"49":{"start":{"line":229,"column":8},"end":{"line":229,"column":33}},"50":{"start":{"line":231,"column":8},"end":{"line":231,"column":33}},"51":{"start":{"line":238,"column":8},"end":{"line":238,"column":58}},"52":{"start":{"line":240,"column":8},"end":{"line":240,"column":66}},"53":{"start":{"line":242,"column":8},"end":{"line":242,"column":6771}},"54":{"start":{"line":247,"column":8},"end":{"line":247,"column":6901}},"55":{"start":{"line":253,"column":8},"end":{"line":253,"column":67}},"56":{"start":{"line":255,"column":8},"end":{"line":255,"column":7166}},"57":{"start":{"line":256,"column":12},"end":{"line":256,"column":64}},"58":{"start":{"line":257,"column":12},"end":{"line":257,"column":37}},"59":{"start":{"line":258,"column":12},"end":{"line":258,"column":45}},"60":{"start":{"line":260,"column":12},"end":{"line":260,"column":39}},"61":{"start":{"line":262,"column":12},"end":{"line":262,"column":37}},"62":{"start":{"line":263,"column":12},"end":{"line":263,"column":45}},"63":{"start":{"line":264,"column":12},"end":{"line":264,"column":58}},"64":{"start":{"line":266,"column":12},"end":{"line":266,"column":39}},"65":{"start":{"line":271,"column":8},"end":{"line":271,"column":7693}},"66":{"start":{"line":276,"column":8},"end":{"line":276,"column":68}},"67":{"start":{"line":278,"column":8},"end":{"line":278,"column":7902}},"68":{"start":{"line":283,"column":8},"end":{"line":283,"column":8027}},"69":{"start":{"line":290,"column":8},"end":{"line":290,"column":63}},"70":{"start":{"line":292,"column":8},"end":{"line":292,"column":45}},"71":{"start":{"line":293,"column":8},"end":{"line":293,"column":37}},"72":{"start":{"line":295,"column":8},"end":{"line":295,"column":33}},"73":{"start":{"line":302,"column":8},"end":{"line":302,"column":8539}},"74":{"start":{"line":307,"column":8},"end":{"line":307,"column":8675}},"75":{"start":{"line":312,"column":8},"end":{"line":312,"column":68}},"76":{"start":{"line":314,"column":8},"end":{"line":314,"column":8872}},"77":{"start":{"line":320,"column":8},"end":{"line":320,"column":63}},"78":{"start":{"line":322,"column":8},"end":{"line":322,"column":9139}},"79":{"start":{"line":323,"column":12},"end":{"line":323,"column":55}},"80":{"start":{"line":325,"column":12},"end":{"line":325,"column":41}},"81":{"start":{"line":327,"column":12},"end":{"line":327,"column":9297}},"82":{"start":{"line":330,"column":12},"end":{"line":330,"column":9388}},"83":{"start":{"line":331,"column":16},"end":{"line":331,"column":36}},"84":{"start":{"line":334,"column":12},"end":{"line":334,"column":53}},"85":{"start":{"line":336,"column":12},"end":{"line":336,"column":9540}},"86":{"start":{"line":337,"column":16},"end":{"line":337,"column":9593}},"87":{"start":{"line":344,"column":12},"end":{"line":344,"column":40}},"88":{"start":{"line":346,"column":12},"end":{"line":346,"column":41}},"89":{"start":{"line":348,"column":12},"end":{"line":348,"column":40}},"90":{"start":{"line":358,"column":8},"end":{"line":358,"column":10075}},"91":{"start":{"line":359,"column":12},"end":{"line":359,"column":20}},"92":{"start":{"line":362,"column":8},"end":{"line":362,"column":65}},"93":{"start":{"line":364,"column":8},"end":{"line":364,"column":10217}},"94":{"start":{"line":365,"column":12},"end":{"line":365,"column":57}},"95":{"start":{"line":368,"column":8},"end":{"line":368,"column":31}},"96":{"start":{"line":376,"column":8},"end":{"line":376,"column":42}},"97":{"start":{"line":377,"column":8},"end":{"line":377,"column":49}},"98":{"start":{"line":378,"column":8},"end":{"line":378,"column":44}},"99":{"start":{"line":382,"column":8},"end":{"line":382,"column":42}},"100":{"start":{"line":390,"column":8},"end":{"line":390,"column":10966}},"101":{"start":{"line":391,"column":12},"end":{"line":391,"column":11036}},"102":{"start":{"line":392,"column":16},"end":{"line":392,"column":44}},"103":{"start":{"line":403,"column":8},"end":{"line":403,"column":11398}},"104":{"start":{"line":404,"column":12},"end":{"line":404,"column":11468}},"105":{"start":{"line":405,"column":16},"end":{"line":405,"column":28}},"106":{"start":{"line":408,"column":8},"end":{"line":408,"column":11563}},"107":{"start":{"line":409,"column":12},"end":{"line":409,"column":53}},"108":{"start":{"line":411,"column":8},"end":{"line":411,"column":19}},"109":{"start":{"line":419,"column":8},"end":{"line":419,"column":52}},"110":{"start":{"line":420,"column":8},"end":{"line":420,"column":11935}},"111":{"start":{"line":452,"column":8},"end":{"line":452,"column":50}},"112":{"start":{"line":454,"column":8},"end":{"line":454,"column":12962}},"113":{"start":{"line":463,"column":8},"end":{"line":463,"column":56}},"114":{"start":{"line":465,"column":8},"end":{"line":465,"column":32}},"115":{"start":{"line":478,"column":8},"end":{"line":478,"column":70}},"116":{"start":{"line":480,"column":8},"end":{"line":480,"column":13771}},"117":{"start":{"line":485,"column":8},"end":{"line":485,"column":13906}},"118":{"start":{"line":491,"column":8},"end":{"line":491,"column":66}},"119":{"start":{"line":493,"column":8},"end":{"line":493,"column":14176}},"120":{"start":{"line":494,"column":12},"end":{"line":494,"column":75}},"121":{"start":{"line":496,"column":12},"end":{"line":496,"column":14289}},"122":{"start":{"line":500,"column":16},"end":{"line":500,"column":74}},"123":{"start":{"line":503,"column":12},"end":{"line":503,"column":62}},"124":{"start":{"line":505,"column":12},"end":{"line":505,"column":70}},"125":{"start":{"line":507,"column":12},"end":{"line":507,"column":49}},"126":{"start":{"line":508,"column":12},"end":{"line":508,"column":61}},"127":{"start":{"line":509,"column":12},"end":{"line":509,"column":49}},"128":{"start":{"line":510,"column":12},"end":{"line":510,"column":49}},"129":{"start":{"line":511,"column":12},"end":{"line":511,"column":54}},"130":{"start":{"line":512,"column":12},"end":{"line":512,"column":30}},"131":{"start":{"line":514,"column":12},"end":{"line":514,"column":15018}},"132":{"start":{"line":515,"column":16},"end":{"line":515,"column":37}},"133":{"start":{"line":517,"column":12},"end":{"line":517,"column":61}},"134":{"start":{"line":519,"column":12},"end":{"line":519,"column":53}},"135":{"start":{"line":540,"column":8},"end":{"line":540,"column":45}},"136":{"start":{"line":542,"column":8},"end":{"line":542,"column":15922}},"137":{"start":{"line":547,"column":8},"end":{"line":547,"column":16112}},"138":{"start":{"line":548,"column":12},"end":{"line":548,"column":44}},"139":{"start":{"line":550,"column":12},"end":{"line":550,"column":16242}},"140":{"start":{"line":557,"column":8},"end":{"line":557,"column":48}},"141":{"start":{"line":559,"column":8},"end":{"line":559,"column":48}},"142":{"start":{"line":561,"column":8},"end":{"line":561,"column":28}},"143":{"start":{"line":574,"column":8},"end":{"line":574,"column":51}},"144":{"start":{"line":576,"column":8},"end":{"line":576,"column":17125}},"145":{"start":{"line":581,"column":8},"end":{"line":581,"column":29}},"146":{"start":{"line":583,"column":8},"end":{"line":583,"column":42}}},"branchMap":{"1":{"line":119,"type":"if","locations":[{"start":{"line":119,"column":8},"end":{"line":119,"column":8}},{"start":{"line":119,"column":8},"end":{"line":119,"column":8}}]},"2":{"line":133,"type":"if","locations":[{"start":{"line":133,"column":8},"end":{"line":133,"column":8}},{"start":{"line":133,"column":8},"end":{"line":133,"column":8}}]},"3":{"line":147,"type":"if","locations":[{"start":{"line":147,"column":8},"end":{"line":147,"column":8}},{"start":{"line":147,"column":8},"end":{"line":147,"column":8}}]},"4":{"line":155,"type":"if","locations":[{"start":{"line":155,"column":8},"end":{"line":155,"column":8}},{"start":{"line":155,"column":8},"end":{"line":155,"column":8}}]},"5":{"line":163,"type":"if","locations":[{"start":{"line":163,"column":8},"end":{"line":163,"column":8}},{"start":{"line":163,"column":8},"end":{"line":163,"column":8}}]},"6":{"line":172,"type":"if","locations":[{"start":{"line":172,"column":8},"end":{"line":172,"column":8}},{"start":{"line":172,"column":8},"end":{"line":172,"column":8}}]},"7":{"line":188,"type":"if","locations":[{"start":{"line":188,"column":8},"end":{"line":188,"column":8}},{"start":{"line":188,"column":8},"end":{"line":188,"column":8}}]},"8":{"line":190,"type":"if","locations":[{"start":{"line":190,"column":8},"end":{"line":190,"column":8}},{"start":{"line":190,"column":8},"end":{"line":190,"column":8}}]},"9":{"line":208,"type":"if","locations":[{"start":{"line":208,"column":8},"end":{"line":208,"column":8}},{"start":{"line":208,"column":8},"end":{"line":208,"column":8}}]},"10":{"line":215,"type":"if","locations":[{"start":{"line":215,"column":8},"end":{"line":215,"column":8}},{"start":{"line":215,"column":8},"end":{"line":215,"column":8}}]},"11":{"line":217,"type":"if","locations":[{"start":{"line":217,"column":8},"end":{"line":217,"column":8}},{"start":{"line":217,"column":8},"end":{"line":217,"column":8}}]},"12":{"line":240,"type":"if","locations":[{"start":{"line":240,"column":8},"end":{"line":240,"column":8}},{"start":{"line":240,"column":8},"end":{"line":240,"column":8}}]},"13":{"line":242,"type":"if","locations":[{"start":{"line":242,"column":8},"end":{"line":242,"column":8}},{"start":{"line":242,"column":8},"end":{"line":242,"column":8}}]},"14":{"line":247,"type":"if","locations":[{"start":{"line":247,"column":8},"end":{"line":247,"column":8}},{"start":{"line":247,"column":8},"end":{"line":247,"column":8}}]},"15":{"line":255,"type":"if","locations":[{"start":{"line":255,"column":8},"end":{"line":255,"column":8}},{"start":{"line":255,"column":8},"end":{"line":255,"column":8}}]},"16":{"line":271,"type":"if","locations":[{"start":{"line":271,"column":8},"end":{"line":271,"column":8}},{"start":{"line":271,"column":8},"end":{"line":271,"column":8}}]},"17":{"line":276,"type":"if","locations":[{"start":{"line":276,"column":8},"end":{"line":276,"column":8}},{"start":{"line":276,"column":8},"end":{"line":276,"column":8}}]},"18":{"line":278,"type":"if","locations":[{"start":{"line":278,"column":8},"end":{"line":278,"column":8}},{"start":{"line":278,"column":8},"end":{"line":278,"column":8}}]},"19":{"line":283,"type":"if","locations":[{"start":{"line":283,"column":8},"end":{"line":283,"column":8}},{"start":{"line":283,"column":8},"end":{"line":283,"column":8}}]},"20":{"line":302,"type":"if","locations":[{"start":{"line":302,"column":8},"end":{"line":302,"column":8}},{"start":{"line":302,"column":8},"end":{"line":302,"column":8}}]},"21":{"line":307,"type":"if","locations":[{"start":{"line":307,"column":8},"end":{"line":307,"column":8}},{"start":{"line":307,"column":8},"end":{"line":307,"column":8}}]},"22":{"line":312,"type":"if","locations":[{"start":{"line":312,"column":8},"end":{"line":312,"column":8}},{"start":{"line":312,"column":8},"end":{"line":312,"column":8}}]},"23":{"line":314,"type":"if","locations":[{"start":{"line":314,"column":8},"end":{"line":314,"column":8}},{"start":{"line":314,"column":8},"end":{"line":314,"column":8}}]},"24":{"line":322,"type":"if","locations":[{"start":{"line":322,"column":8},"end":{"line":322,"column":8}},{"start":{"line":322,"column":8},"end":{"line":322,"column":8}}]},"25":{"line":330,"type":"if","locations":[{"start":{"line":330,"column":12},"end":{"line":330,"column":12}},{"start":{"line":330,"column":12},"end":{"line":330,"column":12}}]},"26":{"line":336,"type":"if","locations":[{"start":{"line":336,"column":12},"end":{"line":336,"column":12}},{"start":{"line":336,"column":12},"end":{"line":336,"column":12}}]},"27":{"line":358,"type":"if","locations":[{"start":{"line":358,"column":8},"end":{"line":358,"column":8}},{"start":{"line":358,"column":8},"end":{"line":358,"column":8}}]},"28":{"line":364,"type":"if","locations":[{"start":{"line":364,"column":8},"end":{"line":364,"column":8}},{"start":{"line":364,"column":8},"end":{"line":364,"column":8}}]},"29":{"line":391,"type":"if","locations":[{"start":{"line":391,"column":12},"end":{"line":391,"column":12}},{"start":{"line":391,"column":12},"end":{"line":391,"column":12}}]},"30":{"line":404,"type":"if","locations":[{"start":{"line":404,"column":12},"end":{"line":404,"column":12}},{"start":{"line":404,"column":12},"end":{"line":404,"column":12}}]},"31":{"line":452,"type":"if","locations":[{"start":{"line":452,"column":8},"end":{"line":452,"column":8}},{"start":{"line":452,"column":8},"end":{"line":452,"column":8}}]},"32":{"line":480,"type":"if","locations":[{"start":{"line":480,"column":8},"end":{"line":480,"column":8}},{"start":{"line":480,"column":8},"end":{"line":480,"column":8}}]},"33":{"line":485,"type":"if","locations":[{"start":{"line":485,"column":8},"end":{"line":485,"column":8}},{"start":{"line":485,"column":8},"end":{"line":485,"column":8}}]},"34":{"line":491,"type":"if","locations":[{"start":{"line":491,"column":8},"end":{"line":491,"column":8}},{"start":{"line":491,"column":8},"end":{"line":491,"column":8}}]},"35":{"line":493,"type":"if","locations":[{"start":{"line":493,"column":8},"end":{"line":493,"column":8}},{"start":{"line":493,"column":8},"end":{"line":493,"column":8}}]},"36":{"line":514,"type":"if","locations":[{"start":{"line":514,"column":12},"end":{"line":514,"column":12}},{"start":{"line":514,"column":12},"end":{"line":514,"column":12}}]},"37":{"line":576,"type":"if","locations":[{"start":{"line":576,"column":8},"end":{"line":576,"column":8}},{"start":{"line":576,"column":8},"end":{"line":576,"column":8}}]}}}}