{"contracts/access/AccessRestriction.sol":{"l":{"25":8,"26":8,"28":8,"30":8,"31":8,"37":11,"38":7,"46":2,"55":4,"63":2,"72":4,"77":5,"82":3,"87":4,"92":3,"100":2,"109":6,"117":2,"126":7,"134":2,"143":4,"151":3},"path":"/home/ali/Desktop/treejer/contract/contracts/access/AccessRestriction.sol","s":{"1":8,"2":8,"3":8,"4":8,"5":8,"6":11,"7":2,"8":4,"9":2,"10":4,"11":5,"12":3,"13":4,"14":3,"15":2,"16":6,"17":2,"18":7,"19":2,"20":4,"21":3},"b":{"1":[8,0],"2":[7,4],"3":[1,1],"4":[1,1],"5":[3,2],"6":[1,2],"7":[1,1],"8":[1,1],"9":[1,1],"10":[2,1]},"f":{"1":8,"2":11,"3":2,"4":4,"5":2,"6":4,"7":5,"8":3,"9":4,"10":3,"11":2,"12":6,"13":2,"14":7,"15":2,"16":4,"17":3},"fnMap":{"1":{"name":"initialize","line":24,"loc":{"start":{"line":24,"column":4},"end":{"line":33,"column":4}}},"2":{"name":"onlyAdmin","line":36,"loc":{"start":{"line":36,"column":4},"end":{"line":39,"column":4}}},"3":{"name":"ifPlanter","line":45,"loc":{"start":{"line":45,"column":4},"end":{"line":47,"column":4}}},"4":{"name":"isPlanter","line":54,"loc":{"start":{"line":54,"column":4},"end":{"line":56,"column":4}}},"5":{"name":"ifAdmin","line":62,"loc":{"start":{"line":62,"column":4},"end":{"line":64,"column":4}}},"6":{"name":"isAdmin","line":71,"loc":{"start":{"line":71,"column":4},"end":{"line":73,"column":4}}},"7":{"name":"ifNotPaused","line":76,"loc":{"start":{"line":76,"column":4},"end":{"line":78,"column":4}}},"8":{"name":"ifPaused","line":81,"loc":{"start":{"line":81,"column":4},"end":{"line":83,"column":4}}},"9":{"name":"pause","line":86,"loc":{"start":{"line":86,"column":4},"end":{"line":88,"column":4}}},"10":{"name":"unpause","line":91,"loc":{"start":{"line":91,"column":4},"end":{"line":93,"column":4}}},"11":{"name":"ifTreejerContract","line":99,"loc":{"start":{"line":99,"column":4},"end":{"line":101,"column":4}}},"12":{"name":"isTreejerContract","line":108,"loc":{"start":{"line":108,"column":4},"end":{"line":110,"column":4}}},"13":{"name":"ifDataManager","line":116,"loc":{"start":{"line":116,"column":4},"end":{"line":118,"column":4}}},"14":{"name":"isDataManager","line":125,"loc":{"start":{"line":125,"column":4},"end":{"line":127,"column":4}}},"15":{"name":"ifBuyerRank","line":133,"loc":{"start":{"line":133,"column":4},"end":{"line":135,"column":4}}},"16":{"name":"isBuyerRank","line":142,"loc":{"start":{"line":142,"column":4},"end":{"line":144,"column":4}}},"17":{"name":"ifDataManagerOrTreejerContract","line":150,"loc":{"start":{"line":150,"column":4},"end":{"line":155,"column":4}}}},"statementMap":{"1":{"start":{"line":25,"column":8},"end":{"line":25,"column":54}},"2":{"start":{"line":26,"column":8},"end":{"line":26,"column":44}},"3":{"start":{"line":28,"column":8},"end":{"line":28,"column":33}},"4":{"start":{"line":30,"column":8},"end":{"line":30,"column":1191}},"5":{"start":{"line":31,"column":12},"end":{"line":31,"column":52}},"6":{"start":{"line":37,"column":8},"end":{"line":37,"column":78}},"7":{"start":{"line":46,"column":8},"end":{"line":46,"column":62}},"8":{"start":{"line":55,"column":8},"end":{"line":55,"column":46}},"9":{"start":{"line":63,"column":8},"end":{"line":63,"column":56}},"10":{"start":{"line":72,"column":8},"end":{"line":72,"column":52}},"11":{"start":{"line":77,"column":8},"end":{"line":77,"column":45}},"12":{"start":{"line":82,"column":8},"end":{"line":82,"column":48}},"13":{"start":{"line":87,"column":8},"end":{"line":87,"column":15}},"14":{"start":{"line":92,"column":8},"end":{"line":92,"column":17}},"15":{"start":{"line":100,"column":8},"end":{"line":100,"column":77}},"16":{"start":{"line":109,"column":8},"end":{"line":109,"column":55}},"17":{"start":{"line":117,"column":8},"end":{"line":117,"column":69}},"18":{"start":{"line":126,"column":8},"end":{"line":126,"column":51}},"19":{"start":{"line":134,"column":8},"end":{"line":134,"column":65}},"20":{"start":{"line":143,"column":8},"end":{"line":143,"column":49}},"21":{"start":{"line":151,"column":8},"end":{"line":151,"column":4861}}},"branchMap":{"1":{"line":30,"type":"if","locations":[{"start":{"line":30,"column":8},"end":{"line":30,"column":8}},{"start":{"line":30,"column":8},"end":{"line":30,"column":8}}]},"2":{"line":37,"type":"if","locations":[{"start":{"line":37,"column":8},"end":{"line":37,"column":8}},{"start":{"line":37,"column":8},"end":{"line":37,"column":8}}]},"3":{"line":46,"type":"if","locations":[{"start":{"line":46,"column":8},"end":{"line":46,"column":8}},{"start":{"line":46,"column":8},"end":{"line":46,"column":8}}]},"4":{"line":63,"type":"if","locations":[{"start":{"line":63,"column":8},"end":{"line":63,"column":8}},{"start":{"line":63,"column":8},"end":{"line":63,"column":8}}]},"5":{"line":77,"type":"if","locations":[{"start":{"line":77,"column":8},"end":{"line":77,"column":8}},{"start":{"line":77,"column":8},"end":{"line":77,"column":8}}]},"6":{"line":82,"type":"if","locations":[{"start":{"line":82,"column":8},"end":{"line":82,"column":8}},{"start":{"line":82,"column":8},"end":{"line":82,"column":8}}]},"7":{"line":100,"type":"if","locations":[{"start":{"line":100,"column":8},"end":{"line":100,"column":8}},{"start":{"line":100,"column":8},"end":{"line":100,"column":8}}]},"8":{"line":117,"type":"if","locations":[{"start":{"line":117,"column":8},"end":{"line":117,"column":8}},{"start":{"line":117,"column":8},"end":{"line":117,"column":8}}]},"9":{"line":134,"type":"if","locations":[{"start":{"line":134,"column":8},"end":{"line":134,"column":8}},{"start":{"line":134,"column":8},"end":{"line":134,"column":8}}]},"10":{"line":151,"type":"if","locations":[{"start":{"line":151,"column":8},"end":{"line":151,"column":8}},{"start":{"line":151,"column":8},"end":{"line":151,"column":8}}]}}},"contracts/access/IAccessRestriction.sol":{"l":{},"path":"/home/ali/Desktop/treejer/contract/contracts/access/IAccessRestriction.sol","s":{},"b":{},"f":{},"fnMap":{},"statementMap":{},"branchMap":{}},"contracts/auction/ITreeAuction.sol":{"l":{},"path":"/home/ali/Desktop/treejer/contract/contracts/auction/ITreeAuction.sol","s":{},"b":{},"f":{},"fnMap":{},"statementMap":{},"branchMap":{}},"contracts/auction/TreeAuction.sol":{"l":{"61":0,"62":0,"67":0,"68":0,"73":0,"74":0,"79":0,"80":0,"91":0,"94":0,"95":0,"96":0,"109":0,"117":0,"118":0,"119":0,"128":0,"129":0,"130":0,"139":0,"140":0,"141":0,"154":0,"155":0,"175":0,"180":0,"182":0,"184":0,"186":0,"187":0,"188":0,"189":0,"190":0,"192":0,"194":0,"205":0,"207":0,"212":0,"217":0,"222":0,"227":0,"233":0,"235":0,"236":0,"238":0,"239":0,"241":0,"248":0,"250":0,"251":0,"253":0,"263":0,"265":0,"267":0,"269":0,"270":0,"275":0,"277":0,"288":0,"301":0,"303":0,"310":0,"311":0,"314":0,"322":0,"323":0,"324":0},"path":"/home/ali/Desktop/treejer/contract/contracts/auction/TreeAuction.sol","s":{"1":0,"2":0,"3":0,"4":0,"5":0,"6":0,"7":0,"8":0,"9":0,"10":0,"11":0,"12":0,"13":0,"14":0,"15":0,"16":0,"17":0,"18":0,"19":0,"20":0,"21":0,"22":0,"23":0,"24":0,"25":0,"26":0,"27":0,"28":0,"29":0,"30":0,"31":0,"32":0,"33":0,"34":0,"35":0,"36":0,"37":0,"38":0,"39":0,"40":0,"41":0,"42":0,"43":0,"44":0,"45":0,"46":0,"47":0,"48":0,"49":0,"50":0,"51":0,"52":0,"53":0,"54":0,"55":0,"56":0,"57":0,"58":0,"59":0,"60":0,"61":0,"62":0},"b":{"1":[0,0],"2":[0,0],"3":[0,0],"4":[0,0],"5":[0,0],"6":[0,0],"7":[0,0],"8":[0,0],"9":[0,0],"10":[0,0],"11":[0,0],"12":[0,0],"13":[0,0],"14":[0,0],"15":[0,0],"16":[0,0],"17":[0,0],"18":[0,0],"19":[0,0]},"f":{"1":0,"2":0,"3":0,"4":0,"5":0,"6":0,"7":0,"8":0,"9":0,"10":0,"11":0,"12":0,"13":0,"14":0},"fnMap":{"1":{"name":"onlyAdmin","line":60,"loc":{"start":{"line":60,"column":4},"end":{"line":63,"column":4}}},"2":{"name":"onlyDataManager","line":66,"loc":{"start":{"line":66,"column":4},"end":{"line":69,"column":4}}},"3":{"name":"ifNotPaused","line":72,"loc":{"start":{"line":72,"column":4},"end":{"line":75,"column":4}}},"4":{"name":"validAddress","line":78,"loc":{"start":{"line":78,"column":4},"end":{"line":81,"column":4}}},"5":{"name":"initialize","line":89,"loc":{"start":{"line":87,"column":4},"end":{"line":97,"column":4}}},"6":{"name":"setTrustedForwarder","line":107,"loc":{"start":{"line":104,"column":4},"end":{"line":110,"column":4}}},"7":{"name":"setTreeFactoryAddress","line":116,"loc":{"start":{"line":116,"column":4},"end":{"line":120,"column":4}}},"8":{"name":"setFinancialModelAddress","line":127,"loc":{"start":{"line":127,"column":4},"end":{"line":131,"column":4}}},"9":{"name":"setWethFundsAddress","line":138,"loc":{"start":{"line":138,"column":4},"end":{"line":142,"column":4}}},"10":{"name":"setWethTokenAddress","line":152,"loc":{"start":{"line":149,"column":4},"end":{"line":156,"column":4}}},"11":{"name":"createAuction","line":174,"loc":{"start":{"line":168,"column":4},"end":{"line":195,"column":4}}},"12":{"name":"bid","line":204,"loc":{"start":{"line":204,"column":4},"end":{"line":255,"column":4}}},"13":{"name":"endAuction","line":262,"loc":{"start":{"line":262,"column":4},"end":{"line":315,"column":4}}},"14":{"name":"_increaseAuctionEndTime","line":321,"loc":{"start":{"line":321,"column":4},"end":{"line":329,"column":4}}}},"statementMap":{"1":{"start":{"line":61,"column":8},"end":{"line":61,"column":46}},"2":{"start":{"line":67,"column":8},"end":{"line":67,"column":52}},"3":{"start":{"line":73,"column":8},"end":{"line":73,"column":38}},"4":{"start":{"line":79,"column":8},"end":{"line":79,"column":57}},"5":{"start":{"line":91,"column":8},"end":{"line":91,"column":2686}},"6":{"start":{"line":94,"column":8},"end":{"line":94,"column":55}},"7":{"start":{"line":95,"column":8},"end":{"line":95,"column":27}},"8":{"start":{"line":96,"column":8},"end":{"line":96,"column":44}},"9":{"start":{"line":109,"column":8},"end":{"line":109,"column":34}},"10":{"start":{"line":117,"column":8},"end":{"line":117,"column":63}},"11":{"start":{"line":118,"column":8},"end":{"line":118,"column":49}},"12":{"start":{"line":119,"column":8},"end":{"line":119,"column":38}},"13":{"start":{"line":128,"column":8},"end":{"line":128,"column":69}},"14":{"start":{"line":129,"column":8},"end":{"line":129,"column":52}},"15":{"start":{"line":130,"column":8},"end":{"line":130,"column":41}},"16":{"start":{"line":139,"column":8},"end":{"line":139,"column":59}},"17":{"start":{"line":140,"column":8},"end":{"line":140,"column":47}},"18":{"start":{"line":141,"column":8},"end":{"line":141,"column":36}},"19":{"start":{"line":154,"column":8},"end":{"line":154,"column":73}},"20":{"start":{"line":155,"column":8},"end":{"line":155,"column":36}},"21":{"start":{"line":175,"column":8},"end":{"line":175,"column":5431}},"22":{"start":{"line":180,"column":8},"end":{"line":180,"column":67}},"23":{"start":{"line":182,"column":8},"end":{"line":182,"column":63}},"24":{"start":{"line":184,"column":8},"end":{"line":184,"column":63}},"25":{"start":{"line":186,"column":8},"end":{"line":186,"column":31}},"26":{"start":{"line":187,"column":8},"end":{"line":187,"column":37}},"27":{"start":{"line":188,"column":8},"end":{"line":188,"column":33}},"28":{"start":{"line":189,"column":8},"end":{"line":189,"column":40}},"29":{"start":{"line":190,"column":8},"end":{"line":190,"column":41}},"30":{"start":{"line":192,"column":8},"end":{"line":192,"column":48}},"31":{"start":{"line":194,"column":8},"end":{"line":194,"column":28}},"32":{"start":{"line":205,"column":8},"end":{"line":205,"column":62}},"33":{"start":{"line":207,"column":8},"end":{"line":207,"column":6499}},"34":{"start":{"line":212,"column":8},"end":{"line":212,"column":6620}},"35":{"start":{"line":217,"column":8},"end":{"line":217,"column":6741}},"36":{"start":{"line":222,"column":8},"end":{"line":222,"column":6880}},"37":{"start":{"line":227,"column":8},"end":{"line":227,"column":7003}},"38":{"start":{"line":233,"column":8},"end":{"line":233,"column":48}},"39":{"start":{"line":235,"column":8},"end":{"line":235,"column":50}},"40":{"start":{"line":236,"column":8},"end":{"line":236,"column":51}},"41":{"start":{"line":238,"column":8},"end":{"line":238,"column":43}},"42":{"start":{"line":239,"column":8},"end":{"line":239,"column":44}},"43":{"start":{"line":241,"column":8},"end":{"line":241,"column":7387}},"44":{"start":{"line":248,"column":8},"end":{"line":248,"column":42}},"45":{"start":{"line":250,"column":8},"end":{"line":250,"column":7584}},"46":{"start":{"line":251,"column":12},"end":{"line":251,"column":72}},"47":{"start":{"line":253,"column":12},"end":{"line":253,"column":60}},"48":{"start":{"line":263,"column":8},"end":{"line":263,"column":54}},"49":{"start":{"line":265,"column":8},"end":{"line":265,"column":61}},"50":{"start":{"line":267,"column":8},"end":{"line":267,"column":75}},"51":{"start":{"line":269,"column":8},"end":{"line":269,"column":8304}},"52":{"start":{"line":270,"column":12},"end":{"line":270,"column":8357}},"53":{"start":{"line":275,"column":12},"end":{"line":275,"column":52}},"54":{"start":{"line":277,"column":12},"end":{"line":277,"column":8601}},"55":{"start":{"line":288,"column":12},"end":{"line":288,"column":8924}},"56":{"start":{"line":301,"column":12},"end":{"line":301,"column":69}},"57":{"start":{"line":303,"column":12},"end":{"line":303,"column":9352}},"58":{"start":{"line":310,"column":12},"end":{"line":310,"column":57}},"59":{"start":{"line":311,"column":12},"end":{"line":311,"column":57}},"60":{"start":{"line":322,"column":8},"end":{"line":322,"column":9985}},"61":{"start":{"line":323,"column":12},"end":{"line":323,"column":46}},"62":{"start":{"line":324,"column":12},"end":{"line":324,"column":10112}}},"branchMap":{"1":{"line":79,"type":"if","locations":[{"start":{"line":79,"column":8},"end":{"line":79,"column":8}},{"start":{"line":79,"column":8},"end":{"line":79,"column":8}}]},"2":{"line":94,"type":"if","locations":[{"start":{"line":94,"column":8},"end":{"line":94,"column":8}},{"start":{"line":94,"column":8},"end":{"line":94,"column":8}}]},"3":{"line":118,"type":"if","locations":[{"start":{"line":118,"column":8},"end":{"line":118,"column":8}},{"start":{"line":118,"column":8},"end":{"line":118,"column":8}}]},"4":{"line":129,"type":"if","locations":[{"start":{"line":129,"column":8},"end":{"line":129,"column":8}},{"start":{"line":129,"column":8},"end":{"line":129,"column":8}}]},"5":{"line":140,"type":"if","locations":[{"start":{"line":140,"column":8},"end":{"line":140,"column":8}},{"start":{"line":140,"column":8},"end":{"line":140,"column":8}}]},"6":{"line":175,"type":"if","locations":[{"start":{"line":175,"column":8},"end":{"line":175,"column":8}},{"start":{"line":175,"column":8},"end":{"line":175,"column":8}}]},"7":{"line":182,"type":"if","locations":[{"start":{"line":182,"column":8},"end":{"line":182,"column":8}},{"start":{"line":182,"column":8},"end":{"line":182,"column":8}}]},"8":{"line":207,"type":"if","locations":[{"start":{"line":207,"column":8},"end":{"line":207,"column":8}},{"start":{"line":207,"column":8},"end":{"line":207,"column":8}}]},"9":{"line":212,"type":"if","locations":[{"start":{"line":212,"column":8},"end":{"line":212,"column":8}},{"start":{"line":212,"column":8},"end":{"line":212,"column":8}}]},"10":{"line":217,"type":"if","locations":[{"start":{"line":217,"column":8},"end":{"line":217,"column":8}},{"start":{"line":217,"column":8},"end":{"line":217,"column":8}}]},"11":{"line":222,"type":"if","locations":[{"start":{"line":222,"column":8},"end":{"line":222,"column":8}},{"start":{"line":222,"column":8},"end":{"line":222,"column":8}}]},"12":{"line":233,"type":"if","locations":[{"start":{"line":233,"column":8},"end":{"line":233,"column":8}},{"start":{"line":233,"column":8},"end":{"line":233,"column":8}}]},"13":{"line":250,"type":"if","locations":[{"start":{"line":250,"column":8},"end":{"line":250,"column":8}},{"start":{"line":250,"column":8},"end":{"line":250,"column":8}}]},"14":{"line":253,"type":"if","locations":[{"start":{"line":253,"column":12},"end":{"line":253,"column":12}},{"start":{"line":253,"column":12},"end":{"line":253,"column":12}}]},"15":{"line":265,"type":"if","locations":[{"start":{"line":265,"column":8},"end":{"line":265,"column":8}},{"start":{"line":265,"column":8},"end":{"line":265,"column":8}}]},"16":{"line":267,"type":"if","locations":[{"start":{"line":267,"column":8},"end":{"line":267,"column":8}},{"start":{"line":267,"column":8},"end":{"line":267,"column":8}}]},"17":{"line":269,"type":"if","locations":[{"start":{"line":269,"column":8},"end":{"line":269,"column":8}},{"start":{"line":269,"column":8},"end":{"line":269,"column":8}}]},"18":{"line":275,"type":"if","locations":[{"start":{"line":275,"column":12},"end":{"line":275,"column":12}},{"start":{"line":275,"column":12},"end":{"line":275,"column":12}}]},"19":{"line":322,"type":"if","locations":[{"start":{"line":322,"column":8},"end":{"line":322,"column":8}},{"start":{"line":322,"column":8},"end":{"line":322,"column":8}}]}}},"contracts/communityGifts/CommunityGifts.sol":{"l":{"63":0,"64":0,"69":0,"70":0,"75":0,"76":0,"81":0,"82":0,"99":0,"103":0,"105":0,"106":0,"108":0,"109":0,"110":0,"123":0,"135":0,"138":0,"147":0,"148":0,"149":0,"158":0,"159":0,"160":0,"169":0,"170":0,"171":0,"195":0,"197":0,"203":0,"205":0,"206":0,"207":0,"208":0,"209":0,"210":0,"212":0,"218":0,"220":0,"231":0,"233":0,"235":0,"236":0,"237":0,"238":0,"240":0,"243":0,"245":0,"247":0,"256":0,"258":0,"259":0,"260":0,"262":0,"263":0,"265":0,"267":0,"269":0,"271":0,"273":0,"281":0,"282":0,"297":0,"302":0,"304":0,"306":0,"308":0,"310":0,"312":0,"314":0,"326":0,"327":0,"329":0},"path":"/home/ali/Desktop/treejer/contract/contracts/communityGifts/CommunityGifts.sol","s":{"1":0,"2":0,"3":0,"4":0,"5":0,"6":0,"7":0,"8":0,"9":0,"10":0,"11":0,"12":0,"13":0,"14":0,"15":0,"16":0,"17":0,"18":0,"19":0,"20":0,"21":0,"22":0,"23":0,"24":0,"25":0,"26":0,"27":0,"28":0,"29":0,"30":0,"31":0,"32":0,"33":0,"34":0,"35":0,"36":0,"37":0,"38":0,"39":0,"40":0,"41":0,"42":0,"43":0,"44":0,"45":0,"46":0,"47":0,"48":0,"49":0,"50":0,"51":0,"52":0,"53":0,"54":0,"55":0,"56":0,"57":0,"58":0,"59":0,"60":0,"61":0,"62":0,"63":0,"64":0,"65":0,"66":0,"67":0,"68":0,"69":0},"b":{"1":[0,0],"2":[0,0],"3":[0,0],"4":[0,0],"5":[0,0],"6":[0,0],"7":[0,0],"8":[0,0],"9":[0,0],"10":[0,0],"11":[0,0],"12":[0,0],"13":[0,0],"14":[0,0],"15":[0,0],"16":[0,0],"17":[0,0]},"f":{"1":0,"2":0,"3":0,"4":0,"5":0,"6":0,"7":0,"8":0,"9":0,"10":0,"11":0,"12":0,"13":0,"14":0,"15":0,"16":0},"fnMap":{"1":{"name":"onlyAdmin","line":62,"loc":{"start":{"line":62,"column":4},"end":{"line":65,"column":4}}},"2":{"name":"onlyDataManager","line":68,"loc":{"start":{"line":68,"column":4},"end":{"line":71,"column":4}}},"3":{"name":"ifNotPaused","line":74,"loc":{"start":{"line":74,"column":4},"end":{"line":77,"column":4}}},"4":{"name":"validAddress","line":80,"loc":{"start":{"line":80,"column":4},"end":{"line":83,"column":4}}},"5":{"name":"initialize","line":98,"loc":{"start":{"line":93,"column":4},"end":{"line":111,"column":4}}},"6":{"name":"setTrustedForwarder","line":121,"loc":{"start":{"line":118,"column":4},"end":{"line":124,"column":4}}},"7":{"name":"setDaiTokenAddress","line":133,"loc":{"start":{"line":130,"column":4},"end":{"line":139,"column":4}}},"8":{"name":"setTreeAttributesAddress","line":146,"loc":{"start":{"line":146,"column":4},"end":{"line":150,"column":4}}},"9":{"name":"setTreeFactoryAddress","line":157,"loc":{"start":{"line":157,"column":4},"end":{"line":161,"column":4}}},"10":{"name":"setPlanterFundAddress","line":168,"loc":{"start":{"line":168,"column":4},"end":{"line":172,"column":4}}},"11":{"name":"setGiftsRange","line":194,"loc":{"start":{"line":187,"column":4},"end":{"line":221,"column":4}}},"12":{"name":"updateGiftees","line":229,"loc":{"start":{"line":227,"column":4},"end":{"line":248,"column":4}}},"13":{"name":"claimTree","line":255,"loc":{"start":{"line":255,"column":4},"end":{"line":274,"column":4}}},"14":{"name":"setExpireDate","line":280,"loc":{"start":{"line":280,"column":4},"end":{"line":283,"column":4}}},"15":{"name":"transferTree","line":295,"loc":{"start":{"line":293,"column":4},"end":{"line":315,"column":4}}},"16":{"name":"setPrice","line":324,"loc":{"start":{"line":322,"column":4},"end":{"line":330,"column":4}}}},"statementMap":{"1":{"start":{"line":63,"column":8},"end":{"line":63,"column":46}},"2":{"start":{"line":69,"column":8},"end":{"line":69,"column":52}},"3":{"start":{"line":75,"column":8},"end":{"line":75,"column":38}},"4":{"start":{"line":81,"column":8},"end":{"line":81,"column":57}},"5":{"start":{"line":99,"column":8},"end":{"line":99,"column":3278}},"6":{"start":{"line":103,"column":8},"end":{"line":103,"column":55}},"7":{"start":{"line":105,"column":8},"end":{"line":105,"column":30}},"8":{"start":{"line":106,"column":8},"end":{"line":106,"column":44}},"9":{"start":{"line":108,"column":8},"end":{"line":108,"column":31}},"10":{"start":{"line":109,"column":8},"end":{"line":109,"column":33}},"11":{"start":{"line":110,"column":8},"end":{"line":110,"column":35}},"12":{"start":{"line":123,"column":8},"end":{"line":123,"column":34}},"13":{"start":{"line":135,"column":8},"end":{"line":135,"column":4198}},"14":{"start":{"line":138,"column":8},"end":{"line":138,"column":35}},"15":{"start":{"line":147,"column":8},"end":{"line":147,"column":67}},"16":{"start":{"line":148,"column":8},"end":{"line":148,"column":51}},"17":{"start":{"line":149,"column":8},"end":{"line":149,"column":40}},"18":{"start":{"line":158,"column":8},"end":{"line":158,"column":63}},"19":{"start":{"line":159,"column":8},"end":{"line":159,"column":49}},"20":{"start":{"line":160,"column":8},"end":{"line":160,"column":38}},"21":{"start":{"line":169,"column":8},"end":{"line":169,"column":63}},"22":{"start":{"line":170,"column":8},"end":{"line":170,"column":49}},"23":{"start":{"line":171,"column":8},"end":{"line":171,"column":46}},"24":{"start":{"line":195,"column":8},"end":{"line":195,"column":58}},"25":{"start":{"line":197,"column":8},"end":{"line":197,"column":6538}},"26":{"start":{"line":203,"column":8},"end":{"line":203,"column":48}},"27":{"start":{"line":205,"column":8},"end":{"line":205,"column":33}},"28":{"start":{"line":206,"column":8},"end":{"line":206,"column":35}},"29":{"start":{"line":207,"column":8},"end":{"line":207,"column":31}},"30":{"start":{"line":208,"column":8},"end":{"line":208,"column":47}},"31":{"start":{"line":209,"column":8},"end":{"line":209,"column":29}},"32":{"start":{"line":210,"column":8},"end":{"line":210,"column":24}},"33":{"start":{"line":212,"column":8},"end":{"line":212,"column":6938}},"34":{"start":{"line":218,"column":8},"end":{"line":218,"column":48}},"35":{"start":{"line":220,"column":8},"end":{"line":220,"column":31}},"36":{"start":{"line":231,"column":8},"end":{"line":231,"column":69}},"37":{"start":{"line":233,"column":8},"end":{"line":233,"column":56}},"38":{"start":{"line":235,"column":8},"end":{"line":235,"column":7617}},"39":{"start":{"line":236,"column":12},"end":{"line":236,"column":69}},"40":{"start":{"line":237,"column":12},"end":{"line":237,"column":25}},"41":{"start":{"line":238,"column":12},"end":{"line":238,"column":37}},"42":{"start":{"line":240,"column":12},"end":{"line":240,"column":72}},"43":{"start":{"line":243,"column":8},"end":{"line":243,"column":51}},"44":{"start":{"line":245,"column":8},"end":{"line":245,"column":37}},"45":{"start":{"line":247,"column":8},"end":{"line":247,"column":35}},"46":{"start":{"line":256,"column":8},"end":{"line":256,"column":74}},"47":{"start":{"line":258,"column":8},"end":{"line":258,"column":68}},"48":{"start":{"line":259,"column":8},"end":{"line":259,"column":68}},"49":{"start":{"line":260,"column":8},"end":{"line":260,"column":71}},"50":{"start":{"line":262,"column":8},"end":{"line":262,"column":32}},"51":{"start":{"line":263,"column":8},"end":{"line":263,"column":19}},"52":{"start":{"line":265,"column":8},"end":{"line":265,"column":35}},"53":{"start":{"line":267,"column":8},"end":{"line":267,"column":75}},"54":{"start":{"line":269,"column":8},"end":{"line":269,"column":77}},"55":{"start":{"line":271,"column":8},"end":{"line":271,"column":55}},"56":{"start":{"line":273,"column":8},"end":{"line":273,"column":32}},"57":{"start":{"line":281,"column":8},"end":{"line":281,"column":74}},"58":{"start":{"line":282,"column":8},"end":{"line":282,"column":31}},"59":{"start":{"line":297,"column":8},"end":{"line":297,"column":9865}},"60":{"start":{"line":302,"column":8},"end":{"line":302,"column":64}},"61":{"start":{"line":304,"column":8},"end":{"line":304,"column":32}},"62":{"start":{"line":306,"column":8},"end":{"line":306,"column":19}},"63":{"start":{"line":308,"column":8},"end":{"line":308,"column":62}},"64":{"start":{"line":310,"column":8},"end":{"line":310,"column":77}},"65":{"start":{"line":312,"column":8},"end":{"line":312,"column":50}},"66":{"start":{"line":314,"column":8},"end":{"line":314,"column":35}},"67":{"start":{"line":326,"column":8},"end":{"line":326,"column":33}},"68":{"start":{"line":327,"column":8},"end":{"line":327,"column":35}},"69":{"start":{"line":329,"column":8},"end":{"line":329,"column":66}}},"branchMap":{"1":{"line":81,"type":"if","locations":[{"start":{"line":81,"column":8},"end":{"line":81,"column":8}},{"start":{"line":81,"column":8},"end":{"line":81,"column":8}}]},"2":{"line":103,"type":"if","locations":[{"start":{"line":103,"column":8},"end":{"line":103,"column":8}},{"start":{"line":103,"column":8},"end":{"line":103,"column":8}}]},"3":{"line":148,"type":"if","locations":[{"start":{"line":148,"column":8},"end":{"line":148,"column":8}},{"start":{"line":148,"column":8},"end":{"line":148,"column":8}}]},"4":{"line":159,"type":"if","locations":[{"start":{"line":159,"column":8},"end":{"line":159,"column":8}},{"start":{"line":159,"column":8},"end":{"line":159,"column":8}}]},"5":{"line":170,"type":"if","locations":[{"start":{"line":170,"column":8},"end":{"line":170,"column":8}},{"start":{"line":170,"column":8},"end":{"line":170,"column":8}}]},"6":{"line":195,"type":"if","locations":[{"start":{"line":195,"column":8},"end":{"line":195,"column":8}},{"start":{"line":195,"column":8},"end":{"line":195,"column":8}}]},"7":{"line":203,"type":"if","locations":[{"start":{"line":203,"column":8},"end":{"line":203,"column":8}},{"start":{"line":203,"column":8},"end":{"line":203,"column":8}}]},"8":{"line":218,"type":"if","locations":[{"start":{"line":218,"column":8},"end":{"line":218,"column":8}},{"start":{"line":218,"column":8},"end":{"line":218,"column":8}}]},"9":{"line":233,"type":"if","locations":[{"start":{"line":233,"column":8},"end":{"line":233,"column":8}},{"start":{"line":233,"column":8},"end":{"line":233,"column":8}}]},"10":{"line":235,"type":"if","locations":[{"start":{"line":235,"column":8},"end":{"line":235,"column":8}},{"start":{"line":235,"column":8},"end":{"line":235,"column":8}}]},"11":{"line":236,"type":"if","locations":[{"start":{"line":236,"column":12},"end":{"line":236,"column":12}},{"start":{"line":236,"column":12},"end":{"line":236,"column":12}}]},"12":{"line":258,"type":"if","locations":[{"start":{"line":258,"column":8},"end":{"line":258,"column":8}},{"start":{"line":258,"column":8},"end":{"line":258,"column":8}}]},"13":{"line":259,"type":"if","locations":[{"start":{"line":259,"column":8},"end":{"line":259,"column":8}},{"start":{"line":259,"column":8},"end":{"line":259,"column":8}}]},"14":{"line":260,"type":"if","locations":[{"start":{"line":260,"column":8},"end":{"line":260,"column":8}},{"start":{"line":260,"column":8},"end":{"line":260,"column":8}}]},"15":{"line":281,"type":"if","locations":[{"start":{"line":281,"column":8},"end":{"line":281,"column":8}},{"start":{"line":281,"column":8},"end":{"line":281,"column":8}}]},"16":{"line":297,"type":"if","locations":[{"start":{"line":297,"column":8},"end":{"line":297,"column":8}},{"start":{"line":297,"column":8},"end":{"line":297,"column":8}}]},"17":{"line":302,"type":"if","locations":[{"start":{"line":302,"column":8},"end":{"line":302,"column":8}},{"start":{"line":302,"column":8},"end":{"line":302,"column":8}}]}}},"contracts/communityGifts/ICommunityGifts.sol":{"l":{},"path":"/home/ali/Desktop/treejer/contract/contracts/communityGifts/ICommunityGifts.sol","s":{},"b":{},"f":{},"fnMap":{},"statementMap":{},"branchMap":{}},"contracts/gsn/RelayRecipient.sol":{"l":{"11":0},"path":"/home/ali/Desktop/treejer/contract/contracts/gsn/RelayRecipient.sol","s":{"1":0},"b":{},"f":{"1":0},"fnMap":{"1":{"name":"versionRecipient","line":10,"loc":{"start":{"line":10,"column":4},"end":{"line":12,"column":4}}}},"statementMap":{"1":{"start":{"line":11,"column":8},"end":{"line":11,"column":46}}},"branchMap":{}},"contracts/gsn/WhitelistPaymaster.sol":{"l":{"20":0,"21":0,"26":0,"27":0,"31":0,"34":0,"35":0,"43":0,"47":0,"52":0,"60":0,"64":0,"69":0,"83":0,"85":0,"87":0,"89":0,"90":0,"92":0,"95":0,"100":0,"109":0,"119":0},"path":"/home/ali/Desktop/treejer/contract/contracts/gsn/WhitelistPaymaster.sol","s":{"1":0,"2":0,"3":0,"4":0,"5":0,"6":0,"7":0,"8":0,"9":0,"10":0,"11":0,"12":0,"13":0,"14":0,"15":0,"16":0,"17":0,"18":0},"b":{"1":[0,0],"2":[0,0],"3":[0,0],"4":[0,0],"5":[0,0],"6":[0,0]},"f":{"1":0,"2":0,"3":0,"4":0,"5":0,"6":0,"7":0,"8":0,"9":0,"10":0},"fnMap":{"1":{"name":"onlyAdmin","line":19,"loc":{"start":{"line":19,"column":4},"end":{"line":22,"column":4}}},"2":{"name":"validAddress","line":25,"loc":{"start":{"line":25,"column":4},"end":{"line":28,"column":4}}},"3":{"name":"constructor","line":30,"loc":{"start":{"line":30,"column":4},"end":{"line":36,"column":4}}},"4":{"name":"addPlanterWhitelistTarget","line":41,"loc":{"start":{"line":38,"column":4},"end":{"line":44,"column":4}}},"5":{"name":"removePlanterWhitelistTarget","line":46,"loc":{"start":{"line":46,"column":4},"end":{"line":53,"column":4}}},"6":{"name":"addFunderWhitelistTarget","line":58,"loc":{"start":{"line":55,"column":4},"end":{"line":61,"column":4}}},"7":{"name":"removeFunderWhitelistTarget","line":63,"loc":{"start":{"line":63,"column":4},"end":{"line":70,"column":4}}},"8":{"name":"preRelayedCall","line":72,"loc":{"start":{"line":72,"column":4},"end":{"line":101,"column":4}}},"9":{"name":"postRelayedCall","line":103,"loc":{"start":{"line":103,"column":4},"end":{"line":110,"column":4}}},"10":{"name":"versionPaymaster","line":112,"loc":{"start":{"line":112,"column":4},"end":{"line":120,"column":4}}}},"statementMap":{"1":{"start":{"line":20,"column":8},"end":{"line":20,"column":44}},"2":{"start":{"line":26,"column":8},"end":{"line":26,"column":57}},"3":{"start":{"line":31,"column":8},"end":{"line":31,"column":864}},"4":{"start":{"line":34,"column":8},"end":{"line":34,"column":55}},"5":{"start":{"line":35,"column":8},"end":{"line":35,"column":44}},"6":{"start":{"line":43,"column":8},"end":{"line":43,"column":45}},"7":{"start":{"line":47,"column":8},"end":{"line":47,"column":1353}},"8":{"start":{"line":52,"column":8},"end":{"line":52,"column":46}},"9":{"start":{"line":60,"column":8},"end":{"line":60,"column":44}},"10":{"start":{"line":64,"column":8},"end":{"line":64,"column":1788}},"11":{"start":{"line":69,"column":8},"end":{"line":69,"column":45}},"12":{"start":{"line":85,"column":8},"end":{"line":85,"column":37}},"13":{"start":{"line":89,"column":8},"end":{"line":89,"column":2450}},"14":{"start":{"line":90,"column":12},"end":{"line":90,"column":65}},"15":{"start":{"line":92,"column":12},"end":{"line":92,"column":30}},"16":{"start":{"line":95,"column":8},"end":{"line":95,"column":2625}},"17":{"start":{"line":100,"column":8},"end":{"line":100,"column":26}},"18":{"start":{"line":119,"column":8},"end":{"line":119,"column":51}}},"branchMap":{"1":{"line":26,"type":"if","locations":[{"start":{"line":26,"column":8},"end":{"line":26,"column":8}},{"start":{"line":26,"column":8},"end":{"line":26,"column":8}}]},"2":{"line":34,"type":"if","locations":[{"start":{"line":34,"column":8},"end":{"line":34,"column":8}},{"start":{"line":34,"column":8},"end":{"line":34,"column":8}}]},"3":{"line":47,"type":"if","locations":[{"start":{"line":47,"column":8},"end":{"line":47,"column":8}},{"start":{"line":47,"column":8},"end":{"line":47,"column":8}}]},"4":{"line":64,"type":"if","locations":[{"start":{"line":64,"column":8},"end":{"line":64,"column":8}},{"start":{"line":64,"column":8},"end":{"line":64,"column":8}}]},"5":{"line":89,"type":"if","locations":[{"start":{"line":89,"column":8},"end":{"line":89,"column":8}},{"start":{"line":89,"column":8},"end":{"line":89,"column":8}}]},"6":{"line":95,"type":"if","locations":[{"start":{"line":95,"column":8},"end":{"line":95,"column":8}},{"start":{"line":95,"column":8},"end":{"line":95,"column":8}}]}}},"contracts/incrementalSell/IIncrementalSell.sol":{"l":{},"path":"/home/ali/Desktop/treejer/contract/contracts/incrementalSell/IIncrementalSell.sol","s":{},"b":{},"f":{},"fnMap":{},"statementMap":{},"branchMap":{}},"contracts/incrementalSell/IncrementalSell.sol":{"l":{"44":0,"45":0,"50":0,"51":0,"56":0,"57":0,"62":0,"63":0,"74":0,"77":0,"78":0,"79":0,"91":0,"98":0,"99":0,"100":0,"107":0,"109":0,"111":0,"122":0,"123":0,"131":0,"132":0,"133":0,"138":0,"140":0,"142":0,"147":0,"149":0,"169":0,"170":0,"171":0,"172":0,"177":0,"179":0,"180":0,"183":0,"192":0,"193":0,"194":0,"195":0,"196":0,"198":0,"207":0,"208":0,"212":0,"220":0,"222":0,"236":0,"238":0,"244":0,"245":0,"249":0,"252":0,"253":0,"254":0,"259":0,"264":0,"266":0,"268":0,"270":0,"275":0,"280":0,"282":0,"285":0,"296":0,"309":0,"311":0,"324":0,"326":0,"328":0,"329":0,"330":0,"332":0},"path":"/home/ali/Desktop/treejer/contract/contracts/incrementalSell/IncrementalSell.sol","s":{"1":0,"2":0,"3":0,"4":0,"5":0,"6":0,"7":0,"8":0,"9":0,"10":0,"11":0,"12":0,"13":0,"14":0,"15":0,"16":0,"17":0,"18":0,"19":0,"20":0,"21":0,"22":0,"23":0,"24":0,"25":0,"26":0,"27":0,"28":0,"29":0,"30":0,"31":0,"32":0,"33":0,"34":0,"35":0,"36":0,"37":0,"38":0,"39":0,"40":0,"41":0,"42":0,"43":0,"44":0,"45":0,"46":0,"47":0,"48":0,"49":0,"50":0,"51":0,"52":0,"53":0,"54":0,"55":0,"56":0,"57":0,"58":0,"59":0,"60":0,"61":0,"62":0,"63":0,"64":0,"65":0,"66":0,"67":0,"68":0,"69":0,"70":0},"b":{"1":[0,0],"2":[0,0],"3":[0,0],"4":[0,0],"5":[0,0],"6":[0,0],"7":[0,0],"8":[0,0],"9":[0,0],"10":[0,0],"11":[0,0],"12":[0,0],"13":[0,0],"14":[0,0],"15":[0,0],"16":[0,0],"17":[0,0],"18":[0,0],"19":[0,0],"20":[0,0],"21":[0,0]},"f":{"1":0,"2":0,"3":0,"4":0,"5":0,"6":0,"7":0,"8":0,"9":0,"10":0,"11":0,"12":0,"13":0,"14":0,"15":0},"fnMap":{"1":{"name":"onlyAdmin","line":43,"loc":{"start":{"line":43,"column":4},"end":{"line":46,"column":4}}},"2":{"name":"onlyDataManager","line":49,"loc":{"start":{"line":49,"column":4},"end":{"line":52,"column":4}}},"3":{"name":"ifNotPaused","line":55,"loc":{"start":{"line":55,"column":4},"end":{"line":58,"column":4}}},"4":{"name":"validAddress","line":61,"loc":{"start":{"line":61,"column":4},"end":{"line":64,"column":4}}},"5":{"name":"initialize","line":72,"loc":{"start":{"line":70,"column":4},"end":{"line":80,"column":4}}},"6":{"name":"setTrustedForwarder","line":89,"loc":{"start":{"line":86,"column":4},"end":{"line":92,"column":4}}},"7":{"name":"setTreeFactoryAddress","line":97,"loc":{"start":{"line":97,"column":4},"end":{"line":101,"column":4}}},"8":{"name":"setWethFundsAddress","line":106,"loc":{"start":{"line":106,"column":4},"end":{"line":112,"column":4}}},"9":{"name":"setWethTokenAddress","line":120,"loc":{"start":{"line":117,"column":4},"end":{"line":124,"column":4}}},"10":{"name":"setFinancialModelAddress","line":130,"loc":{"start":{"line":130,"column":4},"end":{"line":134,"column":4}}},"11":{"name":"freeIncrementalSell","line":137,"loc":{"start":{"line":137,"column":4},"end":{"line":150,"column":4}}},"12":{"name":"addTreeSells","line":168,"loc":{"start":{"line":162,"column":4},"end":{"line":199,"column":4}}},"13":{"name":"updateIncrementalEnd","line":206,"loc":{"start":{"line":206,"column":4},"end":{"line":223,"column":4}}},"14":{"name":"buyTree","line":234,"loc":{"start":{"line":234,"column":4},"end":{"line":312,"column":4}}},"15":{"name":"updateIncrementalRates","line":323,"loc":{"start":{"line":319,"column":4},"end":{"line":333,"column":4}}}},"statementMap":{"1":{"start":{"line":44,"column":8},"end":{"line":44,"column":46}},"2":{"start":{"line":50,"column":8},"end":{"line":50,"column":52}},"3":{"start":{"line":56,"column":8},"end":{"line":56,"column":38}},"4":{"start":{"line":62,"column":8},"end":{"line":62,"column":57}},"5":{"start":{"line":74,"column":8},"end":{"line":74,"column":2379}},"6":{"start":{"line":77,"column":8},"end":{"line":77,"column":55}},"7":{"start":{"line":78,"column":8},"end":{"line":78,"column":31}},"8":{"start":{"line":79,"column":8},"end":{"line":79,"column":44}},"9":{"start":{"line":91,"column":8},"end":{"line":91,"column":34}},"10":{"start":{"line":98,"column":8},"end":{"line":98,"column":63}},"11":{"start":{"line":99,"column":8},"end":{"line":99,"column":49}},"12":{"start":{"line":100,"column":8},"end":{"line":100,"column":38}},"13":{"start":{"line":107,"column":8},"end":{"line":107,"column":59}},"14":{"start":{"line":109,"column":8},"end":{"line":109,"column":47}},"15":{"start":{"line":111,"column":8},"end":{"line":111,"column":36}},"16":{"start":{"line":122,"column":8},"end":{"line":122,"column":73}},"17":{"start":{"line":123,"column":8},"end":{"line":123,"column":36}},"18":{"start":{"line":131,"column":8},"end":{"line":131,"column":69}},"19":{"start":{"line":132,"column":8},"end":{"line":132,"column":52}},"20":{"start":{"line":133,"column":8},"end":{"line":133,"column":41}},"21":{"start":{"line":138,"column":8},"end":{"line":138,"column":61}},"22":{"start":{"line":140,"column":8},"end":{"line":140,"column":59}},"23":{"start":{"line":142,"column":8},"end":{"line":142,"column":4562}},"24":{"start":{"line":147,"column":8},"end":{"line":147,"column":64}},"25":{"start":{"line":149,"column":8},"end":{"line":149,"column":41}},"26":{"start":{"line":169,"column":8},"end":{"line":169,"column":58}},"27":{"start":{"line":170,"column":8},"end":{"line":170,"column":59}},"28":{"start":{"line":171,"column":8},"end":{"line":171,"column":67}},"29":{"start":{"line":172,"column":8},"end":{"line":172,"column":5627}},"30":{"start":{"line":177,"column":8},"end":{"line":177,"column":61}},"31":{"start":{"line":179,"column":8},"end":{"line":179,"column":5834}},"32":{"start":{"line":180,"column":12},"end":{"line":180,"column":73}},"33":{"start":{"line":183,"column":8},"end":{"line":183,"column":5963}},"34":{"start":{"line":192,"column":8},"end":{"line":192,"column":39}},"35":{"start":{"line":193,"column":8},"end":{"line":193,"column":50}},"36":{"start":{"line":194,"column":8},"end":{"line":194,"column":45}},"37":{"start":{"line":195,"column":8},"end":{"line":195,"column":38}},"38":{"start":{"line":196,"column":8},"end":{"line":196,"column":47}},"39":{"start":{"line":198,"column":8},"end":{"line":198,"column":37}},"40":{"start":{"line":207,"column":8},"end":{"line":207,"column":61}},"41":{"start":{"line":208,"column":8},"end":{"line":208,"column":6808}},"42":{"start":{"line":212,"column":8},"end":{"line":212,"column":6928}},"43":{"start":{"line":220,"column":8},"end":{"line":220,"column":57}},"44":{"start":{"line":222,"column":8},"end":{"line":222,"column":37}},"45":{"start":{"line":236,"column":8},"end":{"line":236,"column":60}},"46":{"start":{"line":238,"column":8},"end":{"line":238,"column":7877}},"47":{"start":{"line":244,"column":8},"end":{"line":244,"column":78}},"48":{"start":{"line":245,"column":8},"end":{"line":245,"column":8156}},"49":{"start":{"line":249,"column":8},"end":{"line":249,"column":22}},"50":{"start":{"line":252,"column":8},"end":{"line":252,"column":8396}},"51":{"start":{"line":253,"column":12},"end":{"line":253,"column":42}},"52":{"start":{"line":254,"column":12},"end":{"line":254,"column":8518}},"53":{"start":{"line":259,"column":12},"end":{"line":259,"column":8650}},"54":{"start":{"line":264,"column":12},"end":{"line":264,"column":52}},"55":{"start":{"line":266,"column":12},"end":{"line":266,"column":36}},"56":{"start":{"line":268,"column":12},"end":{"line":268,"column":29}},"57":{"start":{"line":270,"column":12},"end":{"line":270,"column":8949}},"58":{"start":{"line":275,"column":12},"end":{"line":275,"column":9081}},"59":{"start":{"line":280,"column":12},"end":{"line":280,"column":52}},"60":{"start":{"line":282,"column":12},"end":{"line":282,"column":50}},"61":{"start":{"line":285,"column":8},"end":{"line":285,"column":9395}},"62":{"start":{"line":296,"column":8},"end":{"line":296,"column":9678}},"63":{"start":{"line":309,"column":8},"end":{"line":309,"column":56}},"64":{"start":{"line":311,"column":8},"end":{"line":311,"column":63}},"65":{"start":{"line":324,"column":8},"end":{"line":324,"column":74}},"66":{"start":{"line":326,"column":8},"end":{"line":326,"column":61}},"67":{"start":{"line":328,"column":8},"end":{"line":328,"column":45}},"68":{"start":{"line":329,"column":8},"end":{"line":329,"column":45}},"69":{"start":{"line":330,"column":8},"end":{"line":330,"column":47}},"70":{"start":{"line":332,"column":8},"end":{"line":332,"column":38}}},"branchMap":{"1":{"line":62,"type":"if","locations":[{"start":{"line":62,"column":8},"end":{"line":62,"column":8}},{"start":{"line":62,"column":8},"end":{"line":62,"column":8}}]},"2":{"line":77,"type":"if","locations":[{"start":{"line":77,"column":8},"end":{"line":77,"column":8}},{"start":{"line":77,"column":8},"end":{"line":77,"column":8}}]},"3":{"line":99,"type":"if","locations":[{"start":{"line":99,"column":8},"end":{"line":99,"column":8}},{"start":{"line":99,"column":8},"end":{"line":99,"column":8}}]},"4":{"line":109,"type":"if","locations":[{"start":{"line":109,"column":8},"end":{"line":109,"column":8}},{"start":{"line":109,"column":8},"end":{"line":109,"column":8}}]},"5":{"line":132,"type":"if","locations":[{"start":{"line":132,"column":8},"end":{"line":132,"column":8}},{"start":{"line":132,"column":8},"end":{"line":132,"column":8}}]},"6":{"line":142,"type":"if","locations":[{"start":{"line":142,"column":8},"end":{"line":142,"column":8}},{"start":{"line":142,"column":8},"end":{"line":142,"column":8}}]},"7":{"line":169,"type":"if","locations":[{"start":{"line":169,"column":8},"end":{"line":169,"column":8}},{"start":{"line":169,"column":8},"end":{"line":169,"column":8}}]},"8":{"line":170,"type":"if","locations":[{"start":{"line":170,"column":8},"end":{"line":170,"column":8}},{"start":{"line":170,"column":8},"end":{"line":170,"column":8}}]},"9":{"line":171,"type":"if","locations":[{"start":{"line":171,"column":8},"end":{"line":171,"column":8}},{"start":{"line":171,"column":8},"end":{"line":171,"column":8}}]},"10":{"line":172,"type":"if","locations":[{"start":{"line":172,"column":8},"end":{"line":172,"column":8}},{"start":{"line":172,"column":8},"end":{"line":172,"column":8}}]},"11":{"line":179,"type":"if","locations":[{"start":{"line":179,"column":8},"end":{"line":179,"column":8}},{"start":{"line":179,"column":8},"end":{"line":179,"column":8}}]},"12":{"line":183,"type":"if","locations":[{"start":{"line":183,"column":8},"end":{"line":183,"column":8}},{"start":{"line":183,"column":8},"end":{"line":183,"column":8}}]},"13":{"line":208,"type":"if","locations":[{"start":{"line":208,"column":8},"end":{"line":208,"column":8}},{"start":{"line":208,"column":8},"end":{"line":208,"column":8}}]},"14":{"line":212,"type":"if","locations":[{"start":{"line":212,"column":8},"end":{"line":212,"column":8}},{"start":{"line":212,"column":8},"end":{"line":212,"column":8}}]},"15":{"line":238,"type":"if","locations":[{"start":{"line":238,"column":8},"end":{"line":238,"column":8}},{"start":{"line":238,"column":8},"end":{"line":238,"column":8}}]},"16":{"line":252,"type":"if","locations":[{"start":{"line":252,"column":8},"end":{"line":252,"column":8}},{"start":{"line":252,"column":8},"end":{"line":252,"column":8}}]},"17":{"line":254,"type":"if","locations":[{"start":{"line":254,"column":12},"end":{"line":254,"column":12}},{"start":{"line":254,"column":12},"end":{"line":254,"column":12}}]},"18":{"line":264,"type":"if","locations":[{"start":{"line":264,"column":12},"end":{"line":264,"column":12}},{"start":{"line":264,"column":12},"end":{"line":264,"column":12}}]},"19":{"line":270,"type":"if","locations":[{"start":{"line":270,"column":12},"end":{"line":270,"column":12}},{"start":{"line":270,"column":12},"end":{"line":270,"column":12}}]},"20":{"line":280,"type":"if","locations":[{"start":{"line":280,"column":12},"end":{"line":280,"column":12}},{"start":{"line":280,"column":12},"end":{"line":280,"column":12}}]},"21":{"line":324,"type":"if","locations":[{"start":{"line":324,"column":8},"end":{"line":324,"column":8}},{"start":{"line":324,"column":8},"end":{"line":324,"column":8}}]}}},"contracts/planter/IPlanter.sol":{"l":{},"path":"/home/ali/Desktop/treejer/contract/contracts/planter/IPlanter.sol","s":{},"b":{},"f":{},"fnMap":{},"statementMap":{},"branchMap":{}},"contracts/planter/Planter.sol":{"l":{"52":0,"53":0,"58":0,"59":0,"64":0,"65":0,"70":0,"74":0,"79":0,"80":0,"85":0,"89":0,"94":0,"95":0,"106":0,"109":0,"110":0,"111":0,"123":0,"146":0,"152":0,"157":0,"158":0,"164":0,"165":0,"171":0,"174":0,"176":0,"177":0,"178":0,"181":0,"183":0,"184":0,"185":0,"186":0,"187":0,"188":0,"190":0,"211":0,"217":0,"218":0,"224":0,"227":0,"229":0,"230":0,"231":0,"232":0,"233":0,"234":0,"236":0,"259":0,"264":0,"266":0,"271":0,"273":0,"274":0,"279":0,"281":0,"283":0,"285":0,"286":0,"289":0,"290":0,"294":0,"296":0,"307":0,"313":0,"315":0,"316":0,"318":0,"320":0,"321":0,"322":0,"324":0,"337":0,"338":0,"339":0,"340":0,"341":0,"343":0,"355":0,"356":0,"357":0,"362":0,"366":0,"368":0,"369":0,"371":0,"376":0,"388":0,"389":0,"393":0,"398":0,"402":0,"421":0,"422":0,"423":0,"425":0,"430":0,"432":0,"454":0,"456":0,"458":0,"459":0,"476":0,"478":0,"479":0,"481":0,"482":0,"484":0,"486":0,"499":0,"501":0,"503":0,"504":0,"505":0,"506":0,"508":0,"514":0,"526":0,"528":0},"path":"/home/ali/Desktop/treejer/contract/contracts/planter/Planter.sol","s":{"1":0,"2":0,"3":0,"4":0,"5":0,"6":0,"7":0,"8":0,"9":0,"10":0,"11":0,"12":0,"13":0,"14":0,"15":0,"16":0,"17":0,"18":0,"19":0,"20":0,"21":0,"22":0,"23":0,"24":0,"25":0,"26":0,"27":0,"28":0,"29":0,"30":0,"31":0,"32":0,"33":0,"34":0,"35":0,"36":0,"37":0,"38":0,"39":0,"40":0,"41":0,"42":0,"43":0,"44":0,"45":0,"46":0,"47":0,"48":0,"49":0,"50":0,"51":0,"52":0,"53":0,"54":0,"55":0,"56":0,"57":0,"58":0,"59":0,"60":0,"61":0,"62":0,"63":0,"64":0,"65":0,"66":0,"67":0,"68":0,"69":0,"70":0,"71":0,"72":0,"73":0,"74":0,"75":0,"76":0,"77":0,"78":0,"79":0,"80":0,"81":0,"82":0,"83":0,"84":0,"85":0,"86":0,"87":0,"88":0,"89":0,"90":0,"91":0,"92":0,"93":0,"94":0,"95":0,"96":0,"97":0,"98":0,"99":0,"100":0,"101":0,"102":0,"103":0,"104":0,"105":0,"106":0,"107":0,"108":0,"109":0,"110":0,"111":0,"112":0,"113":0,"114":0,"115":0},"b":{"1":[0,0],"2":[0,0],"3":[0,0],"4":[0,0],"5":[0,0],"6":[0,0],"7":[0,0],"8":[0,0],"9":[0,0],"10":[0,0],"11":[0,0],"12":[0,0],"13":[0,0],"14":[0,0],"15":[0,0],"16":[0,0],"17":[0,0],"18":[0,0],"19":[0,0],"20":[0,0],"21":[0,0],"22":[0,0],"23":[0,0],"24":[0,0],"25":[0,0],"26":[0,0],"27":[0,0],"28":[0,0],"29":[0,0],"30":[0,0],"31":[0,0],"32":[0,0],"33":[0,0],"34":[0,0],"35":[0,0],"36":[0,0],"37":[0,0],"38":[0,0],"39":[0,0],"40":[0,0],"41":[0,0],"42":[0,0]},"f":{"1":0,"2":0,"3":0,"4":0,"5":0,"6":0,"7":0,"8":0,"9":0,"10":0,"11":0,"12":0,"13":0,"14":0,"15":0,"16":0,"17":0,"18":0,"19":0,"20":0,"21":0},"fnMap":{"1":{"name":"onlyAdmin","line":51,"loc":{"start":{"line":51,"column":4},"end":{"line":54,"column":4}}},"2":{"name":"onlyDataManager","line":57,"loc":{"start":{"line":57,"column":4},"end":{"line":60,"column":4}}},"3":{"name":"ifNotPaused","line":63,"loc":{"start":{"line":63,"column":4},"end":{"line":66,"column":4}}},"4":{"name":"existPlanter","line":69,"loc":{"start":{"line":69,"column":4},"end":{"line":75,"column":4}}},"5":{"name":"validAddress","line":78,"loc":{"start":{"line":78,"column":4},"end":{"line":81,"column":4}}},"6":{"name":"onlyOrganization","line":84,"loc":{"start":{"line":84,"column":4},"end":{"line":90,"column":4}}},"7":{"name":"onlyTreejerContract","line":93,"loc":{"start":{"line":93,"column":4},"end":{"line":96,"column":4}}},"8":{"name":"initialize","line":104,"loc":{"start":{"line":102,"column":4},"end":{"line":112,"column":4}}},"9":{"name":"setTrustedForwarder","line":121,"loc":{"start":{"line":118,"column":4},"end":{"line":124,"column":4}}},"10":{"name":"planterJoin","line":138,"loc":{"start":{"line":138,"column":4},"end":{"line":191,"column":4}}},"11":{"name":"organizationJoin","line":210,"loc":{"start":{"line":203,"column":4},"end":{"line":237,"column":4}}},"12":{"name":"updatePlanterType","line":257,"loc":{"start":{"line":255,"column":4},"end":{"line":297,"column":4}}},"13":{"name":"acceptPlanterFromOrganization","line":306,"loc":{"start":{"line":303,"column":4},"end":{"line":326,"column":4}}},"14":{"name":"updateCapacity","line":335,"loc":{"start":{"line":332,"column":4},"end":{"line":344,"column":4}}},"15":{"name":"plantingPermission","line":354,"loc":{"start":{"line":351,"column":4},"end":{"line":377,"column":4}}},"16":{"name":"updateOrganizationPlanterPayment","line":387,"loc":{"start":{"line":384,"column":4},"end":{"line":403,"column":4}}},"17":{"name":"getPlanterPaymentPortion","line":411,"loc":{"start":{"line":411,"column":4},"end":{"line":442,"column":4}}},"18":{"name":"reducePlantCount","line":452,"loc":{"start":{"line":449,"column":4},"end":{"line":461,"column":4}}},"19":{"name":"planterCheck","line":473,"loc":{"start":{"line":470,"column":4},"end":{"line":487,"column":4}}},"20":{"name":"canVerify","line":494,"loc":{"start":{"line":494,"column":4},"end":{"line":515,"column":4}}},"21":{"name":"canAssignTreeToPlanter","line":521,"loc":{"start":{"line":521,"column":4},"end":{"line":529,"column":4}}}},"statementMap":{"1":{"start":{"line":52,"column":8},"end":{"line":52,"column":46}},"2":{"start":{"line":58,"column":8},"end":{"line":58,"column":52}},"3":{"start":{"line":64,"column":8},"end":{"line":64,"column":38}},"4":{"start":{"line":70,"column":8},"end":{"line":70,"column":2240}},"5":{"start":{"line":79,"column":8},"end":{"line":79,"column":57}},"6":{"start":{"line":85,"column":8},"end":{"line":85,"column":2658}},"7":{"start":{"line":94,"column":8},"end":{"line":94,"column":56}},"8":{"start":{"line":106,"column":8},"end":{"line":106,"column":3268}},"9":{"start":{"line":109,"column":8},"end":{"line":109,"column":55}},"10":{"start":{"line":110,"column":8},"end":{"line":110,"column":23}},"11":{"start":{"line":111,"column":8},"end":{"line":111,"column":44}},"12":{"start":{"line":123,"column":8},"end":{"line":123,"column":34}},"13":{"start":{"line":146,"column":8},"end":{"line":146,"column":4588}},"14":{"start":{"line":152,"column":8},"end":{"line":152,"column":4771}},"15":{"start":{"line":157,"column":8},"end":{"line":157,"column":4897}},"16":{"start":{"line":158,"column":12},"end":{"line":158,"column":4938}},"17":{"start":{"line":164,"column":8},"end":{"line":164,"column":5091}},"18":{"start":{"line":165,"column":12},"end":{"line":165,"column":5140}},"19":{"start":{"line":171,"column":12},"end":{"line":171,"column":49}},"20":{"start":{"line":174,"column":8},"end":{"line":174,"column":24}},"21":{"start":{"line":176,"column":8},"end":{"line":176,"column":5406}},"22":{"start":{"line":177,"column":12},"end":{"line":177,"column":56}},"23":{"start":{"line":178,"column":12},"end":{"line":178,"column":21}},"24":{"start":{"line":181,"column":8},"end":{"line":181,"column":60}},"25":{"start":{"line":183,"column":8},"end":{"line":183,"column":41}},"26":{"start":{"line":184,"column":8},"end":{"line":184,"column":30}},"27":{"start":{"line":185,"column":8},"end":{"line":185,"column":41}},"28":{"start":{"line":186,"column":8},"end":{"line":186,"column":29}},"29":{"start":{"line":187,"column":8},"end":{"line":187,"column":37}},"30":{"start":{"line":188,"column":8},"end":{"line":188,"column":35}},"31":{"start":{"line":190,"column":8},"end":{"line":190,"column":38}},"32":{"start":{"line":211,"column":8},"end":{"line":211,"column":6545}},"33":{"start":{"line":217,"column":8},"end":{"line":217,"column":6744}},"34":{"start":{"line":218,"column":12},"end":{"line":218,"column":6793}},"35":{"start":{"line":224,"column":12},"end":{"line":224,"column":57}},"36":{"start":{"line":227,"column":8},"end":{"line":227,"column":68}},"37":{"start":{"line":229,"column":8},"end":{"line":229,"column":30}},"38":{"start":{"line":230,"column":8},"end":{"line":230,"column":25}},"39":{"start":{"line":231,"column":8},"end":{"line":231,"column":41}},"40":{"start":{"line":232,"column":8},"end":{"line":232,"column":35}},"41":{"start":{"line":233,"column":8},"end":{"line":233,"column":37}},"42":{"start":{"line":234,"column":8},"end":{"line":234,"column":35}},"43":{"start":{"line":236,"column":8},"end":{"line":236,"column":51}},"44":{"start":{"line":259,"column":8},"end":{"line":259,"column":8291}},"45":{"start":{"line":264,"column":8},"end":{"line":264,"column":60}},"46":{"start":{"line":266,"column":8},"end":{"line":266,"column":8480}},"47":{"start":{"line":271,"column":8},"end":{"line":271,"column":73}},"48":{"start":{"line":273,"column":8},"end":{"line":273,"column":8679}},"49":{"start":{"line":274,"column":12},"end":{"line":274,"column":8720}},"50":{"start":{"line":279,"column":12},"end":{"line":279,"column":56}},"51":{"start":{"line":281,"column":12},"end":{"line":281,"column":29}},"52":{"start":{"line":283,"column":12},"end":{"line":283,"column":77}},"53":{"start":{"line":285,"column":12},"end":{"line":285,"column":9061}},"54":{"start":{"line":286,"column":16},"end":{"line":286,"column":50}},"55":{"start":{"line":289,"column":12},"end":{"line":289,"column":9173}},"56":{"start":{"line":290,"column":16},"end":{"line":290,"column":33}},"57":{"start":{"line":294,"column":8},"end":{"line":294,"column":41}},"58":{"start":{"line":296,"column":8},"end":{"line":296,"column":41}},"59":{"start":{"line":307,"column":8},"end":{"line":307,"column":9699}},"60":{"start":{"line":313,"column":8},"end":{"line":313,"column":63}},"61":{"start":{"line":315,"column":8},"end":{"line":315,"column":9955}},"62":{"start":{"line":316,"column":12},"end":{"line":316,"column":29}},"63":{"start":{"line":318,"column":12},"end":{"line":318,"column":56}},"64":{"start":{"line":320,"column":12},"end":{"line":320,"column":29}},"65":{"start":{"line":321,"column":12},"end":{"line":321,"column":34}},"66":{"start":{"line":322,"column":12},"end":{"line":322,"column":49}},"67":{"start":{"line":324,"column":12},"end":{"line":324,"column":56}},"68":{"start":{"line":337,"column":8},"end":{"line":337,"column":67}},"69":{"start":{"line":338,"column":8},"end":{"line":338,"column":72}},"70":{"start":{"line":339,"column":8},"end":{"line":339,"column":39}},"71":{"start":{"line":340,"column":8},"end":{"line":340,"column":10831}},"72":{"start":{"line":341,"column":12},"end":{"line":341,"column":33}},"73":{"start":{"line":343,"column":8},"end":{"line":343,"column":44}},"74":{"start":{"line":355,"column":8},"end":{"line":355,"column":67}},"75":{"start":{"line":356,"column":8},"end":{"line":356,"column":11499}},"76":{"start":{"line":357,"column":12},"end":{"line":357,"column":11550}},"77":{"start":{"line":362,"column":16},"end":{"line":362,"column":11776}},"78":{"start":{"line":366,"column":20},"end":{"line":366,"column":48}},"79":{"start":{"line":368,"column":20},"end":{"line":368,"column":11992}},"80":{"start":{"line":369,"column":24},"end":{"line":369,"column":45}},"81":{"start":{"line":371,"column":20},"end":{"line":371,"column":31}},"82":{"start":{"line":376,"column":8},"end":{"line":376,"column":20}},"83":{"start":{"line":388,"column":8},"end":{"line":388,"column":78}},"84":{"start":{"line":389,"column":8},"end":{"line":389,"column":12762}},"85":{"start":{"line":393,"column":8},"end":{"line":393,"column":12881}},"86":{"start":{"line":398,"column":8},"end":{"line":398,"column":13035}},"87":{"start":{"line":402,"column":8},"end":{"line":402,"column":44}},"88":{"start":{"line":421,"column":8},"end":{"line":421,"column":67}},"89":{"start":{"line":422,"column":8},"end":{"line":422,"column":13835}},"90":{"start":{"line":423,"column":12},"end":{"line":423,"column":53}},"91":{"start":{"line":425,"column":12},"end":{"line":425,"column":13986}},"92":{"start":{"line":430,"column":16},"end":{"line":430,"column":77}},"93":{"start":{"line":432,"column":16},"end":{"line":432,"column":14264}},"94":{"start":{"line":454,"column":8},"end":{"line":454,"column":67}},"95":{"start":{"line":456,"column":8},"end":{"line":456,"column":36}},"96":{"start":{"line":458,"column":8},"end":{"line":458,"column":15131}},"97":{"start":{"line":459,"column":12},"end":{"line":459,"column":33}},"98":{"start":{"line":476,"column":8},"end":{"line":476,"column":67}},"99":{"start":{"line":478,"column":8},"end":{"line":478,"column":15832}},"100":{"start":{"line":479,"column":12},"end":{"line":479,"column":40}},"101":{"start":{"line":481,"column":12},"end":{"line":481,"column":15923}},"102":{"start":{"line":482,"column":16},"end":{"line":482,"column":37}},"103":{"start":{"line":484,"column":12},"end":{"line":484,"column":23}},"104":{"start":{"line":486,"column":8},"end":{"line":486,"column":20}},"105":{"start":{"line":499,"column":8},"end":{"line":499,"column":66}},"106":{"start":{"line":501,"column":8},"end":{"line":501,"column":58}},"107":{"start":{"line":503,"column":8},"end":{"line":503,"column":16643}},"108":{"start":{"line":504,"column":12},"end":{"line":504,"column":16683}},"109":{"start":{"line":505,"column":16},"end":{"line":505,"column":16755}},"110":{"start":{"line":506,"column":20},"end":{"line":506,"column":65}},"111":{"start":{"line":507,"column":23},"end":{"line":507,"column":16870}},"112":{"start":{"line":508,"column":20},"end":{"line":508,"column":16961}},"113":{"start":{"line":514,"column":8},"end":{"line":514,"column":20}},"114":{"start":{"line":526,"column":8},"end":{"line":526,"column":67}},"115":{"start":{"line":528,"column":8},"end":{"line":528,"column":70}}},"branchMap":{"1":{"line":70,"type":"if","locations":[{"start":{"line":70,"column":8},"end":{"line":70,"column":8}},{"start":{"line":70,"column":8},"end":{"line":70,"column":8}}]},"2":{"line":79,"type":"if","locations":[{"start":{"line":79,"column":8},"end":{"line":79,"column":8}},{"start":{"line":79,"column":8},"end":{"line":79,"column":8}}]},"3":{"line":85,"type":"if","locations":[{"start":{"line":85,"column":8},"end":{"line":85,"column":8}},{"start":{"line":85,"column":8},"end":{"line":85,"column":8}}]},"4":{"line":109,"type":"if","locations":[{"start":{"line":109,"column":8},"end":{"line":109,"column":8}},{"start":{"line":109,"column":8},"end":{"line":109,"column":8}}]},"5":{"line":146,"type":"if","locations":[{"start":{"line":146,"column":8},"end":{"line":146,"column":8}},{"start":{"line":146,"column":8},"end":{"line":146,"column":8}}]},"6":{"line":152,"type":"if","locations":[{"start":{"line":152,"column":8},"end":{"line":152,"column":8}},{"start":{"line":152,"column":8},"end":{"line":152,"column":8}}]},"7":{"line":157,"type":"if","locations":[{"start":{"line":157,"column":8},"end":{"line":157,"column":8}},{"start":{"line":157,"column":8},"end":{"line":157,"column":8}}]},"8":{"line":158,"type":"if","locations":[{"start":{"line":158,"column":12},"end":{"line":158,"column":12}},{"start":{"line":158,"column":12},"end":{"line":158,"column":12}}]},"9":{"line":164,"type":"if","locations":[{"start":{"line":164,"column":8},"end":{"line":164,"column":8}},{"start":{"line":164,"column":8},"end":{"line":164,"column":8}}]},"10":{"line":165,"type":"if","locations":[{"start":{"line":165,"column":12},"end":{"line":165,"column":12}},{"start":{"line":165,"column":12},"end":{"line":165,"column":12}}]},"11":{"line":176,"type":"if","locations":[{"start":{"line":176,"column":8},"end":{"line":176,"column":8}},{"start":{"line":176,"column":8},"end":{"line":176,"column":8}}]},"12":{"line":211,"type":"if","locations":[{"start":{"line":211,"column":8},"end":{"line":211,"column":8}},{"start":{"line":211,"column":8},"end":{"line":211,"column":8}}]},"13":{"line":217,"type":"if","locations":[{"start":{"line":217,"column":8},"end":{"line":217,"column":8}},{"start":{"line":217,"column":8},"end":{"line":217,"column":8}}]},"14":{"line":218,"type":"if","locations":[{"start":{"line":218,"column":12},"end":{"line":218,"column":12}},{"start":{"line":218,"column":12},"end":{"line":218,"column":12}}]},"15":{"line":259,"type":"if","locations":[{"start":{"line":259,"column":8},"end":{"line":259,"column":8}},{"start":{"line":259,"column":8},"end":{"line":259,"column":8}}]},"16":{"line":266,"type":"if","locations":[{"start":{"line":266,"column":8},"end":{"line":266,"column":8}},{"start":{"line":266,"column":8},"end":{"line":266,"column":8}}]},"17":{"line":271,"type":"if","locations":[{"start":{"line":271,"column":8},"end":{"line":271,"column":8}},{"start":{"line":271,"column":8},"end":{"line":271,"column":8}}]},"18":{"line":273,"type":"if","locations":[{"start":{"line":273,"column":8},"end":{"line":273,"column":8}},{"start":{"line":273,"column":8},"end":{"line":273,"column":8}}]},"19":{"line":274,"type":"if","locations":[{"start":{"line":274,"column":12},"end":{"line":274,"column":12}},{"start":{"line":274,"column":12},"end":{"line":274,"column":12}}]},"20":{"line":283,"type":"if","locations":[{"start":{"line":283,"column":12},"end":{"line":283,"column":12}},{"start":{"line":283,"column":12},"end":{"line":283,"column":12}}]},"21":{"line":285,"type":"if","locations":[{"start":{"line":285,"column":12},"end":{"line":285,"column":12}},{"start":{"line":285,"column":12},"end":{"line":285,"column":12}}]},"22":{"line":289,"type":"if","locations":[{"start":{"line":289,"column":12},"end":{"line":289,"column":12}},{"start":{"line":289,"column":12},"end":{"line":289,"column":12}}]},"23":{"line":307,"type":"if","locations":[{"start":{"line":307,"column":8},"end":{"line":307,"column":8}},{"start":{"line":307,"column":8},"end":{"line":307,"column":8}}]},"24":{"line":315,"type":"if","locations":[{"start":{"line":315,"column":8},"end":{"line":315,"column":8}},{"start":{"line":315,"column":8},"end":{"line":315,"column":8}}]},"25":{"line":338,"type":"if","locations":[{"start":{"line":338,"column":8},"end":{"line":338,"column":8}},{"start":{"line":338,"column":8},"end":{"line":338,"column":8}}]},"26":{"line":340,"type":"if","locations":[{"start":{"line":340,"column":8},"end":{"line":340,"column":8}},{"start":{"line":340,"column":8},"end":{"line":340,"column":8}}]},"27":{"line":356,"type":"if","locations":[{"start":{"line":356,"column":8},"end":{"line":356,"column":8}},{"start":{"line":356,"column":8},"end":{"line":356,"column":8}}]},"28":{"line":357,"type":"if","locations":[{"start":{"line":357,"column":12},"end":{"line":357,"column":12}},{"start":{"line":357,"column":12},"end":{"line":357,"column":12}}]},"29":{"line":362,"type":"if","locations":[{"start":{"line":362,"column":16},"end":{"line":362,"column":16}},{"start":{"line":362,"column":16},"end":{"line":362,"column":16}}]},"30":{"line":368,"type":"if","locations":[{"start":{"line":368,"column":20},"end":{"line":368,"column":20}},{"start":{"line":368,"column":20},"end":{"line":368,"column":20}}]},"31":{"line":388,"type":"if","locations":[{"start":{"line":388,"column":8},"end":{"line":388,"column":8}},{"start":{"line":388,"column":8},"end":{"line":388,"column":8}}]},"32":{"line":389,"type":"if","locations":[{"start":{"line":389,"column":8},"end":{"line":389,"column":8}},{"start":{"line":389,"column":8},"end":{"line":389,"column":8}}]},"33":{"line":393,"type":"if","locations":[{"start":{"line":393,"column":8},"end":{"line":393,"column":8}},{"start":{"line":393,"column":8},"end":{"line":393,"column":8}}]},"34":{"line":422,"type":"if","locations":[{"start":{"line":422,"column":8},"end":{"line":422,"column":8}},{"start":{"line":422,"column":8},"end":{"line":422,"column":8}}]},"35":{"line":425,"type":"if","locations":[{"start":{"line":425,"column":12},"end":{"line":425,"column":12}},{"start":{"line":425,"column":12},"end":{"line":425,"column":12}}]},"36":{"line":458,"type":"if","locations":[{"start":{"line":458,"column":8},"end":{"line":458,"column":8}},{"start":{"line":458,"column":8},"end":{"line":458,"column":8}}]},"37":{"line":478,"type":"if","locations":[{"start":{"line":478,"column":8},"end":{"line":478,"column":8}},{"start":{"line":478,"column":8},"end":{"line":478,"column":8}}]},"38":{"line":481,"type":"if","locations":[{"start":{"line":481,"column":12},"end":{"line":481,"column":12}},{"start":{"line":481,"column":12},"end":{"line":481,"column":12}}]},"39":{"line":503,"type":"if","locations":[{"start":{"line":503,"column":8},"end":{"line":503,"column":8}},{"start":{"line":503,"column":8},"end":{"line":503,"column":8}}]},"40":{"line":504,"type":"if","locations":[{"start":{"line":504,"column":12},"end":{"line":504,"column":12}},{"start":{"line":504,"column":12},"end":{"line":504,"column":12}}]},"41":{"line":505,"type":"if","locations":[{"start":{"line":505,"column":16},"end":{"line":505,"column":16}},{"start":{"line":505,"column":16},"end":{"line":505,"column":16}}]},"42":{"line":507,"type":"if","locations":[{"start":{"line":507,"column":23},"end":{"line":507,"column":23}},{"start":{"line":507,"column":23},"end":{"line":507,"column":23}}]}}},"contracts/regularSell/IRegularSell.sol":{"l":{},"path":"/home/ali/Desktop/treejer/contract/contracts/regularSell/IRegularSell.sol","s":{},"b":{},"f":{},"fnMap":{},"statementMap":{},"branchMap":{}},"contracts/regularSell/RegularSell.sol":{"l":{"38":0,"39":0,"44":0,"45":0,"50":0,"51":0,"64":0,"67":0,"68":0,"70":0,"71":0,"72":0,"73":0,"85":0,"93":0,"98":0,"100":0,"107":0,"109":0,"111":0,"118":0,"120":0,"122":0,"133":0,"134":0,"142":0,"143":0,"144":0,"151":0,"152":0,"160":0,"162":0,"164":0,"166":0,"168":0,"174":0,"176":0,"178":0,"179":0,"184":0,"195":0,"208":0,"211":0,"220":0,"222":0,"227":0,"233":0,"235":0,"237":0,"248":0,"261":0},"path":"/home/ali/Desktop/treejer/contract/contracts/regularSell/RegularSell.sol","s":{"1":0,"2":0,"3":0,"4":0,"5":0,"6":0,"7":0,"8":0,"9":0,"10":0,"11":0,"12":0,"13":0,"14":0,"15":0,"16":0,"17":0,"18":0,"19":0,"20":0,"21":0,"22":0,"23":0,"24":0,"25":0,"26":0,"27":0,"28":0,"29":0,"30":0,"31":0,"32":0,"33":0,"34":0,"35":0,"36":0,"37":0,"38":0,"39":0,"40":0,"41":0,"42":0,"43":0,"44":0,"45":0,"46":0,"47":0,"48":0},"b":{"1":[0,0],"2":[0,0],"3":[0,0],"4":[0,0],"5":[0,0],"6":[0,0],"7":[0,0],"8":[0,0],"9":[0,0],"10":[0,0],"11":[0,0],"12":[0,0]},"f":{"1":0,"2":0,"3":0,"4":0,"5":0,"6":0,"7":0,"8":0,"9":0,"10":0,"11":0,"12":0,"13":0},"fnMap":{"1":{"name":"onlyAdmin","line":37,"loc":{"start":{"line":37,"column":4},"end":{"line":40,"column":4}}},"2":{"name":"onlyDataManager","line":43,"loc":{"start":{"line":43,"column":4},"end":{"line":46,"column":4}}},"3":{"name":"validAddress","line":49,"loc":{"start":{"line":49,"column":4},"end":{"line":52,"column":4}}},"4":{"name":"initialize","line":62,"loc":{"start":{"line":60,"column":4},"end":{"line":74,"column":4}}},"5":{"name":"setTrustedForwarder","line":83,"loc":{"start":{"line":80,"column":4},"end":{"line":86,"column":4}}},"6":{"name":"setLastSoldRegularTree","line":91,"loc":{"start":{"line":89,"column":4},"end":{"line":101,"column":4}}},"7":{"name":"setTreeFactoryAddress","line":106,"loc":{"start":{"line":106,"column":4},"end":{"line":112,"column":4}}},"8":{"name":"setDaiFundsAddress","line":117,"loc":{"start":{"line":117,"column":4},"end":{"line":123,"column":4}}},"9":{"name":"setDaiTokenAddress","line":131,"loc":{"start":{"line":128,"column":4},"end":{"line":135,"column":4}}},"10":{"name":"setFinancialModelAddress","line":141,"loc":{"start":{"line":141,"column":4},"end":{"line":145,"column":4}}},"11":{"name":"setPrice","line":150,"loc":{"start":{"line":150,"column":4},"end":{"line":153,"column":4}}},"12":{"name":"requestTrees","line":159,"loc":{"start":{"line":159,"column":4},"end":{"line":212,"column":4}}},"13":{"name":"requestByTreeId","line":219,"loc":{"start":{"line":219,"column":4},"end":{"line":262,"column":4}}}},"statementMap":{"1":{"start":{"line":38,"column":8},"end":{"line":38,"column":46}},"2":{"start":{"line":44,"column":8},"end":{"line":44,"column":52}},"3":{"start":{"line":50,"column":8},"end":{"line":50,"column":57}},"4":{"start":{"line":64,"column":8},"end":{"line":64,"column":2154}},"5":{"start":{"line":67,"column":8},"end":{"line":67,"column":55}},"6":{"start":{"line":68,"column":8},"end":{"line":68,"column":44}},"7":{"start":{"line":70,"column":8},"end":{"line":70,"column":27}},"8":{"start":{"line":71,"column":8},"end":{"line":71,"column":34}},"9":{"start":{"line":72,"column":8},"end":{"line":72,"column":25}},"10":{"start":{"line":73,"column":8},"end":{"line":73,"column":37}},"11":{"start":{"line":85,"column":8},"end":{"line":85,"column":34}},"12":{"start":{"line":93,"column":8},"end":{"line":93,"column":2969}},"13":{"start":{"line":98,"column":8},"end":{"line":98,"column":49}},"14":{"start":{"line":100,"column":8},"end":{"line":100,"column":61}},"15":{"start":{"line":107,"column":8},"end":{"line":107,"column":63}},"16":{"start":{"line":109,"column":8},"end":{"line":109,"column":49}},"17":{"start":{"line":111,"column":8},"end":{"line":111,"column":38}},"18":{"start":{"line":118,"column":8},"end":{"line":118,"column":57}},"19":{"start":{"line":120,"column":8},"end":{"line":120,"column":46}},"20":{"start":{"line":122,"column":8},"end":{"line":122,"column":35}},"21":{"start":{"line":133,"column":8},"end":{"line":133,"column":73}},"22":{"start":{"line":134,"column":8},"end":{"line":134,"column":35}},"23":{"start":{"line":142,"column":8},"end":{"line":142,"column":69}},"24":{"start":{"line":143,"column":8},"end":{"line":143,"column":52}},"25":{"start":{"line":144,"column":8},"end":{"line":144,"column":41}},"26":{"start":{"line":151,"column":8},"end":{"line":151,"column":25}},"27":{"start":{"line":152,"column":8},"end":{"line":152,"column":37}},"28":{"start":{"line":160,"column":8},"end":{"line":160,"column":43}},"29":{"start":{"line":162,"column":8},"end":{"line":162,"column":43}},"30":{"start":{"line":164,"column":8},"end":{"line":164,"column":76}},"31":{"start":{"line":166,"column":8},"end":{"line":166,"column":57}},"32":{"start":{"line":168,"column":8},"end":{"line":168,"column":5346}},"33":{"start":{"line":174,"column":8},"end":{"line":174,"column":48}},"34":{"start":{"line":176,"column":8},"end":{"line":176,"column":62}},"35":{"start":{"line":178,"column":8},"end":{"line":178,"column":5596}},"36":{"start":{"line":179,"column":12},"end":{"line":179,"column":5651}},"37":{"start":{"line":184,"column":12},"end":{"line":184,"column":5857}},"38":{"start":{"line":195,"column":12},"end":{"line":195,"column":6180}},"39":{"start":{"line":208,"column":12},"end":{"line":208,"column":63}},"40":{"start":{"line":211,"column":8},"end":{"line":211,"column":48}},"41":{"start":{"line":220,"column":8},"end":{"line":220,"column":61}},"42":{"start":{"line":222,"column":8},"end":{"line":222,"column":7053}},"43":{"start":{"line":227,"column":8},"end":{"line":227,"column":7171}},"44":{"start":{"line":233,"column":8},"end":{"line":233,"column":48}},"45":{"start":{"line":235,"column":8},"end":{"line":235,"column":60}},"46":{"start":{"line":237,"column":8},"end":{"line":237,"column":7471}},"47":{"start":{"line":248,"column":8},"end":{"line":248,"column":7754}},"48":{"start":{"line":261,"column":8},"end":{"line":261,"column":70}}},"branchMap":{"1":{"line":50,"type":"if","locations":[{"start":{"line":50,"column":8},"end":{"line":50,"column":8}},{"start":{"line":50,"column":8},"end":{"line":50,"column":8}}]},"2":{"line":67,"type":"if","locations":[{"start":{"line":67,"column":8},"end":{"line":67,"column":8}},{"start":{"line":67,"column":8},"end":{"line":67,"column":8}}]},"3":{"line":93,"type":"if","locations":[{"start":{"line":93,"column":8},"end":{"line":93,"column":8}},{"start":{"line":93,"column":8},"end":{"line":93,"column":8}}]},"4":{"line":109,"type":"if","locations":[{"start":{"line":109,"column":8},"end":{"line":109,"column":8}},{"start":{"line":109,"column":8},"end":{"line":109,"column":8}}]},"5":{"line":120,"type":"if","locations":[{"start":{"line":120,"column":8},"end":{"line":120,"column":8}},{"start":{"line":120,"column":8},"end":{"line":120,"column":8}}]},"6":{"line":143,"type":"if","locations":[{"start":{"line":143,"column":8},"end":{"line":143,"column":8}},{"start":{"line":143,"column":8},"end":{"line":143,"column":8}}]},"7":{"line":160,"type":"if","locations":[{"start":{"line":160,"column":8},"end":{"line":160,"column":8}},{"start":{"line":160,"column":8},"end":{"line":160,"column":8}}]},"8":{"line":164,"type":"if","locations":[{"start":{"line":164,"column":8},"end":{"line":164,"column":8}},{"start":{"line":164,"column":8},"end":{"line":164,"column":8}}]},"9":{"line":174,"type":"if","locations":[{"start":{"line":174,"column":8},"end":{"line":174,"column":8}},{"start":{"line":174,"column":8},"end":{"line":174,"column":8}}]},"10":{"line":220,"type":"if","locations":[{"start":{"line":220,"column":8},"end":{"line":220,"column":8}},{"start":{"line":220,"column":8},"end":{"line":220,"column":8}}]},"11":{"line":222,"type":"if","locations":[{"start":{"line":222,"column":8},"end":{"line":222,"column":8}},{"start":{"line":222,"column":8},"end":{"line":222,"column":8}}]},"12":{"line":233,"type":"if","locations":[{"start":{"line":233,"column":8},"end":{"line":233,"column":8}},{"start":{"line":233,"column":8},"end":{"line":233,"column":8}}]}}},"contracts/treasury/DaiFunds.sol":{"l":{"77":0,"78":0,"83":0,"84":0,"89":0,"90":0,"94":0,"95":0,"106":0,"110":0,"112":0,"113":0,"125":0,"128":0,"139":0,"140":0,"141":0,"153":0,"165":0,"177":0,"189":0,"201":0,"213":0,"237":0,"239":0,"241":0,"243":0,"245":0,"247":0,"249":0,"250":0,"252":0,"257":0,"259":0,"261":0,"276":0,"281":0,"283":0,"285":0,"287":0,"306":0,"311":0,"313":0,"315":0,"317":0,"336":0,"341":0,"343":0,"345":0,"347":0,"362":0,"367":0,"369":0,"371":0,"373":0,"392":0,"397":0,"399":0,"401":0,"403":0,"418":0,"423":0,"425":0,"427":0,"429":0},"path":"/home/ali/Desktop/treejer/contract/contracts/treasury/DaiFunds.sol","s":{"1":0,"2":0,"3":0,"4":0,"5":0,"6":0,"7":0,"8":0,"9":0,"10":0,"11":0,"12":0,"13":0,"14":0,"15":0,"16":0,"17":0,"18":0,"19":0,"20":0,"21":0,"22":0,"23":0,"24":0,"25":0,"26":0,"27":0,"28":0,"29":0,"30":0,"31":0,"32":0,"33":0,"34":0,"35":0,"36":0,"37":0,"38":0,"39":0,"40":0,"41":0,"42":0,"43":0,"44":0,"45":0,"46":0,"47":0,"48":0,"49":0,"50":0,"51":0,"52":0,"53":0,"54":0,"55":0,"56":0,"57":0,"58":0,"59":0,"60":0,"61":0},"b":{"1":[0,0],"2":[0,0],"3":[0,0],"4":[0,0],"5":[0,0],"6":[0,0],"7":[0,0],"8":[0,0],"9":[0,0],"10":[0,0],"11":[0,0],"12":[0,0],"13":[0,0],"14":[0,0],"15":[0,0],"16":[0,0]},"f":{"1":0,"2":0,"3":0,"4":0,"5":0,"6":0,"7":0,"8":0,"9":0,"10":0,"11":0,"12":0,"13":0,"14":0,"15":0,"16":0,"17":0,"18":0,"19":0,"20":0},"fnMap":{"1":{"name":"onlyAdmin","line":76,"loc":{"start":{"line":76,"column":4},"end":{"line":79,"column":4}}},"2":{"name":"ifNotPaused","line":82,"loc":{"start":{"line":82,"column":4},"end":{"line":85,"column":4}}},"3":{"name":"onlyTreejerContract","line":88,"loc":{"start":{"line":88,"column":4},"end":{"line":91,"column":4}}},"4":{"name":"validAddress","line":93,"loc":{"start":{"line":93,"column":4},"end":{"line":96,"column":4}}},"5":{"name":"initialize","line":104,"loc":{"start":{"line":102,"column":4},"end":{"line":114,"column":4}}},"6":{"name":"setDaiTokenAddress","line":123,"loc":{"start":{"line":120,"column":4},"end":{"line":129,"column":4}}},"7":{"name":"setPlanterFundContractAddress","line":137,"loc":{"start":{"line":135,"column":4},"end":{"line":142,"column":4}}},"8":{"name":"setTreeResearchAddress","line":151,"loc":{"start":{"line":148,"column":4},"end":{"line":154,"column":4}}},"9":{"name":"setLocalDevelopAddress","line":163,"loc":{"start":{"line":160,"column":4},"end":{"line":166,"column":4}}},"10":{"name":"setRescueFundAddress","line":175,"loc":{"start":{"line":172,"column":4},"end":{"line":178,"column":4}}},"11":{"name":"setTreejerDevelopAddress","line":187,"loc":{"start":{"line":184,"column":4},"end":{"line":190,"column":4}}},"12":{"name":"setReserveFund1Address","line":199,"loc":{"start":{"line":196,"column":4},"end":{"line":202,"column":4}}},"13":{"name":"setReserveFund2Address","line":211,"loc":{"start":{"line":208,"column":4},"end":{"line":214,"column":4}}},"14":{"name":"fundTree","line":236,"loc":{"start":{"line":225,"column":4},"end":{"line":262,"column":4}}},"15":{"name":"withdrawTreeResearch","line":274,"loc":{"start":{"line":270,"column":4},"end":{"line":292,"column":4}}},"16":{"name":"withdrawLocalDevelop","line":304,"loc":{"start":{"line":300,"column":4},"end":{"line":322,"column":4}}},"17":{"name":"withdrawRescueFund","line":334,"loc":{"start":{"line":330,"column":4},"end":{"line":348,"column":4}}},"18":{"name":"withdrawTreejerDevelop","line":360,"loc":{"start":{"line":356,"column":4},"end":{"line":378,"column":4}}},"19":{"name":"withdrawReserveFund1","line":390,"loc":{"start":{"line":386,"column":4},"end":{"line":404,"column":4}}},"20":{"name":"withdrawReserveFund2","line":416,"loc":{"start":{"line":412,"column":4},"end":{"line":430,"column":4}}}},"statementMap":{"1":{"start":{"line":77,"column":8},"end":{"line":77,"column":44}},"2":{"start":{"line":83,"column":8},"end":{"line":83,"column":38}},"3":{"start":{"line":89,"column":8},"end":{"line":89,"column":54}},"4":{"start":{"line":94,"column":8},"end":{"line":94,"column":57}},"5":{"start":{"line":106,"column":8},"end":{"line":106,"column":3056}},"6":{"start":{"line":110,"column":8},"end":{"line":110,"column":55}},"7":{"start":{"line":112,"column":8},"end":{"line":112,"column":24}},"8":{"start":{"line":113,"column":8},"end":{"line":113,"column":44}},"9":{"start":{"line":125,"column":8},"end":{"line":125,"column":3568}},"10":{"start":{"line":128,"column":8},"end":{"line":128,"column":35}},"11":{"start":{"line":139,"column":8},"end":{"line":139,"column":63}},"12":{"start":{"line":140,"column":8},"end":{"line":140,"column":49}},"13":{"start":{"line":141,"column":8},"end":{"line":141,"column":46}},"14":{"start":{"line":153,"column":8},"end":{"line":153,"column":37}},"15":{"start":{"line":165,"column":8},"end":{"line":165,"column":37}},"16":{"start":{"line":177,"column":8},"end":{"line":177,"column":35}},"17":{"start":{"line":189,"column":8},"end":{"line":189,"column":39}},"18":{"start":{"line":201,"column":8},"end":{"line":201,"column":37}},"19":{"start":{"line":213,"column":8},"end":{"line":213,"column":37}},"20":{"start":{"line":237,"column":8},"end":{"line":237,"column":63}},"21":{"start":{"line":239,"column":8},"end":{"line":239,"column":67}},"22":{"start":{"line":241,"column":8},"end":{"line":241,"column":67}},"23":{"start":{"line":243,"column":8},"end":{"line":243,"column":67}},"24":{"start":{"line":245,"column":8},"end":{"line":245,"column":71}},"25":{"start":{"line":247,"column":8},"end":{"line":247,"column":67}},"26":{"start":{"line":249,"column":8},"end":{"line":249,"column":62}},"27":{"start":{"line":250,"column":8},"end":{"line":250,"column":64}},"28":{"start":{"line":252,"column":8},"end":{"line":252,"column":7227}},"29":{"start":{"line":257,"column":8},"end":{"line":257,"column":48}},"30":{"start":{"line":259,"column":8},"end":{"line":259,"column":78}},"31":{"start":{"line":261,"column":8},"end":{"line":261,"column":69}},"32":{"start":{"line":276,"column":8},"end":{"line":276,"column":7997}},"33":{"start":{"line":281,"column":8},"end":{"line":281,"column":41}},"34":{"start":{"line":283,"column":8},"end":{"line":283,"column":70}},"35":{"start":{"line":285,"column":8},"end":{"line":285,"column":48}},"36":{"start":{"line":287,"column":8},"end":{"line":287,"column":8294}},"37":{"start":{"line":306,"column":8},"end":{"line":306,"column":8851}},"38":{"start":{"line":311,"column":8},"end":{"line":311,"column":41}},"39":{"start":{"line":313,"column":8},"end":{"line":313,"column":70}},"40":{"start":{"line":315,"column":8},"end":{"line":315,"column":48}},"41":{"start":{"line":317,"column":8},"end":{"line":317,"column":9148}},"42":{"start":{"line":336,"column":8},"end":{"line":336,"column":9697}},"43":{"start":{"line":341,"column":8},"end":{"line":341,"column":39}},"44":{"start":{"line":343,"column":8},"end":{"line":343,"column":68}},"45":{"start":{"line":345,"column":8},"end":{"line":345,"column":48}},"46":{"start":{"line":347,"column":8},"end":{"line":347,"column":72}},"47":{"start":{"line":362,"column":8},"end":{"line":362,"column":10499}},"48":{"start":{"line":367,"column":8},"end":{"line":367,"column":43}},"49":{"start":{"line":369,"column":8},"end":{"line":369,"column":72}},
[...]
column":4}}},"5":{"name":"validTree","line":103,"loc":{"start":{"line":103,"column":4},"end":{"line":106,"column":4}}},"6":{"name":"validAddress","line":109,"loc":{"start":{"line":109,"column":4},"end":{"line":112,"column":4}}},"7":{"name":"initialize","line":121,"loc":{"start":{"line":119,"column":4},"end":{"line":133,"column":4}}},"8":{"name":"setTrustedForwarder","line":142,"loc":{"start":{"line":139,"column":4},"end":{"line":145,"column":4}}},"9":{"name":"setPlanterFundAddress","line":151,"loc":{"start":{"line":151,"column":4},"end":{"line":157,"column":4}}},"10":{"name":"setPlanterAddress","line":163,"loc":{"start":{"line":163,"column":4},"end":{"line":169,"column":4}}},"11":{"name":"setTreeTokenAddress","line":175,"loc":{"start":{"line":175,"column":4},"end":{"line":181,"column":4}}},"12":{"name":"setUpdateInterval","line":186,"loc":{"start":{"line":186,"column":4},"end":{"line":188,"column":4}}},"13":{"name":"addTree","line":197,"loc":{"start":{"line":195,"column":4},"end":{"line":207,"column":4}}},"14":{"name":"assignTreeToPlanter","line":217,"loc":{"start":{"line":215,"column":4},"end":{"line":231,"column":4}}},"15":{"name":"plantTree","line":240,"loc":{"start":{"line":240,"column":4},"end":{"line":272,"column":4}}},"16":{"name":"verifyPlant","line":281,"loc":{"start":{"line":279,"column":4},"end":{"line":313,"column":4}}},"17":{"name":"updateTree","line":320,"loc":{"start":{"line":320,"column":4},"end":{"line":346,"column":4}}},"18":{"name":"verifyUpdate","line":359,"loc":{"start":{"line":357,"column":4},"end":{"line":409,"column":4}}},"19":{"name":"availability","line":419,"loc":{"start":{"line":416,"column":4},"end":{"line":433,"column":4}}},"20":{"name":"updateOwner","line":440,"loc":{"start":{"line":436,"column":4},"end":{"line":444,"column":4}}},"21":{"name":"updateAvailability","line":447,"loc":{"start":{"line":447,"column":4},"end":{"line":449,"column":4}}},"22":{"name":"bulkRevert","line":454,"loc":{"start":{"line":452,"column":4},"end":{"line":461,"column":4}}},"23":{"name":"manageProvideStatus","line":471,"loc":{"start":{"line":467,"column":4},"end":{"line":481,"column":4}}},"24":{"name":"checkMintStatus","line":486,"loc":{"start":{"line":486,"column":4},"end":{"line":516,"column":4}}},"25":{"name":"regularPlantTree","line":527,"loc":{"start":{"line":527,"column":4},"end":{"line":546,"column":4}}},"26":{"name":"verifyRegularPlant","line":555,"loc":{"start":{"line":555,"column":4},"end":{"line":603,"column":4}}},"27":{"name":"mintRegularTrees","line":614,"loc":{"start":{"line":612,"column":4},"end":{"line":639,"column":4}}},"28":{"name":"requestRegularTree","line":649,"loc":{"start":{"line":647,"column":4},"end":{"line":661,"column":4}}}},"statementMap":{"1":{"start":{"line":80,"column":8},"end":{"line":80,"column":46}},"2":{"start":{"line":86,"column":8},"end":{"line":86,"column":52}},"3":{"start":{"line":92,"column":8},"end":{"line":92,"column":38}},"4":{"start":{"line":98,"column":8},"end":{"line":98,"column":56}},"5":{"start":{"line":104,"column":8},"end":{"line":104,"column":64}},"6":{"start":{"line":110,"column":8},"end":{"line":110,"column":57}},"7":{"start":{"line":123,"column":8},"end":{"line":123,"column":3810}},"8":{"start":{"line":127,"column":8},"end":{"line":127,"column":55}},"9":{"start":{"line":129,"column":8},"end":{"line":129,"column":27}},"10":{"start":{"line":130,"column":8},"end":{"line":130,"column":44}},"11":{"start":{"line":131,"column":8},"end":{"line":131,"column":37}},"12":{"start":{"line":132,"column":8},"end":{"line":132,"column":30}},"13":{"start":{"line":144,"column":8},"end":{"line":144,"column":34}},"14":{"start":{"line":152,"column":8},"end":{"line":152,"column":63}},"15":{"start":{"line":154,"column":8},"end":{"line":154,"column":49}},"16":{"start":{"line":156,"column":8},"end":{"line":156,"column":38}},"17":{"start":{"line":164,"column":8},"end":{"line":164,"column":55}},"18":{"start":{"line":166,"column":8},"end":{"line":166,"column":45}},"19":{"start":{"line":168,"column":8},"end":{"line":168,"column":34}},"20":{"start":{"line":176,"column":8},"end":{"line":176,"column":49}},"21":{"start":{"line":178,"column":8},"end":{"line":178,"column":42}},"22":{"start":{"line":180,"column":8},"end":{"line":180,"column":36}},"23":{"start":{"line":187,"column":8},"end":{"line":187,"column":36}},"24":{"start":{"line":199,"column":8},"end":{"line":199,"column":67}},"25":{"start":{"line":201,"column":8},"end":{"line":201,"column":51}},"26":{"start":{"line":203,"column":8},"end":{"line":203,"column":26}},"27":{"start":{"line":204,"column":8},"end":{"line":204,"column":40}},"28":{"start":{"line":206,"column":8},"end":{"line":206,"column":31}},"29":{"start":{"line":219,"column":8},"end":{"line":219,"column":55}},"30":{"start":{"line":221,"column":8},"end":{"line":221,"column":66}},"31":{"start":{"line":223,"column":8},"end":{"line":223,"column":6650}},"32":{"start":{"line":228,"column":8},"end":{"line":228,"column":38}},"33":{"start":{"line":230,"column":8},"end":{"line":230,"column":34}},"34":{"start":{"line":246,"column":8},"end":{"line":246,"column":58}},"35":{"start":{"line":248,"column":8},"end":{"line":248,"column":76}},"36":{"start":{"line":250,"column":8},"end":{"line":250,"column":7415}},"37":{"start":{"line":255,"column":8},"end":{"line":255,"column":55}},"38":{"start":{"line":257,"column":8},"end":{"line":257,"column":7598}},"39":{"start":{"line":258,"column":12},"end":{"line":258,"column":47}},"40":{"start":{"line":261,"column":8},"end":{"line":261,"column":63}},"41":{"start":{"line":263,"column":8},"end":{"line":263,"column":45}},"42":{"start":{"line":264,"column":8},"end":{"line":264,"column":37}},"43":{"start":{"line":266,"column":8},"end":{"line":266,"column":45}},"44":{"start":{"line":267,"column":8},"end":{"line":267,"column":41}},"45":{"start":{"line":268,"column":8},"end":{"line":268,"column":57}},"46":{"start":{"line":269,"column":8},"end":{"line":269,"column":33}},"47":{"start":{"line":271,"column":8},"end":{"line":271,"column":33}},"48":{"start":{"line":283,"column":8},"end":{"line":283,"column":58}},"49":{"start":{"line":285,"column":8},"end":{"line":285,"column":66}},"50":{"start":{"line":287,"column":8},"end":{"line":287,"column":8523}},"51":{"start":{"line":292,"column":8},"end":{"line":292,"column":8653}},"52":{"start":{"line":298,"column":8},"end":{"line":298,"column":67}},"53":{"start":{"line":300,"column":8},"end":{"line":300,"column":8924}},"54":{"start":{"line":301,"column":12},"end":{"line":301,"column":64}},"55":{"start":{"line":302,"column":12},"end":{"line":302,"column":37}},"56":{"start":{"line":303,"column":12},"end":{"line":303,"column":45}},"57":{"start":{"line":305,"column":12},"end":{"line":305,"column":39}},"58":{"start":{"line":307,"column":12},"end":{"line":307,"column":37}},"59":{"start":{"line":308,"column":12},"end":{"line":308,"column":45}},"60":{"start":{"line":309,"column":12},"end":{"line":309,"column":58}},"61":{"start":{"line":311,"column":12},"end":{"line":311,"column":39}},"62":{"start":{"line":321,"column":8},"end":{"line":321,"column":9604}},"63":{"start":{"line":326,"column":8},"end":{"line":326,"column":68}},"64":{"start":{"line":328,"column":8},"end":{"line":328,"column":9813}},"65":{"start":{"line":333,"column":8},"end":{"line":333,"column":9938}},"66":{"start":{"line":340,"column":8},"end":{"line":340,"column":63}},"67":{"start":{"line":342,"column":8},"end":{"line":342,"column":45}},"68":{"start":{"line":343,"column":8},"end":{"line":343,"column":37}},"69":{"start":{"line":345,"column":8},"end":{"line":345,"column":33}},"70":{"start":{"line":361,"column":8},"end":{"line":361,"column":10924}},"71":{"start":{"line":366,"column":8},"end":{"line":366,"column":11060}},"72":{"start":{"line":371,"column":8},"end":{"line":371,"column":68}},"73":{"start":{"line":373,"column":8},"end":{"line":373,"column":11257}},"74":{"start":{"line":379,"column":8},"end":{"line":379,"column":63}},"75":{"start":{"line":381,"column":8},"end":{"line":381,"column":11530}},"76":{"start":{"line":382,"column":12},"end":{"line":382,"column":55}},"77":{"start":{"line":384,"column":12},"end":{"line":384,"column":41}},"78":{"start":{"line":386,"column":12},"end":{"line":386,"column":11688}},"79":{"start":{"line":389,"column":12},"end":{"line":389,"column":11779}},"80":{"start":{"line":390,"column":16},"end":{"line":390,"column":36}},"81":{"start":{"line":393,"column":12},"end":{"line":393,"column":53}},"82":{"start":{"line":395,"column":12},"end":{"line":395,"column":11931}},"83":{"start":{"line":396,"column":16},"end":{"line":396,"column":11984}},"84":{"start":{"line":403,"column":12},"end":{"line":403,"column":40}},"85":{"start":{"line":405,"column":12},"end":{"line":405,"column":41}},"86":{"start":{"line":407,"column":12},"end":{"line":407,"column":40}},"87":{"start":{"line":422,"column":8},"end":{"line":422,"column":12713}},"88":{"start":{"line":423,"column":12},"end":{"line":423,"column":20}},"89":{"start":{"line":426,"column":8},"end":{"line":426,"column":65}},"90":{"start":{"line":428,"column":8},"end":{"line":428,"column":12855}},"91":{"start":{"line":429,"column":12},"end":{"line":429,"column":57}},"92":{"start":{"line":432,"column":8},"end":{"line":432,"column":31}},"93":{"start":{"line":441,"column":8},"end":{"line":441,"column":42}},"94":{"start":{"line":442,"column":8},"end":{"line":442,"column":49}},"95":{"start":{"line":443,"column":8},"end":{"line":443,"column":44}},"96":{"start":{"line":448,"column":8},"end":{"line":448,"column":42}},"97":{"start":{"line":456,"column":8},"end":{"line":456,"column":13804}},"98":{"start":{"line":457,"column":12},"end":{"line":457,"column":13874}},"99":{"start":{"line":458,"column":16},"end":{"line":458,"column":44}},"100":{"start":{"line":472,"column":8},"end":{"line":472,"column":14351}},"101":{"start":{"line":473,"column":12},"end":{"line":473,"column":14421}},"102":{"start":{"line":474,"column":16},"end":{"line":474,"column":28}},"103":{"start":{"line":477,"column":8},"end":{"line":477,"column":14516}},"104":{"start":{"line":478,"column":12},"end":{"line":478,"column":53}},"105":{"start":{"line":480,"column":8},"end":{"line":480,"column":19}},"106":{"start":{"line":491,"column":8},"end":{"line":491,"column":52}},"107":{"start":{"line":493,"column":8},"end":{"line":493,"column":14921}},"108":{"start":{"line":496,"column":8},"end":{"line":496,"column":14985}},"109":{"start":{"line":497,"column":12},"end":{"line":497,"column":59}},"110":{"start":{"line":498,"column":12},"end":{"line":498,"column":68}},"111":{"start":{"line":500,"column":12},"end":{"line":500,"column":15146}},"112":{"start":{"line":515,"column":8},"end":{"line":515,"column":25}},"113":{"start":{"line":532,"column":8},"end":{"line":532,"column":50}},"114":{"start":{"line":534,"column":8},"end":{"line":534,"column":16250}},"115":{"start":{"line":543,"column":8},"end":{"line":543,"column":56}},"116":{"start":{"line":545,"column":8},"end":{"line":545,"column":32}},"117":{"start":{"line":558,"column":8},"end":{"line":558,"column":70}},"118":{"start":{"line":560,"column":8},"end":{"line":560,"column":17059}},"119":{"start":{"line":565,"column":8},"end":{"line":565,"column":17194}},"120":{"start":{"line":571,"column":8},"end":{"line":571,"column":66}},"121":{"start":{"line":573,"column":8},"end":{"line":573,"column":17470}},"122":{"start":{"line":574,"column":12},"end":{"line":574,"column":75}},"123":{"start":{"line":576,"column":12},"end":{"line":576,"column":17583}},"124":{"start":{"line":580,"column":16},"end":{"line":580,"column":74}},"125":{"start":{"line":583,"column":12},"end":{"line":583,"column":62}},"126":{"start":{"line":585,"column":12},"end":{"line":585,"column":70}},"127":{"start":{"line":587,"column":12},"end":{"line":587,"column":49}},"128":{"start":{"line":588,"column":12},"end":{"line":588,"column":61}},"129":{"start":{"line":589,"column":12},"end":{"line":589,"column":49}},"130":{"start":{"line":590,"column":12},"end":{"line":590,"column":49}},"131":{"start":{"line":591,"column":12},"end":{"line":591,"column":54}},"132":{"start":{"line":592,"column":12},"end":{"line":592,"column":30}},"133":{"start":{"line":594,"column":12},"end":{"line":594,"column":18312}},"134":{"start":{"line":595,"column":16},"end":{"line":595,"column":37}},"135":{"start":{"line":597,"column":12},"end":{"line":597,"column":61}},"136":{"start":{"line":599,"column":12},"end":{"line":599,"column":53}},"137":{"start":{"line":617,"column":8},"end":{"line":617,"column":45}},"138":{"start":{"line":619,"column":8},"end":{"line":619,"column":19191}},"139":{"start":{"line":624,"column":8},"end":{"line":624,"column":19381}},"140":{"start":{"line":625,"column":12},"end":{"line":625,"column":44}},"141":{"start":{"line":627,"column":12},"end":{"line":627,"column":19511}},"142":{"start":{"line":634,"column":8},"end":{"line":634,"column":48}},"143":{"start":{"line":636,"column":8},"end":{"line":636,"column":48}},"144":{"start":{"line":638,"column":8},"end":{"line":638,"column":28}},"145":{"start":{"line":651,"column":8},"end":{"line":651,"column":51}},"146":{"start":{"line":653,"column":8},"end":{"line":653,"column":20390}},"147":{"start":{"line":658,"column":8},"end":{"line":658,"column":29}},"148":{"start":{"line":660,"column":8},"end":{"line":660,"column":42}}},"branchMap":{"1":{"line":104,"type":"if","locations":[{"start":{"line":104,"column":8},"end":{"line":104,"column":8}},{"start":{"line":104,"column":8},"end":{"line":104,"column":8}}]},"2":{"line":110,"type":"if","locations":[{"start":{"line":110,"column":8},"end":{"line":110,"column":8}},{"start":{"line":110,"column":8},"end":{"line":110,"column":8}}]},"3":{"line":127,"type":"if","locations":[{"start":{"line":127,"column":8},"end":{"line":127,"column":8}},{"start":{"line":127,"column":8},"end":{"line":127,"column":8}}]},"4":{"line":154,"type":"if","locations":[{"start":{"line":154,"column":8},"end":{"line":154,"column":8}},{"start":{"line":154,"column":8},"end":{"line":154,"column":8}}]},"5":{"line":166,"type":"if","locations":[{"start":{"line":166,"column":8},"end":{"line":166,"column":8}},{"start":{"line":166,"column":8},"end":{"line":166,"column":8}}]},"6":{"line":178,"type":"if","locations":[{"start":{"line":178,"column":8},"end":{"line":178,"column":8}},{"start":{"line":178,"column":8},"end":{"line":178,"column":8}}]},"7":{"line":199,"type":"if","locations":[{"start":{"line":199,"column":8},"end":{"line":199,"column":8}},{"start":{"line":199,"column":8},"end":{"line":199,"column":8}}]},"8":{"line":221,"type":"if","locations":[{"start":{"line":221,"column":8},"end":{"line":221,"column":8}},{"start":{"line":221,"column":8},"end":{"line":221,"column":8}}]},"9":{"line":223,"type":"if","locations":[{"start":{"line":223,"column":8},"end":{"line":223,"column":8}},{"start":{"line":223,"column":8},"end":{"line":223,"column":8}}]},"10":{"line":248,"type":"if","locations":[{"start":{"line":248,"column":8},"end":{"line":248,"column":8}},{"start":{"line":248,"column":8},"end":{"line":248,"column":8}}]},"11":{"line":255,"type":"if","locations":[{"start":{"line":255,"column":8},"end":{"line":255,"column":8}},{"start":{"line":255,"column":8},"end":{"line":255,"column":8}}]},"12":{"line":257,"type":"if","locations":[{"start":{"line":257,"column":8},"end":{"line":257,"column":8}},{"start":{"line":257,"column":8},"end":{"line":257,"column":8}}]},"13":{"line":285,"type":"if","locations":[{"start":{"line":285,"column":8},"end":{"line":285,"column":8}},{"start":{"line":285,"column":8},"end":{"line":285,"column":8}}]},"14":{"line":287,"type":"if","locations":[{"start":{"line":287,"column":8},"end":{"line":287,"column":8}},{"start":{"line":287,"column":8},"end":{"line":287,"column":8}}]},"15":{"line":292,"type":"if","locations":[{"start":{"line":292,"column":8},"end":{"line":292,"column":8}},{"start":{"line":292,"column":8},"end":{"line":292,"column":8}}]},"16":{"line":300,"type":"if","locations":[{"start":{"line":300,"column":8},"end":{"line":300,"column":8}},{"start":{"line":300,"column":8},"end":{"line":300,"column":8}}]},"17":{"line":321,"type":"if","locations":[{"start":{"line":321,"column":8},"end":{"line":321,"column":8}},{"start":{"line":321,"column":8},"end":{"line":321,"column":8}}]},"18":{"line":326,"type":"if","locations":[{"start":{"line":326,"column":8},"end":{"line":326,"column":8}},{"start":{"line":326,"column":8},"end":{"line":326,"column":8}}]},"19":{"line":328,"type":"if","locations":[{"start":{"line":328,"column":8},"end":{"line":328,"column":8}},{"start":{"line":328,"column":8},"end":{"line":328,"column":8}}]},"20":{"line":333,"type":"if","locations":[{"start":{"line":333,"column":8},"end":{"line":333,"column":8}},{"start":{"line":333,"column":8},"end":{"line":333,"column":8}}]},"21":{"line":361,"type":"if","locations":[{"start":{"line":361,"column":8},"end":{"line":361,"column":8}},{"start":{"line":361,"column":8},"end":{"line":361,"column":8}}]},"22":{"line":366,"type":"if","locations":[{"start":{"line":366,"column":8},"end":{"line":366,"column":8}},{"start":{"line":366,"column":8},"end":{"line":366,"column":8}}]},"23":{"line":371,"type":"if","locations":[{"start":{"line":371,"column":8},"end":{"line":371,"column":8}},{"start":{"line":371,"column":8},"end":{"line":371,"column":8}}]},"24":{"line":373,"type":"if","locations":[{"start":{"line":373,"column":8},"end":{"line":373,"column":8}},{"start":{"line":373,"column":8},"end":{"line":373,"column":8}}]},"25":{"line":381,"type":"if","locations":[{"start":{"line":381,"column":8},"end":{"line":381,"column":8}},{"start":{"line":381,"column":8},"end":{"line":381,"column":8}}]},"26":{"line":389,"type":"if","locations":[{"start":{"line":389,"column":12},"end":{"line":389,"column":12}},{"start":{"line":389,"column":12},"end":{"line":389,"column":12}}]},"27":{"line":395,"type":"if","locations":[{"start":{"line":395,"column":12},"end":{"line":395,"column":12}},{"start":{"line":395,"column":12},"end":{"line":395,"column":12}}]},"28":{"line":422,"type":"if","locations":[{"start":{"line":422,"column":8},"end":{"line":422,"column":8}},{"start":{"line":422,"column":8},"end":{"line":422,"column":8}}]},"29":{"line":428,"type":"if","locations":[{"start":{"line":428,"column":8},"end":{"line":428,"column":8}},{"start":{"line":428,"column":8},"end":{"line":428,"column":8}}]},"30":{"line":457,"type":"if","locations":[{"start":{"line":457,"column":12},"end":{"line":457,"column":12}},{"start":{"line":457,"column":12},"end":{"line":457,"column":12}}]},"31":{"line":473,"type":"if","locations":[{"start":{"line":473,"column":12},"end":{"line":473,"column":12}},{"start":{"line":473,"column":12},"end":{"line":473,"column":12}}]},"32":{"line":496,"type":"if","locations":[{"start":{"line":496,"column":8},"end":{"line":496,"column":8}},{"start":{"line":496,"column":8},"end":{"line":496,"column":8}}]},"33":{"line":532,"type":"if","locations":[{"start":{"line":532,"column":8},"end":{"line":532,"column":8}},{"start":{"line":532,"column":8},"end":{"line":532,"column":8}}]},"34":{"line":560,"type":"if","locations":[{"start":{"line":560,"column":8},"end":{"line":560,"column":8}},{"start":{"line":560,"column":8},"end":{"line":560,"column":8}}]},"35":{"line":565,"type":"if","locations":[{"start":{"line":565,"column":8},"end":{"line":565,"column":8}},{"start":{"line":565,"column":8},"end":{"line":565,"column":8}}]},"36":{"line":571,"type":"if","locations":[{"start":{"line":571,"column":8},"end":{"line":571,"column":8}},{"start":{"line":571,"column":8},"end":{"line":571,"column":8}}]},"37":{"line":573,"type":"if","locations":[{"start":{"line":573,"column":8},"end":{"line":573,"column":8}},{"start":{"line":573,"column":8},"end":{"line":573,"column":8}}]},"38":{"line":594,"type":"if","locations":[{"start":{"line":594,"column":12},"end":{"line":594,"column":12}},{"start":{"line":594,"column":12},"end":{"line":594,"column":12}}]},"39":{"line":653,"type":"if","locations":[{"start":{"line":653,"column":8},"end":{"line":653,"column":8}},{"start":{"line":653,"column":8},"end":{"line":653,"column":8}}]}}}}